[DEBUG] Trying to get func ty of defid DefId(0:6 ~ deny_single_threaded_sqlite_config[9d18]::test_error_when_singlethread_mode#1)
[DEBUG] >> FOUND IT! It's Ty { property: FlowPair(Universal, Universal), kind: Fn([], Ty { property: FlowPair(Universal, Universal), kind: Infer }) }
[DEBUG] Checking binary expression with...
[DEBUG] > LHS: Expr { hir_id: HirId(DefId(0:6 ~ deny_single_threaded_sqlite_config[9d18]::test_error_when_singlethread_mode#1).6), kind: Call(Expr { hir_id: HirId(DefId(0:6 ~ deny_single_threaded_sqlite_config[9d18]::test_error_when_singlethread_mode#1).7), kind: Path(Resolved(None, Path { span: tests/deny_single_threaded_sqlite_config.rs:13:12: 13:31 (#0), res: Def(Fn, DefId(27:525 ~ libsqlite3_sys[1472]::bindings::{extern#15}::sqlite3_config)), segments: [PathSegment { ident: ffi#0, hir_id: HirId(DefId(0:6 ~ deny_single_threaded_sqlite_config[9d18]::test_error_when_singlethread_mode#1).8), res: Def(Mod, DefId(27:0 ~ libsqlite3_sys[1472])), args: None, infer_args: true }, PathSegment { ident: sqlite3_config#0, hir_id: HirId(DefId(0:6 ~ deny_single_threaded_sqlite_config[9d18]::test_error_when_singlethread_mode#1).9), res: Def(Fn, DefId(27:525 ~ libsqlite3_sys[1472]::bindings::{extern#15}::sqlite3_config)), args: None, infer_args: true }] })), span: tests/deny_single_threaded_sqlite_config.rs:13:12: 13:31 (#0) }, [Expr { hir_id: HirId(DefId(0:6 ~ deny_single_threaded_sqlite_config[9d18]::test_error_when_singlethread_mode#1).10), kind: Path(Resolved(None, Path { span: tests/deny_single_threaded_sqlite_config.rs:13:32: 13:63 (#0), res: Def(Const, DefId(27:290 ~ libsqlite3_sys[1472]::bindings::SQLITE_CONFIG_SINGLETHREAD)), segments: [PathSegment { ident: ffi#0, hir_id: HirId(DefId(0:6 ~ deny_single_threaded_sqlite_config[9d18]::test_error_when_singlethread_mode#1).11), res: Def(Mod, DefId(27:0 ~ libsqlite3_sys[1472])), args: None, infer_args: true }, PathSegment { ident: SQLITE_CONFIG_SINGLETHREAD#0, hir_id: HirId(DefId(0:6 ~ deny_single_threaded_sqlite_config[9d18]::test_error_when_singlethread_mode#1).12), res: Def(Const, DefId(27:290 ~ libsqlite3_sys[1472]::bindings::SQLITE_CONFIG_SINGLETHREAD)), args: None, infer_args: true }] })), span: tests/deny_single_threaded_sqlite_config.rs:13:32: 13:63 (#0) }]), span: tests/deny_single_threaded_sqlite_config.rs:13:12: 13:64 (#0) }
[DEBUG] > RHS: Expr { hir_id: HirId(DefId(0:6 ~ deny_single_threaded_sqlite_config[9d18]::test_error_when_singlethread_mode#1).13), kind: Path(Resolved(None, Path { span: tests/deny_single_threaded_sqlite_config.rs:13:68: 13:82 (#0), res: Def(Const, DefId(27:123 ~ libsqlite3_sys[1472]::bindings::SQLITE_OK)), segments: [PathSegment { ident: ffi#0, hir_id: HirId(DefId(0:6 ~ deny_single_threaded_sqlite_config[9d18]::test_error_when_singlethread_mode#1).14), res: Def(Mod, DefId(27:0 ~ libsqlite3_sys[1472])), args: None, infer_args: true }, PathSegment { ident: SQLITE_OK#0, hir_id: HirId(DefId(0:6 ~ deny_single_threaded_sqlite_config[9d18]::test_error_when_singlethread_mode#1).15), res: Def(Const, DefId(27:123 ~ libsqlite3_sys[1472]::bindings::SQLITE_OK)), args: None, infer_args: true }] })), span: tests/deny_single_threaded_sqlite_config.rs:13:68: 13:82 (#0) }
[DEBUG] Trying to get func ty of defid DefId(27:525 ~ libsqlite3_sys[1472]::bindings::{extern#15}::sqlite3_config)
[DEBUG] >> NOT FOUND! Getting extern def
[DEBUG] Done checking call expression with ret ty: Ty { property: FlowPair(Universal, Universal), kind: Infer }
[DEBUG]   > LHS Type is: Ty { property: FlowPair(Universal, Universal), kind: Infer }
[DEBUG]   > RHS Type is: Ty { property: FlowPair(Specific({"root"}), Specific({"root"})), kind: Infer }
[DEBUG] Checking `if` influenced by Ty { property: FlowPair(Universal, Universal), kind: Infer }
[DEBUG] Trying to get func ty of defid DefId(27:517 ~ libsqlite3_sys[1472]::bindings::{extern#11}::sqlite3_initialize)
[DEBUG] >> NOT FOUND! Getting extern def
[DEBUG] Done checking call expression with ret ty: Ty { property: FlowPair(Universal, Universal), kind: Infer }
[DEBUG] Checking binary expression with...
[DEBUG] > LHS: Expr { hir_id: HirId(DefId(0:6 ~ deny_single_threaded_sqlite_config[9d18]::test_error_when_singlethread_mode#1).41), kind: Unary(Deref, Expr { hir_id: HirId(DefId(0:6 ~ deny_single_threaded_sqlite_config[9d18]::test_error_when_singlethread_mode#1).42), kind: Path(Resolved(None, Path { span: /Users/georgeberdovskiy/.rustup/toolchains/nightly-aarch64-apple-darwin/lib/rustlib/src/rust/library/core/src/macros/mod.rs:46:23: 46:31 (#5), res: Local(HirId(DefId(0:6 ~ deny_single_threaded_sqlite_config[9d18]::test_error_when_singlethread_mode#1).33)), segments: [PathSegment { ident: left_val#5, hir_id: HirId(DefId(0:6 ~ deny_single_threaded_sqlite_config[9d18]::test_error_when_singlethread_mode#1).43), res: Local(HirId(DefId(0:6 ~ deny_single_threaded_sqlite_config[9d18]::test_error_when_singlethread_mode#1).33)), args: None, infer_args: true }] })), span: /Users/georgeberdovskiy/.rustup/toolchains/nightly-aarch64-apple-darwin/lib/rustlib/src/rust/library/core/src/macros/mod.rs:46:23: 46:31 (#5) }), span: /Users/georgeberdovskiy/.rustup/toolchains/nightly-aarch64-apple-darwin/lib/rustlib/src/rust/library/core/src/macros/mod.rs:46:22: 46:31 (#5) }
[DEBUG] > RHS: Expr { hir_id: HirId(DefId(0:6 ~ deny_single_threaded_sqlite_config[9d18]::test_error_when_singlethread_mode#1).44), kind: Unary(Deref, Expr { hir_id: HirId(DefId(0:6 ~ deny_single_threaded_sqlite_config[9d18]::test_error_when_singlethread_mode#1).45), kind: Path(Resolved(None, Path { span: /Users/georgeberdovskiy/.rustup/toolchains/nightly-aarch64-apple-darwin/lib/rustlib/src/rust/library/core/src/macros/mod.rs:46:36: 46:45 (#5), res: Local(HirId(DefId(0:6 ~ deny_single_threaded_sqlite_config[9d18]::test_error_when_singlethread_mode#1).34)), segments: [PathSegment { ident: right_val#5, hir_id: HirId(DefId(0:6 ~ deny_single_threaded_sqlite_config[9d18]::test_error_when_singlethread_mode#1).46), res: Local(HirId(DefId(0:6 ~ deny_single_threaded_sqlite_config[9d18]::test_error_when_singlethread_mode#1).34)), args: None, infer_args: true }] })), span: /Users/georgeberdovskiy/.rustup/toolchains/nightly-aarch64-apple-darwin/lib/rustlib/src/rust/library/core/src/macros/mod.rs:46:36: 46:45 (#5) }), span: /Users/georgeberdovskiy/.rustup/toolchains/nightly-aarch64-apple-darwin/lib/rustlib/src/rust/library/core/src/macros/mod.rs:46:35: 46:45 (#5) }
[DEBUG]   > LHS Type is: Ty { property: FlowPair(Universal, Universal), kind: Infer }
[DEBUG]   > RHS Type is: Ty { property: FlowPair(Specific({"root"}), Specific({"root"})), kind: Infer }
[DEBUG] Checking `if` influenced by Ty { property: FlowPair(Universal, Universal), kind: Infer }
[DEBUG] Trying to get func ty of defid DefId(2:10038 ~ core[7d5a]::panicking::assert_failed)
[DEBUG] >> NOT FOUND! Getting extern def
[DEBUG] Done checking call expression with ret ty: Ty { property: FlowPair(Universal, Universal), kind: Infer }
[DEBUG] Trying to get func ty of defid DefId(24:942 ~ rusqlite[4e2c]::{impl#4}::open_in_memory)
[DEBUG] >> NOT FOUND! Getting extern def
[DEBUG] Done checking call expression with ret ty: Ty { property: FlowPair(Universal, Universal), kind: Infer }
[DEBUG] Trying to get func ty of defid DefId(2:10422 ~ core[7d5a]::result::{impl#0}::unwrap_err)
[DEBUG] >> NOT FOUND! Getting extern def
[DEBUG] Trying to get func ty of defid DefId(0:9 ~ deny_single_threaded_sqlite_config[9d18]::main)
[DEBUG] >> FOUND IT! It's Ty { property: FlowPair(Universal, Universal), kind: Fn([], Ty { property: FlowPair(Universal, Universal), kind: Infer }) }
[DEBUG] Trying to get func ty of defid DefId(20:841 ~ test[522f]::test_main_static)
[DEBUG] >> NOT FOUND! Getting extern def
[DEBUG] Done checking call expression with ret ty: Ty { property: FlowPair(Universal, Universal), kind: Infer }
