[DEBUG] Trying to get func ty of defid DefId(0:15 ~ form_urlencoded[181d]::parse)
[DEBUG] >> FOUND IT! It's Ty { property: FlowPair(Universal, Universal), kind: Fn([Ty { property: FlowPair(Universal, Universal), kind: Infer }], Ty { property: FlowPair(Universal, Universal), kind: Infer }) }
[DEBUG] Trying to get func ty of defid DefId(0:98 ~ form_urlencoded[181d]::{impl#8}::clone)
[DEBUG] >> FOUND IT! It's Ty { property: FlowPair(Universal, Universal), kind: Fn([Ty { property: FlowPair(Universal, Universal), kind: Infer }], Ty { property: FlowPair(Universal, Universal), kind: Infer }) }
[DEBUG] Trying to get func ty of defid DefId(0:19 ~ form_urlencoded[181d]::{impl#0}::next)
[DEBUG] >> FOUND IT! It's Ty { property: FlowPair(Universal, Universal), kind: Fn([Ty { property: FlowPair(Universal, Universal), kind: Infer }], Ty { property: FlowPair(Universal, Universal), kind: Infer }) }
[DEBUG] Trying to get func ty of defid DefId(1:13229 ~ core[7d5a]::slice::{impl#0}::is_empty)
[DEBUG] >> NOT FOUND! Getting extern def
[DEBUG] Checking `if` influenced by Ty { property: FlowPair(Universal, Universal), kind: Infer }
[DEBUG] Trying to get func ty of defid DefId(1:13344 ~ core[7d5a]::slice::{impl#0}::splitn)
[DEBUG] >> NOT FOUND! Getting extern def
[DEBUG] Checking binary expression with...
[DEBUG] > LHS: Expr { hir_id: HirId(DefId(0:19 ~ form_urlencoded[181d]::{impl#0}::next).30), kind: Path(Resolved(None, Path { span: /Users/georgeberdovskiy/.cargo/registry/src/index.crates.io-6f17d22bba15001f/form_urlencoded-1.2.1/src/lib.rs:56:56: 56:57 (#0), res: Local(HirId(DefId(0:19 ~ form_urlencoded[181d]::{impl#0}::next).27)), segments: [PathSegment { ident: b#0, hir_id: HirId(DefId(0:19 ~ form_urlencoded[181d]::{impl#0}::next).31), res: Local(HirId(DefId(0:19 ~ form_urlencoded[181d]::{impl#0}::next).27)), args: None, infer_args: true }] })), span: /Users/georgeberdovskiy/.cargo/registry/src/index.crates.io-6f17d22bba15001f/form_urlencoded-1.2.1/src/lib.rs:56:56: 56:57 (#0) }
[DEBUG] > RHS: Expr { hir_id: HirId(DefId(0:19 ~ form_urlencoded[181d]::{impl#0}::next).32), kind: Lit(Spanned { node: Byte(38), span: /Users/georgeberdovskiy/.cargo/registry/src/index.crates.io-6f17d22bba15001f/form_urlencoded-1.2.1/src/lib.rs:56:61: 56:65 (#0) }), span: /Users/georgeberdovskiy/.cargo/registry/src/index.crates.io-6f17d22bba15001f/form_urlencoded-1.2.1/src/lib.rs:56:61: 56:65 (#0) }
[DEBUG] [WARN] Silently failed to get type of local var
[DEBUG]   > LHS Type is: Ty { property: FlowPair(Specific({"form_urlencoded"}), Specific({"form_urlencoded"})), kind: Infer }
[DEBUG]   > RHS Type is: Ty { property: FlowPair(Specific({"form_urlencoded"}), Specific({"form_urlencoded"})), kind: Infer }
[DEBUG] Trying to get func ty of defid DefId(1:9670 ~ core[7d5a]::option::{impl#0}::unwrap)
[DEBUG] >> NOT FOUND! Getting extern def
[DEBUG] Trying to get func ty of defid DefId(1:8890 ~ core[7d5a]::iter::traits::iterator::Iterator::next)
[DEBUG] >> NOT FOUND! Getting extern def
[DEBUG] Trying to get func ty of defid DefId(1:9671 ~ core[7d5a]::option::{impl#0}::unwrap_or)
[DEBUG] >> NOT FOUND! Getting extern def
[DEBUG] Trying to get func ty of defid DefId(1:8890 ~ core[7d5a]::iter::traits::iterator::Iterator::next)
[DEBUG] >> FOUND IT! It's Ty { property: FlowPair(Universal, Universal), kind: Fn([Ty { property: FlowPair(Universal, Universal), kind: Infer }], Ty { property: FlowPair(Universal, Universal), kind: Infer }) }
[DEBUG] Trying to get func ty of defid DefId(1:13229 ~ core[7d5a]::slice::{impl#0}::is_empty)
[DEBUG] >> FOUND IT! It's Ty { property: FlowPair(Universal, Universal), kind: Fn([Ty { property: FlowPair(Universal, Universal), kind: Infer }], Ty { property: FlowPair(Universal, Universal), kind: Infer }) }
[DEBUG] Checking `if` influenced by Ty { property: FlowPair(Universal, Universal), kind: Infer }
[DEBUG] Trying to get func ty of defid DefId(1:13344 ~ core[7d5a]::slice::{impl#0}::splitn)
[DEBUG] >> FOUND IT! It's Ty { property: FlowPair(Universal, Universal), kind: Fn([Ty { property: FlowPair(Universal, Universal), kind: Infer }, Ty { property: FlowPair(Universal, Universal), kind: Infer }, Ty { property: FlowPair(Universal, Universal), kind: Infer }], Ty { property: FlowPair(Universal, Universal), kind: Infer }) }
[DEBUG] Checking binary expression with...
[DEBUG] > LHS: Expr { hir_id: HirId(DefId(0:19 ~ form_urlencoded[181d]::{impl#0}::next).82), kind: Path(Resolved(None, Path { span: /Users/georgeberdovskiy/.cargo/registry/src/index.crates.io-6f17d22bba15001f/form_urlencoded-1.2.1/src/lib.rs:62:54: 62:55 (#0), res: Local(HirId(DefId(0:19 ~ form_urlencoded[181d]::{impl#0}::next).79)), segments: [PathSegment { ident: b#0, hir_id: HirId(DefId(0:19 ~ form_urlencoded[181d]::{impl#0}::next).83), res: Local(HirId(DefId(0:19 ~ form_urlencoded[181d]::{impl#0}::next).79)), args: None, infer_args: true }] })), span: /Users/georgeberdovskiy/.cargo/registry/src/index.crates.io-6f17d22bba15001f/form_urlencoded-1.2.1/src/lib.rs:62:54: 62:55 (#0) }
[DEBUG] > RHS: Expr { hir_id: HirId(DefId(0:19 ~ form_urlencoded[181d]::{impl#0}::next).84), kind: Lit(Spanned { node: Byte(61), span: /Users/georgeberdovskiy/.cargo/registry/src/index.crates.io-6f17d22bba15001f/form_urlencoded-1.2.1/src/lib.rs:62:59: 62:63 (#0) }), span: /Users/georgeberdovskiy/.cargo/registry/src/index.crates.io-6f17d22bba15001f/form_urlencoded-1.2.1/src/lib.rs:62:59: 62:63 (#0) }
[DEBUG] [WARN] Silently failed to get type of local var
[DEBUG]   > LHS Type is: Ty { property: FlowPair(Specific({"form_urlencoded"}), Specific({"form_urlencoded"})), kind: Infer }
[DEBUG]   > RHS Type is: Ty { property: FlowPair(Specific({"form_urlencoded"}), Specific({"form_urlencoded"})), kind: Infer }
[DEBUG] Trying to get func ty of defid DefId(1:9670 ~ core[7d5a]::option::{impl#0}::unwrap)
[DEBUG] >> FOUND IT! It's Ty { property: FlowPair(Universal, Universal), kind: Fn([Ty { property: FlowPair(Universal, Universal), kind: Infer }], Ty { property: FlowPair(Universal, Universal), kind: Infer }) }
[DEBUG] Trying to get func ty of defid DefId(1:8890 ~ core[7d5a]::iter::traits::iterator::Iterator::next)
[DEBUG] >> FOUND IT! It's Ty { property: FlowPair(Universal, Universal), kind: Fn([Ty { property: FlowPair(Universal, Universal), kind: Infer }], Ty { property: FlowPair(Universal, Universal), kind: Infer }) }
[DEBUG] Trying to get func ty of defid DefId(1:9671 ~ core[7d5a]::option::{impl#0}::unwrap_or)
[DEBUG] >> FOUND IT! It's Ty { property: FlowPair(Universal, Universal), kind: Fn([Ty { property: FlowPair(Universal, Universal), kind: Infer }, Ty { property: FlowPair(Universal, Universal), kind: Infer }], Ty { property: FlowPair(Universal, Universal), kind: Infer }) }
[DEBUG] Trying to get func ty of defid DefId(1:8890 ~ core[7d5a]::iter::traits::iterator::Iterator::next)
[DEBUG] >> FOUND IT! It's Ty { property: FlowPair(Universal, Universal), kind: Fn([Ty { property: FlowPair(Universal, Universal), kind: Infer }], Ty { property: FlowPair(Universal, Universal), kind: Infer }) }
[DEBUG] Trying to get func ty of defid DefId(0:22 ~ form_urlencoded[181d]::decode)
[DEBUG] >> NOT FOUND! Getting extern def
[DEBUG] Done checking call expression with ret ty: Ty { property: FlowPair(Universal, Universal), kind: Infer }
[DEBUG] Trying to get func ty of defid DefId(0:22 ~ form_urlencoded[181d]::decode)
[DEBUG] >> FOUND IT! It's Ty { property: FlowPair(Universal, Universal), kind: Fn([Ty { property: FlowPair(Universal, Universal), kind: Infer }], Ty { property: FlowPair(Universal, Universal), kind: Infer }) }
[DEBUG] Done checking call expression with ret ty: Ty { property: FlowPair(Universal, Universal), kind: Infer }
[DEBUG] [WARN] Silently failed to get type of local var
[DEBUG] [WARN] Silently failed to get type of local var
[DEBUG] Trying to get func ty of defid DefId(0:22 ~ form_urlencoded[181d]::decode)
[DEBUG] >> FOUND IT! It's Ty { property: FlowPair(Universal, Universal), kind: Fn([Ty { property: FlowPair(Universal, Universal), kind: Infer }], Ty { property: FlowPair(Universal, Universal), kind: Infer }) }
[DEBUG] Trying to get func ty of defid DefId(0:23 ~ form_urlencoded[181d]::replace_plus)
[DEBUG] >> NOT FOUND! Getting extern def
[DEBUG] Done checking call expression with ret ty: Ty { property: FlowPair(Universal, Universal), kind: Infer }
[DEBUG] Trying to get func ty of defid DefId(0:88 ~ form_urlencoded[181d]::decode_utf8_lossy)
[DEBUG] >> NOT FOUND! Getting extern def
[DEBUG] Trying to get func ty of defid DefId(1:3163 ~ core[7d5a]::convert::Into::into)
[DEBUG] >> NOT FOUND! Getting extern def
[DEBUG] Trying to get func ty of defid DefId(20:50 ~ percent_encoding[200d]::percent_decode)
[DEBUG] >> NOT FOUND! Getting extern def
[DEBUG] Done checking call expression with ret ty: Ty { property: FlowPair(Universal, Universal), kind: Infer }
[DEBUG] Done checking call expression with ret ty: Ty { property: FlowPair(Universal, Universal), kind: Infer }
[DEBUG] Trying to get func ty of defid DefId(0:23 ~ form_urlencoded[181d]::replace_plus)
[DEBUG] >> FOUND IT! It's Ty { property: FlowPair(Universal, Universal), kind: Fn([Ty { property: FlowPair(Universal, Universal), kind: Infer }], Ty { property: FlowPair(Universal, Universal), kind: Infer }) }
[DEBUG] Trying to get func ty of defid DefId(1:9048 ~ core[7d5a]::iter::traits::iterator::Iterator::position)
[DEBUG] >> NOT FOUND! Getting extern def
[DEBUG] Trying to get func ty of defid DefId(1:13287 ~ core[7d5a]::slice::{impl#0}::iter)
[DEBUG] >> NOT FOUND! Getting extern def
[DEBUG] Checking binary expression with...
[DEBUG] > LHS: Expr { hir_id: HirId(DefId(0:23 ~ form_urlencoded[181d]::replace_plus).15), kind: Path(Resolved(None, Path { span: /Users/georgeberdovskiy/.cargo/registry/src/index.crates.io-6f17d22bba15001f/form_urlencoded-1.2.1/src/lib.rs:80:38: 80:39 (#0), res: Local(HirId(DefId(0:23 ~ form_urlencoded[181d]::replace_plus).12)), segments: [PathSegment { ident: b#0, hir_id: HirId(DefId(0:23 ~ form_urlencoded[181d]::replace_plus).16), res: Local(HirId(DefId(0:23 ~ form_urlencoded[181d]::replace_plus).12)), args: None, infer_args: true }] })), span: /Users/georgeberdovskiy/.cargo/registry/src/index.crates.io-6f17d22bba15001f/form_urlencoded-1.2.1/src/lib.rs:80:38: 80:39 (#0) }
[DEBUG] > RHS: Expr { hir_id: HirId(DefId(0:23 ~ form_urlencoded[181d]::replace_plus).17), kind: Lit(Spanned { node: Byte(43), span: /Users/georgeberdovskiy/.cargo/registry/src/index.crates.io-6f17d22bba15001f/form_urlencoded-1.2.1/src/lib.rs:80:43: 80:47 (#0) }), span: /Users/georgeberdovskiy/.cargo/registry/src/index.crates.io-6f17d22bba15001f/form_urlencoded-1.2.1/src/lib.rs:80:43: 80:47 (#0) }
[DEBUG] [WARN] Silently failed to get type of local var
[DEBUG]   > LHS Type is: Ty { property: FlowPair(Specific({"form_urlencoded"}), Specific({"form_urlencoded"})), kind: Infer }
[DEBUG]   > RHS Type is: Ty { property: FlowPair(Specific({"form_urlencoded"}), Specific({"form_urlencoded"})), kind: Infer }
[DEBUG] Trying to get func ty of defid DefId(5:820 ~ alloc[5873]::borrow::ToOwned::to_owned)
[DEBUG] >> NOT FOUND! Getting extern def
[DEBUG] Checking binary expression with...
[DEBUG] > LHS: Expr { hir_id: HirId(DefId(0:23 ~ form_urlencoded[181d]::replace_plus).67), kind: Unary(Deref, Expr { hir_id: HirId(DefId(0:23 ~ form_urlencoded[181d]::replace_plus).68), kind: Path(Resolved(None, Path { span: /Users/georgeberdovskiy/.cargo/registry/src/index.crates.io-6f17d22bba15001f/form_urlencoded-1.2.1/src/lib.rs:86:21: 86:25 (#0), res: Local(HirId(DefId(0:23 ~ form_urlencoded[181d]::replace_plus).58)), segments: [PathSegment { ident: byte#0, hir_id: HirId(DefId(0:23 ~ form_urlencoded[181d]::replace_plus).69), res: Local(HirId(DefId(0:23 ~ form_urlencoded[181d]::replace_plus).58)), args: None, infer_args: true }] })), span: /Users/georgeberdovskiy/.cargo/registry/src/index.crates.io-6f17d22bba15001f/form_urlencoded-1.2.1/src/lib.rs:86:21: 86:25 (#0) }), span: /Users/georgeberdovskiy/.cargo/registry/src/index.crates.io-6f17d22bba15001f/form_urlencoded-1.2.1/src/lib.rs:86:20: 86:25 (#0) }
[DEBUG] > RHS: Expr { hir_id: HirId(DefId(0:23 ~ form_urlencoded[181d]::replace_plus).70), kind: Lit(Spanned { node: Byte(43), span: /Users/georgeberdovskiy/.cargo/registry/src/index.crates.io-6f17d22bba15001f/form_urlencoded-1.2.1/src/lib.rs:86:29: 86:33 (#0) }), span: /Users/georgeberdovskiy/.cargo/registry/src/index.crates.io-6f17d22bba15001f/form_urlencoded-1.2.1/src/lib.rs:86:29: 86:33 (#0) }
[DEBUG]   > LHS Type is: Ty { property: FlowPair(Universal, Universal), kind: Infer }
[DEBUG]   > RHS Type is: Ty { property: FlowPair(Specific({"form_urlencoded"}), Universal), kind: Infer }
[DEBUG] Checking `if` influenced by Ty { property: FlowPair(Universal, Universal), kind: Infer }
[DEBUG] [WARN] Silently failed to get type of local var
[DEBUG] Trying to get func ty of defid DefId(0:27 ~ form_urlencoded[181d]::{impl#1}::into_owned)
[DEBUG] >> FOUND IT! It's Ty { property: FlowPair(Universal, Universal), kind: Fn([Ty { property: FlowPair(Universal, Universal), kind: Infer }], Ty { property: FlowPair(Universal, Universal), kind: Infer }) }
[DEBUG] Trying to get func ty of defid DefId(0:34 ~ form_urlencoded[181d]::{impl#2}::next)
[DEBUG] >> FOUND IT! It's Ty { property: FlowPair(Universal, Universal), kind: Fn([Ty { property: FlowPair(Universal, Universal), kind: Infer }], Ty { property: FlowPair(Universal, Universal), kind: Infer }) }
[DEBUG] Trying to get func ty of defid DefId(1:9676 ~ core[7d5a]::option::{impl#0}::map)
[DEBUG] >> NOT FOUND! Getting extern def
[DEBUG] Trying to get func ty of defid DefId(1:8890 ~ core[7d5a]::iter::traits::iterator::Iterator::next)
[DEBUG] >> FOUND IT! It's Ty { property: FlowPair(Universal, Universal), kind: Fn([Ty { property: FlowPair(Universal, Universal), kind: Infer }], Ty { property: FlowPair(Universal, Universal), kind: Infer }) }
[DEBUG] Trying to get func ty of defid DefId(5:845 ~ alloc[5873]::borrow::{impl#3}::into_owned)
[DEBUG] >> NOT FOUND! Getting extern def
[DEBUG] [WARN] Silently failed to get type of local var
[DEBUG] Trying to get func ty of defid DefId(5:845 ~ alloc[5873]::borrow::{impl#3}::into_owned)
[DEBUG] >> FOUND IT! It's Ty { property: FlowPair(Universal, Universal), kind: Fn([Ty { property: FlowPair(Universal, Universal), kind: Infer }], Ty { property: FlowPair(Universal, Universal), kind: Infer }) }
[DEBUG] [WARN] Silently failed to get type of local var
[DEBUG] [WARN] Silently failed to get type of local var
[DEBUG] [WARN] Silently failed to get type of local var
[DEBUG] Trying to get func ty of defid DefId(0:36 ~ form_urlencoded[181d]::byte_serialize)
[DEBUG] >> FOUND IT! It's Ty { property: FlowPair(Universal, Universal), kind: Fn([Ty { property: FlowPair(Universal, Universal), kind: Infer }], Ty { property: FlowPair(Universal, Universal), kind: Infer }) }
[DEBUG] Trying to get func ty of defid DefId(0:104 ~ form_urlencoded[181d]::{impl#9}::fmt)
[DEBUG] >> FOUND IT! It's Ty { property: FlowPair(Universal, Universal), kind: Fn([Ty { property: FlowPair(Universal, Universal), kind: Infer }, Ty { property: FlowPair(Universal, Universal), kind: Infer }], Ty { property: FlowPair(Universal, Universal), kind: Infer }) }
[DEBUG] Trying to get func ty of defid DefId(1:11196 ~ core[7d5a]::fmt::{impl#9}::debug_struct_field1_finish)
[DEBUG] >> NOT FOUND! Getting extern def
[DEBUG] Done checking call expression with ret ty: Ty { property: FlowPair(Universal, Universal), kind: Infer }
[DEBUG] Trying to get func ty of defid DefId(0:37 ~ form_urlencoded[181d]::byte_serialized_unchanged)
[DEBUG] >> FOUND IT! It's Ty { property: FlowPair(Universal, Universal), kind: Fn([Ty { property: FlowPair(Universal, Universal), kind: Infer }], Ty { property: FlowPair(Universal, Universal), kind: Infer }) }
[DEBUG] Trying to get func ty of defid DefId(0:41 ~ form_urlencoded[181d]::{impl#3}::next)
[DEBUG] >> FOUND IT! It's Ty { property: FlowPair(Universal, Universal), kind: Fn([Ty { property: FlowPair(Universal, Universal), kind: Infer }], Ty { property: FlowPair(Universal, Universal), kind: Infer }) }
[DEBUG] Trying to get func ty of defid DefId(1:13232 ~ core[7d5a]::slice::{impl#0}::split_first)
[DEBUG] >> NOT FOUND! Getting extern def
[DEBUG] Checking `if` influenced by Ty { property: FlowPair(Universal, Universal), kind: Infer }
[DEBUG] Trying to get func ty of defid DefId(0:37 ~ form_urlencoded[181d]::byte_serialized_unchanged)
[DEBUG] >> FOUND IT! It's Ty { property: FlowPair(Universal, Universal), kind: Fn([Ty { property: FlowPair(Universal, Universal), kind: Infer }], Ty { property: FlowPair(Universal, Universal), kind: Infer }) }
[DEBUG] Done checking call expression with ret ty: Ty { property: FlowPair(Universal, Universal), kind: Infer }
[DEBUG] Checking `if` influenced by Ty { property: FlowPair(Universal, Universal), kind: Infer }
[DEBUG] Checking binary expression with...
[DEBUG] > LHS: Expr { hir_id: HirId(DefId(0:41 ~ form_urlencoded[181d]::{impl#3}::next).37), kind: Path(Resolved(None, Path { span: /Users/georgeberdovskiy/.cargo/registry/src/index.crates.io-6f17d22bba15001f/form_urlencoded-1.2.1/src/lib.rs:142:32: 142:37 (#0), res: Local(HirId(DefId(0:41 ~ form_urlencoded[181d]::{impl#3}::next).6)), segments: [PathSegment { ident: first#0, hir_id: HirId(DefId(0:41 ~ form_urlencoded[181d]::{impl#3}::next).38), res: Local(HirId(DefId(0:41 ~ form_urlencoded[181d]::{impl#3}::next).6)), args: None, infer_args: true }] })), span: /Users/georgeberdovskiy/.cargo/registry/src/index.crates.io-6f17d22bba15001f/form_urlencoded-1.2.1/src/lib.rs:142:32: 142:37 (#0) }
[DEBUG] > RHS: Expr { hir_id: HirId(DefId(0:41 ~ form_urlencoded[181d]::{impl#3}::next).39), kind: Lit(Spanned { node: Byte(32), span: /Users/georgeberdovskiy/.cargo/registry/src/index.crates.io-6f17d22bba15001f/form_urlencoded-1.2.1/src/lib.rs:142:41: 142:45 (#0) }), span: /Users/georgeberdovskiy/.cargo/registry/src/index.crates.io-6f17d22bba15001f/form_urlencoded-1.2.1/src/lib.rs:142:41: 142:45 (#0) }
[DEBUG]   > LHS Type is: Ty { property: FlowPair(Universal, Universal), kind: Infer }
[DEBUG]   > RHS Type is: Ty { property: FlowPair(Specific({"form_urlencoded"}), Universal), kind: Infer }
[DEBUG] Checking `if` influenced by Ty { property: FlowPair(Universal, Universal), kind: Infer }
[DEBUG] Trying to get func ty of defid DefId(20:31 ~ percent_encoding[200d]::percent_encode_byte)
[DEBUG] >> NOT FOUND! Getting extern def
[DEBUG] Done checking call expression with ret ty: Ty { property: FlowPair(Universal, Universal), kind: Infer }
[DEBUG] Trying to get func ty of defid DefId(1:9048 ~ core[7d5a]::iter::traits::iterator::Iterator::position)
[DEBUG] >> FOUND IT! It's Ty { property: FlowPair(Universal, Universal), kind: Fn([Ty { property: FlowPair(Universal, Universal), kind: Infer }, Ty { property: FlowPair(Universal, Universal), kind: Infer }], Ty { property: FlowPair(Universal, Universal), kind: Infer }) }
[DEBUG] Trying to get func ty of defid DefId(1:13287 ~ core[7d5a]::slice::{impl#0}::iter)
[DEBUG] >> FOUND IT! It's Ty { property: FlowPair(Universal, Universal), kind: Fn([Ty { property: FlowPair(Universal, Universal), kind: Infer }], Ty { property: FlowPair(Universal, Universal), kind: Infer }) }
[DEBUG] Trying to get func ty of defid DefId(0:37 ~ form_urlencoded[181d]::byte_serialized_unchanged)
[DEBUG] >> FOUND IT! It's Ty { property: FlowPair(Universal, Universal), kind: Fn([Ty { property: FlowPair(Universal, Universal), kind: Infer }], Ty { property: FlowPair(Universal, Universal), kind: Infer }) }
[DEBUG] [WARN] Silently failed to get type of local var
[DEBUG] Done checking call expression with ret ty: Ty { property: FlowPair(Universal, Universal), kind: Infer }
[DEBUG] Trying to get func ty of defid DefId(1:13326 ~ core[7d5a]::slice::{impl#0}::split_at)
[DEBUG] >> NOT FOUND! Getting extern def
[DEBUG] Checking binary expression with...
[DEBUG] > LHS: Expr { hir_id: HirId(DefId(0:41 ~ form_urlencoded[181d]::{impl#3}::next).89), kind: Lit(Spanned { node: Int(Pu128(1), Unsuffixed), span: /Users/georgeberdovskiy/.cargo/registry/src/index.crates.io-6f17d22bba15001f/form_urlencoded-1.2.1/src/lib.rs:151:48: 151:49 (#0) }), span: /Users/georgeberdovskiy/.cargo/registry/src/index.crates.io-6f17d22bba15001f/form_urlencoded-1.2.1/src/lib.rs:151:48: 151:49 (#0) }
[DEBUG] > RHS: Expr { hir_id: HirId(DefId(0:41 ~ form_urlencoded[181d]::{impl#3}::next).90), kind: Path(Resolved(None, Path { span: /Users/georgeberdovskiy/.cargo/registry/src/index.crates.io-6f17d22bba15001f/form_urlencoded-1.2.1/src/lib.rs:151:52: 151:53 (#0), res: Local(HirId(DefId(0:41 ~ form_urlencoded[181d]::{impl#3}::next).80)), segments: [PathSegment { ident: i#0, hir_id: HirId(DefId(0:41 ~ form_urlencoded[181d]::{impl#3}::next).91), res: Local(HirId(DefId(0:41 ~ form_urlencoded[181d]::{impl#3}::next).80)), args: None, infer_args: true }] })), span: /Users/georgeberdovskiy/.cargo/registry/src/index.crates.io-6f17d22bba15001f/form_urlencoded-1.2.1/src/lib.rs:151:52: 151:53 (#0) }
[DEBUG]   > LHS Type is: Ty { property: FlowPair(Universal, Universal), kind: Infer }
[DEBUG]   > RHS Type is: Ty { property: FlowPair(Universal, Universal), kind: Infer }
[DEBUG] Trying to get func ty of defid DefId(1:13520 ~ core[7d5a]::str::converts::from_utf8_unchecked)
[DEBUG] >> NOT FOUND! Getting extern def
[DEBUG] Done checking call expression with ret ty: Ty { property: FlowPair(Universal, Universal), kind: Infer }
[DEBUG] Trying to get func ty of defid DefId(0:43 ~ form_urlencoded[181d]::{impl#3}::size_hint)
[DEBUG] >> FOUND IT! It's Ty { property: FlowPair(Universal, Universal), kind: Fn([Ty { property: FlowPair(Universal, Universal), kind: Infer }], Ty { property: FlowPair(Universal, Universal), kind: Infer }) }
[DEBUG] Trying to get func ty of defid DefId(1:13229 ~ core[7d5a]::slice::{impl#0}::is_empty)
[DEBUG] >> FOUND IT! It's Ty { property: FlowPair(Universal, Universal), kind: Fn([Ty { property: FlowPair(Universal, Universal), kind: Infer }], Ty { property: FlowPair(Universal, Universal), kind: Infer }) }
[DEBUG] Checking `if` influenced by Ty { property: FlowPair(Universal, Universal), kind: Infer }
[DEBUG] Trying to get func ty of defid DefId(1:13228 ~ core[7d5a]::slice::{impl#0}::len)
[DEBUG] >> NOT FOUND! Getting extern def
[DEBUG] [WARN] Silently failed to get type of local var
[DEBUG] Trying to get func ty of defid DefId(0:55 ~ form_urlencoded[181d]::{impl#4}::as_mut_string)
[DEBUG] >> FOUND IT! It's Ty { property: FlowPair(Universal, Universal), kind: Fn([Ty { property: FlowPair(Universal, Universal), kind: Infer }], Ty { property: FlowPair(Universal, Universal), kind: Infer }) }
[DEBUG] Trying to get func ty of defid DefId(0:56 ~ form_urlencoded[181d]::{impl#4}::finish)
[DEBUG] >> FOUND IT! It's Ty { property: FlowPair(Universal, Universal), kind: Fn([Ty { property: FlowPair(Universal, Universal), kind: Infer }], Ty { property: FlowPair(Universal, Universal), kind: Infer }) }
[DEBUG] Trying to get func ty of defid DefId(0:60 ~ form_urlencoded[181d]::{impl#5}::as_mut_string)
[DEBUG] >> FOUND IT! It's Ty { property: FlowPair(Universal, Universal), kind: Fn([Ty { property: FlowPair(Universal, Universal), kind: Infer }], Ty { property: FlowPair(Universal, Universal), kind: Infer }) }
[DEBUG] Trying to get func ty of defid DefId(0:61 ~ form_urlencoded[181d]::{impl#5}::finish)
[DEBUG] >> FOUND IT! It's Ty { property: FlowPair(Universal, Universal), kind: Fn([Ty { property: FlowPair(Universal, Universal), kind: Infer }], Ty { property: FlowPair(Universal, Universal), kind: Infer }) }
[DEBUG] Trying to get func ty of defid DefId(0:66 ~ form_urlencoded[181d]::{impl#6}::new)
[DEBUG] >> FOUND IT! It's Ty { property: FlowPair(Universal, Universal), kind: Fn([Ty { property: FlowPair(Universal, Universal), kind: Infer }], Ty { property: FlowPair(Universal, Universal), kind: Infer }) }
[DEBUG] Trying to get func ty of defid DefId(0:67 ~ form_urlencoded[181d]::{impl#6}::for_suffix)
[DEBUG] >> NOT FOUND! Getting extern def
[DEBUG] Done checking call expression with ret ty: Ty { property: FlowPair(Universal, Universal), kind: Infer }
[DEBUG] Trying to get func ty of defid DefId(0:67 ~ form_urlencoded[181d]::{impl#6}::for_suffix)
[DEBUG] >> FOUND IT! It's Ty { property: FlowPair(Universal, Universal), kind: Fn([Ty { property: FlowPair(Universal, Universal), kind: Infer }, Ty { property: FlowPair(Universal, Universal), kind: Infer }], Ty { property: FlowPair(Universal, Universal), kind: Infer }) }
[DEBUG] Checking binary expression with...
[DEBUG] > LHS: Expr { hir_id: HirId(DefId(0:67 ~ form_urlencoded[181d]::{impl#6}::for_suffix).7), kind: MethodCall(PathSegment { ident: len#0, hir_id: HirId(DefId(0:67 ~ form_urlencoded[181d]::{impl#6}::for_suffix).8), res: Err, args: None, infer_args: true }, Expr { hir_id: HirId(DefId(0:67 ~ form_urlencoded[181d]::{impl#6}::for_suffix).9), kind: MethodCall(PathSegment { ident: as_mut_string#0, hir_id: HirId(DefId(0:67 ~ form_urlencoded[181d]::{impl#6}::for_suffix).10), res: Err, args: None, infer_args: true }, Expr { hir_id: HirId(DefId(0:67 ~ form_urlencoded[181d]::{impl#6}::for_suffix).11), kind: Path(Resolved(None, Path { span: /Users/georgeberdovskiy/.cargo/registry/src/index.crates.io-6f17d22bba15001f/form_urlencoded-1.2.1/src/lib.rs:223:12: 223:18 (#0), res: Local(HirId(DefId(0:67 ~ form_urlencoded[181d]::{impl#6}::for_suffix).2)), segments: [PathSegment { ident: target#0, hir_id: HirId(DefId(0:67 ~ form_urlencoded[181d]::{impl#6}::for_suffix).12), res: Local(HirId(DefId(0:67 ~ form_urlencoded[181d]::{impl#6}::for_suffix).2)), args: None, infer_args: true }] })), span: /Users/georgeberdovskiy/.cargo/registry/src/index.crates.io-6f17d22bba15001f/form_urlencoded-1.2.1/src/lib.rs:223:12: 223:18 (#0) }, [], /Users/georgeberdovskiy/.cargo/registry/src/index.crates.io-6f17d22bba15001f/form_urlencoded-1.2.1/src/lib.rs:223:19: 223:34 (#0)), span: /Users/georgeberdovskiy/.cargo/registry/src/index.crates.io-6f17d22bba15001f/form_urlencoded-1.2.1/src/lib.rs:223:12: 223:34 (#0) }, [], /Users/georgeberdovskiy/.cargo/registry/src/index.crates.io-6f17d22bba15001f/form_urlencoded-1.2.1/src/lib.rs:223:35: 223:40 (#0)), span: /Users/georgeberdovskiy/.cargo/registry/src/index.crates.io-6f17d22bba15001f/form_urlencoded-1.2.1/src/lib.rs:223:12: 223:40 (#0) }
[DEBUG] > RHS: Expr { hir_id: HirId(DefId(0:67 ~ form_urlencoded[181d]::{impl#6}::for_suffix).13), kind: Path(Resolved(None, Path { span: /Users/georgeberdovskiy/.cargo/registry/src/index.crates.io-6f17d22bba15001f/form_urlencoded-1.2.1/src/lib.rs:223:43: 223:57 (#0), res: Local(HirId(DefId(0:67 ~ form_urlencoded[181d]::{impl#6}::for_suffix).4)), segments: [PathSegment { ident: start_position#0, hir_id: HirId(DefId(0:67 ~ form_urlencoded[181d]::{impl#6}::for_suffix).14), res: Local(HirId(DefId(0:67 ~ form_urlencoded[181d]::{impl#6}::for_suffix).4)), args: None, infer_args: true }] })), span: /Users/georgeberdovskiy/.cargo/registry/src/index.crates.io-6f17d22bba15001f/form_urlencoded-1.2.1/src/lib.rs:223:43: 223:57 (#0) }
[DEBUG] Trying to get func ty of defid DefId(5:6025 ~ alloc[5873]::string::{impl#0}::len)
[DEBUG] >> NOT FOUND! Getting extern def
[DEBUG] Trying to get func ty of defid DefId(0:51 ~ form_urlencoded[181d]::Target::as_mut_string)
[DEBUG] >> NOT FOUND! Getting extern def
[DEBUG]   > LHS Type is: Ty { property: FlowPair(Universal, Universal), kind: Infer }
[DEBUG]   > RHS Type is: Ty { property: FlowPair(Universal, Universal), kind: Infer }
[DEBUG] Checking `if` influenced by Ty { property: FlowPair(Universal, Universal), kind: Infer }
[DEBUG] Trying to get func ty of defid DefId(1:10015 ~ core[7d5a]::panicking::panic_fmt)
[DEBUG] >> NOT FOUND! Getting extern def
[DEBUG] Trying to get func ty of defid DefId(1:11117 ~ core[7d5a]::fmt::{impl#2}::new_v1)
[DEBUG] >> NOT FOUND! Getting extern def
[DEBUG] Trying to get func ty of defid DefId(1:11032 ~ core[7d5a]::fmt::rt::{impl#1}::new_display)
[DEBUG] >> NOT FOUND! Getting extern def
[DEBUG] Done checking call expression with ret ty: Ty { property: FlowPair(Universal, Universal), kind: Infer }
[DEBUG] Trying to get func ty of defid DefId(1:11032 ~ core[7d5a]::fmt::rt::{impl#1}::new_display)
[DEBUG] >> FOUND IT! It's Ty { property: FlowPair(Universal, Universal), kind: Fn([Ty { property: FlowPair(Universal, Universal), kind: Infer }], Ty { property: FlowPair(Universal, Universal), kind: Infer }) }
[DEBUG] Trying to get func ty of defid DefId(5:6025 ~ alloc[5873]::string::{impl#0}::len)
[DEBUG] >> FOUND IT! It's Ty { property: FlowPair(Universal, Universal), kind: Fn([Ty { property: FlowPair(Universal, Universal), kind: Infer }], Ty { property: FlowPair(Universal, Universal), kind: Infer }) }
[DEBUG] Trying to get func ty of defid DefId(0:51 ~ form_urlencoded[181d]::Target::as_mut_string)
[DEBUG] >> FOUND IT! It's Ty { property: FlowPair(Universal, Universal), kind: Fn([Ty { property: FlowPair(Universal, Universal), kind: Infer }], Ty { property: FlowPair(Universal, Universal), kind: Infer }) }
[DEBUG] Done checking call expression with ret ty: Ty { property: FlowPair(Universal, Universal), kind: Infer }
[DEBUG] Done checking call expression with ret ty: Ty { property: FlowPair(Universal, Universal), kind: Infer }
[DEBUG] Done checking call expression with ret ty: Ty { property: FlowPair(Universal, Universal), kind: Infer }
[DEBUG] Trying to get func ty of defid DefId(0:68 ~ form_urlencoded[181d]::{impl#6}::clear)
[DEBUG] >> FOUND IT! It's Ty { property: FlowPair(Universal, Universal), kind: Fn([Ty { property: FlowPair(Universal, Universal), kind: Infer }], Ty { property: FlowPair(Universal, Universal), kind: Infer }) }
[DEBUG] Trying to get func ty of defid DefId(5:6003 ~ alloc[5873]::string::{impl#0}::truncate)
[DEBUG] >> NOT FOUND! Getting extern def
[DEBUG] Trying to get func ty of defid DefId(0:81 ~ form_urlencoded[181d]::string)
[DEBUG] >> NOT FOUND! Getting extern def
[DEBUG] Done checking call expression with ret ty: Ty { property: FlowPair(Universal, Universal), kind: Infer }
[DEBUG] Trying to get func ty of defid DefId(0:69 ~ form_urlencoded[181d]::{impl#6}::encoding_override)
[DEBUG] >> FOUND IT! It's Ty { property: FlowPair(Universal, Universal), kind: Fn([Ty { property: FlowPair(Universal, Universal), kind: Infer }, Ty { property: FlowPair(Universal, Universal), kind: Infer }], Ty { property: FlowPair(Universal, Universal), kind: Infer }) }
[DEBUG] Trying to get func ty of defid DefId(0:70 ~ form_urlencoded[181d]::{impl#6}::append_pair)
[DEBUG] >> FOUND IT! It's Ty { property: FlowPair(Universal, Universal), kind: Fn([Ty { property: FlowPair(Universal, Universal), kind: Infer }, Ty { property: FlowPair(Universal, Universal), kind: Infer }, Ty { property: FlowPair(Universal, Universal), kind: Infer }], Ty { property: FlowPair(Universal, Universal), kind: Infer }) }
[DEBUG] Trying to get func ty of defid DefId(0:83 ~ form_urlencoded[181d]::append_pair)
[DEBUG] >> NOT FOUND! Getting extern def
[DEBUG] Trying to get func ty of defid DefId(0:81 ~ form_urlencoded[181d]::string)
[DEBUG] >> FOUND IT! It's Ty { property: FlowPair(Universal, Universal), kind: Fn([Ty { property: FlowPair(Universal, Universal), kind: Infer }], Ty { property: FlowPair(Universal, Universal), kind: Infer }) }
[DEBUG] Done checking call expression with ret ty: Ty { property: FlowPair(Universal, Universal), kind: Infer }
[DEBUG] Done checking call expression with ret ty: Ty { property: FlowPair(Universal, Universal), kind: Infer }
[DEBUG] Trying to get func ty of defid DefId(0:71 ~ form_urlencoded[181d]::{impl#6}::append_key_only)
[DEBUG] >> FOUND IT! It's Ty { property: FlowPair(Universal, Universal), kind: Fn([Ty { property: FlowPair(Universal, Universal), kind: Infer }, Ty { property: FlowPair(Universal, Universal), kind: Infer }], Ty { property: FlowPair(Universal, Universal), kind: Infer }) }
[DEBUG] Trying to get func ty of defid DefId(0:84 ~ form_urlencoded[181d]::append_key_only)
[DEBUG] >> NOT FOUND! Getting extern def
[DEBUG] Trying to get func ty of defid DefId(0:81 ~ form_urlencoded[181d]::string)
[DEBUG] >> FOUND IT! It's Ty { property: FlowPair(Universal, Universal), kind: Fn([Ty { property: FlowPair(Universal, Universal), kind: Infer }], Ty { property: FlowPair(Universal, Universal), kind: Infer }) }
[DEBUG] Done checking call expression with ret ty: Ty { property: FlowPair(Universal, Universal), kind: Infer }
[DEBUG] Done checking call expression with ret ty: Ty { property: FlowPair(Universal, Universal), kind: Infer }
[DEBUG] Trying to get func ty of defid DefId(0:72 ~ form_urlencoded[181d]::{impl#6}::extend_pairs)
[DEBUG] >> FOUND IT! It's Ty { property: FlowPair(Universal, Universal), kind: Fn([Ty { property: FlowPair(Universal, Universal), kind: Infer }, Ty { property: FlowPair(Universal, Universal), kind: Infer }], Ty { property: FlowPair(Universal, Universal), kind: Infer }) }
[DEBUG] Trying to get func ty of defid DefId(0:81 ~ form_urlencoded[181d]::string)
[DEBUG] >> FOUND IT! It's Ty { property: FlowPair(Universal, Universal), kind: Fn([Ty { property: FlowPair(Universal, Universal), kind: Infer }], Ty { property: FlowPair(Universal, Universal), kind: Infer }) }
[DEBUG] Done checking call expression with ret ty: Ty { property: FlowPair(Universal, Universal), kind: Infer }
[DEBUG] Trying to get func ty of defid DefId(1:2868 ~ core[7d5a]::borrow::Borrow::borrow)
[DEBUG] >> NOT FOUND! Getting extern def
[DEBUG] Trying to get func ty of defid DefId(0:83 ~ form_urlencoded[181d]::append_pair)
[DEBUG] >> FOUND IT! It's Ty { property: FlowPair(Universal, Universal), kind: Fn([Ty { property: FlowPair(Universal, Universal), kind: Infer }, Ty { property: FlowPair(Universal, Universal), kind: Infer }, Ty { property: FlowPair(Universal, Universal), kind: Infer }, Ty { property: FlowPair(Universal, Universal), kind: Infer }, Ty { property: FlowPair(Universal, Universal), kind: Infer }], Ty { property: FlowPair(Universal, Universal), kind: Infer }) }
[DEBUG] Trying to get func ty of defid DefId(1:3157 ~ core[7d5a]::convert::AsRef::as_ref)
[DEBUG] >> NOT FOUND! Getting extern def
[DEBUG] Trying to get func ty of defid DefId(1:3157 ~ core[7d5a]::convert::AsRef::as_ref)
[DEBUG] >> FOUND IT! It's Ty { property: FlowPair(Universal, Universal), kind: Fn([Ty { property: FlowPair(Universal, Universal), kind: Infer }], Ty { property: FlowPair(Universal, Universal), kind: Infer }) }
[DEBUG] Done checking call expression with ret ty: Ty { property: FlowPair(Universal, Universal), kind: Infer }
[DEBUG] Trying to get func ty of defid DefId(0:76 ~ form_urlencoded[181d]::{impl#6}::extend_keys_only)
[DEBUG] >> FOUND IT! It's Ty { property: FlowPair(Universal, Universal), kind: Fn([Ty { property: FlowPair(Universal, Universal), kind: Infer }, Ty { property: FlowPair(Universal, Universal), kind: Infer }], Ty { property: FlowPair(Universal, Universal), kind: Infer }) }
[DEBUG] Trying to get func ty of defid DefId(0:81 ~ form_urlencoded[181d]::string)
[DEBUG] >> FOUND IT! It's Ty { property: FlowPair(Universal, Universal), kind: Fn([Ty { property: FlowPair(Universal, Universal), kind: Infer }], Ty { property: FlowPair(Universal, Universal), kind: Infer }) }
[DEBUG] Done checking call expression with ret ty: Ty { property: FlowPair(Universal, Universal), kind: Infer }
[DEBUG] Trying to get func ty of defid DefId(1:3157 ~ core[7d5a]::convert::AsRef::as_ref)
[DEBUG] >> FOUND IT! It's Ty { property: FlowPair(Universal, Universal), kind: Fn([Ty { property: FlowPair(Universal, Universal), kind: Infer }], Ty { property: FlowPair(Universal, Universal), kind: Infer }) }
[DEBUG] Trying to get func ty of defid DefId(1:2868 ~ core[7d5a]::borrow::Borrow::borrow)
[DEBUG] >> FOUND IT! It's Ty { property: FlowPair(Universal, Universal), kind: Fn([Ty { property: FlowPair(Universal, Universal), kind: Infer }], Ty { property: FlowPair(Universal, Universal), kind: Infer }) }
[DEBUG] Trying to get func ty of defid DefId(0:84 ~ form_urlencoded[181d]::append_key_only)
[DEBUG] >> FOUND IT! It's Ty { property: FlowPair(Universal, Universal), kind: Fn([Ty { property: FlowPair(Universal, Universal), kind: Infer }, Ty { property: FlowPair(Universal, Universal), kind: Infer }, Ty { property: FlowPair(Universal, Universal), kind: Infer }, Ty { property: FlowPair(Universal, Universal), kind: Infer }], Ty { property: FlowPair(Universal, Universal), kind: Infer }) }
[DEBUG] Done checking call expression with ret ty: Ty { property: FlowPair(Universal, Universal), kind: Infer }
[DEBUG] Trying to get func ty of defid DefId(0:79 ~ form_urlencoded[181d]::{impl#6}::finish)
[DEBUG] >> FOUND IT! It's Ty { property: FlowPair(Universal, Universal), kind: Fn([Ty { property: FlowPair(Universal, Universal), kind: Infer }], Ty { property: FlowPair(Universal, Universal), kind: Infer }) }
[DEBUG] Trying to get func ty of defid DefId(0:52 ~ form_urlencoded[181d]::Target::finish)
[DEBUG] >> NOT FOUND! Getting extern def
[DEBUG] Trying to get func ty of defid DefId(1:9669 ~ core[7d5a]::option::{impl#0}::expect)
[DEBUG] >> NOT FOUND! Getting extern def
[DEBUG] Trying to get func ty of defid DefId(1:9713 ~ core[7d5a]::option::{impl#0}::take)
[DEBUG] >> NOT FOUND! Getting extern def
[DEBUG] Trying to get func ty of defid DefId(0:80 ~ form_urlencoded[181d]::append_separator_if_needed)
[DEBUG] >> FOUND IT! It's Ty { property: FlowPair(Universal, Universal), kind: Fn([Ty { property: FlowPair(Universal, Universal), kind: Infer }, Ty { property: FlowPair(Universal, Universal), kind: Infer }], Ty { property: FlowPair(Universal, Universal), kind: Infer }) }
[DEBUG] Checking binary expression with...
[DEBUG] > LHS: Expr { hir_id: HirId(DefId(0:80 ~ form_urlencoded[181d]::append_separator_if_needed).7), kind: MethodCall(PathSegment { ident: len#0, hir_id: HirId(DefId(0:80 ~ form_urlencoded[181d]::append_separator_if_needed).8), res: Err, args: None, infer_args: true }, Expr { hir_id: HirId(DefId(0:80 ~ form_urlencoded[181d]::append_separator_if_needed).9), kind: Path(Resolved(None, Path { span: /Users/georgeberdovskiy/.cargo/registry/src/index.crates.io-6f17d22bba15001f/form_urlencoded-1.2.1/src/lib.rs:353:8: 353:14 (#0), res: Local(HirId(DefId(0:80 ~ form_urlencoded[181d]::append_separator_if_needed).2)), segments: [PathSegment { ident: string#0, hir_id: HirId(DefId(0:80 ~ form_urlencoded[181d]::append_separator_if_needed).10), res: Local(HirId(DefId(0:80 ~ form_urlencoded[181d]::append_separator_if_needed).2)), args: None, infer_args: true }] })), span: /Users/georgeberdovskiy/.cargo/registry/src/index.crates.io-6f17d22bba15001f/form_urlencoded-1.2.1/src/lib.rs:353:8: 353:14 (#0) }, [], /Users/georgeberdovskiy/.cargo/registry/src/index.crates.io-6f17d22bba15001f/form_urlencoded-1.2.1/src/lib.rs:353:15: 353:20 (#0)), span: /Users/georgeberdovskiy/.cargo/registry/src/index.crates.io-6f17d22bba15001f/form_urlencoded-1.2.1/src/lib.rs:353:8: 353:20 (#0) }
[DEBUG] > RHS: Expr { hir_id: HirId(DefId(0:80 ~ form_urlencoded[181d]::append_separator_if_needed).11), kind: Path(Resolved(None, Path { span: /Users/georgeberdovskiy/.cargo/registry/src/index.crates.io-6f17d22bba15001f/form_urlencoded-1.2.1/src/lib.rs:353:23: 353:37 (#0), res: Local(HirId(DefId(0:80 ~ form_urlencoded[181d]::append_separator_if_needed).4)), segments: [PathSegment { ident: start_position#0, hir_id: HirId(DefId(0:80 ~ form_urlencoded[181d]::append_separator_if_needed).12), res: Local(HirId(DefId(0:80 ~ form_urlencoded[181d]::append_separator_if_needed).4)), args: None, infer_args: true }] })), span: /Users/georgeberdovskiy/.cargo/registry/src/index.crates.io-6f17d22bba15001f/form_urlencoded-1.2.1/src/lib.rs:353:23: 353:37 (#0) }
[DEBUG] Trying to get func ty of defid DefId(5:6025 ~ alloc[5873]::string::{impl#0}::len)
[DEBUG] >> FOUND IT! It's Ty { property: FlowPair(Universal, Universal), kind: Fn([Ty { property: FlowPair(Universal, Universal), kind: Infer }], Ty { property: FlowPair(Universal, Universal), kind: Infer }) }
[DEBUG]   > LHS Type is: Ty { property: FlowPair(Universal, Universal), kind: Infer }
[DEBUG]   > RHS Type is: Ty { property: FlowPair(Universal, Universal), kind: Infer }
[DEBUG] Checking `if` influenced by Ty { property: FlowPair(Universal, Universal), kind: Infer }
[DEBUG] Trying to get func ty of defid DefId(5:6000 ~ alloc[5873]::string::{impl#0}::push)
[DEBUG] >> NOT FOUND! Getting extern def
[DEBUG] Trying to get func ty of defid DefId(0:81 ~ form_urlencoded[181d]::string)
[DEBUG] >> FOUND IT! It's Ty { property: FlowPair(Universal, Universal), kind: Fn([Ty { property: FlowPair(Universal, Universal), kind: Infer }], Ty { property: FlowPair(Universal, Universal), kind: Infer }) }
[DEBUG] Trying to get func ty of defid DefId(0:51 ~ form_urlencoded[181d]::Target::as_mut_string)
[DEBUG] >> FOUND IT! It's Ty { property: FlowPair(Universal, Universal), kind: Fn([Ty { property: FlowPair(Universal, Universal), kind: Infer }], Ty { property: FlowPair(Universal, Universal), kind: Infer }) }
[DEBUG] Trying to get func ty of defid DefId(1:9669 ~ core[7d5a]::option::{impl#0}::expect)
[DEBUG] >> FOUND IT! It's Ty { property: FlowPair(Universal, Universal), kind: Fn([Ty { property: FlowPair(Universal, Universal), kind: Infer }, Ty { property: FlowPair(Universal, Universal), kind: Infer }], Ty { property: FlowPair(Universal, Universal), kind: Infer }) }
[DEBUG] Trying to get func ty of defid DefId(1:9663 ~ core[7d5a]::option::{impl#0}::as_mut)
[DEBUG] >> NOT FOUND! Getting extern def
[DEBUG] Trying to get func ty of defid DefId(0:83 ~ form_urlencoded[181d]::append_pair)
[DEBUG] >> FOUND IT! It's Ty { property: FlowPair(Universal, Universal), kind: Fn([Ty { property: FlowPair(Universal, Universal), kind: Infer }, Ty { property: FlowPair(Universal, Universal), kind: Infer }, Ty { property: FlowPair(Universal, Universal), kind: Infer }, Ty { property: FlowPair(Universal, Universal), kind: Infer }, Ty { property: FlowPair(Universal, Universal), kind: Infer }], Ty { property: FlowPair(Universal, Universal), kind: Infer }) }
[DEBUG] Trying to get func ty of defid DefId(0:80 ~ form_urlencoded[181d]::append_separator_if_needed)
[DEBUG] >> FOUND IT! It's Ty { property: FlowPair(Universal, Universal), kind: Fn([Ty { property: FlowPair(Universal, Universal), kind: Infer }, Ty { property: FlowPair(Universal, Universal), kind: Infer }], Ty { property: FlowPair(Universal, Universal), kind: Infer }) }
[DEBUG] Done checking call expression with ret ty: Ty { property: FlowPair(Universal, Universal), kind: Infer }
[DEBUG] Trying to get func ty of defid DefId(0:85 ~ form_urlencoded[181d]::append_encoded)
[DEBUG] >> NOT FOUND! Getting extern def
[DEBUG] Done checking call expression with ret ty: Ty { property: FlowPair(Universal, Universal), kind: Infer }
[DEBUG] Trying to get func ty of defid DefId(5:6000 ~ alloc[5873]::string::{impl#0}::push)
[DEBUG] >> FOUND IT! It's Ty { property: FlowPair(Universal, Universal), kind: Fn([Ty { property: FlowPair(Universal, Universal), kind: Infer }, Ty { property: FlowPair(Universal, Universal), kind: Infer }], Ty { property: FlowPair(Universal, Universal), kind: Infer }) }
[DEBUG] Trying to get func ty of defid DefId(0:85 ~ form_urlencoded[181d]::append_encoded)
[DEBUG] >> FOUND IT! It's Ty { property: FlowPair(Universal, Universal), kind: Fn([Ty { property: FlowPair(Universal, Universal), kind: Infer }, Ty { property: FlowPair(Universal, Universal), kind: Infer }, Ty { property: FlowPair(Universal, Universal), kind: Infer }], Ty { property: FlowPair(Universal, Universal), kind: Infer }) }
[DEBUG] Done checking call expression with ret ty: Ty { property: FlowPair(Universal, Universal), kind: Infer }
[DEBUG] Trying to get func ty of defid DefId(0:84 ~ form_urlencoded[181d]::append_key_only)
[DEBUG] >> FOUND IT! It's Ty { property: FlowPair(Universal, Universal), kind: Fn([Ty { property: FlowPair(Universal, Universal), kind: Infer }, Ty { property: FlowPair(Universal, Universal), kind: Infer }, Ty { property: FlowPair(Universal, Universal), kind: Infer }, Ty { property: FlowPair(Universal, Universal), kind: Infer }], Ty { property: FlowPair(Universal, Universal), kind: Infer }) }
[DEBUG] Trying to get func ty of defid DefId(0:80 ~ form_urlencoded[181d]::append_separator_if_needed)
[DEBUG] >> FOUND IT! It's Ty { property: FlowPair(Universal, Universal), kind: Fn([Ty { property: FlowPair(Universal, Universal), kind: Infer }, Ty { property: FlowPair(Universal, Universal), kind: Infer }], Ty { property: FlowPair(Universal, Universal), kind: Infer }) }
[DEBUG] Done checking call expression with ret ty: Ty { property: FlowPair(Universal, Universal), kind: Infer }
[DEBUG] Trying to get func ty of defid DefId(0:85 ~ form_urlencoded[181d]::append_encoded)
[DEBUG] >> FOUND IT! It's Ty { property: FlowPair(Universal, Universal), kind: Fn([Ty { property: FlowPair(Universal, Universal), kind: Infer }, Ty { property: FlowPair(Universal, Universal), kind: Infer }, Ty { property: FlowPair(Universal, Universal), kind: Infer }], Ty { property: FlowPair(Universal, Universal), kind: Infer }) }
[DEBUG] Done checking call expression with ret ty: Ty { property: FlowPair(Universal, Universal), kind: Infer }
[DEBUG] Trying to get func ty of defid DefId(0:85 ~ form_urlencoded[181d]::append_encoded)
[DEBUG] >> FOUND IT! It's Ty { property: FlowPair(Universal, Universal), kind: Fn([Ty { property: FlowPair(Universal, Universal), kind: Infer }, Ty { property: FlowPair(Universal, Universal), kind: Infer }, Ty { property: FlowPair(Universal, Universal), kind: Infer }], Ty { property: FlowPair(Universal, Universal), kind: Infer }) }
[DEBUG] Trying to get func ty of defid DefId(1:8717 ~ core[7d5a]::iter::traits::collect::Extend::extend)
[DEBUG] >> NOT FOUND! Getting extern def
[DEBUG] Trying to get func ty of defid DefId(0:36 ~ form_urlencoded[181d]::byte_serialize)
[DEBUG] >> FOUND IT! It's Ty { property: FlowPair(Universal, Universal), kind: Fn([Ty { property: FlowPair(Universal, Universal), kind: Infer }], Ty { property: FlowPair(Universal, Universal), kind: Infer }) }
[DEBUG] Trying to get func ty of defid DefId(0:86 ~ form_urlencoded[181d]::encode)
[DEBUG] >> NOT FOUND! Getting extern def
[DEBUG] Done checking call expression with ret ty: Ty { property: FlowPair(Universal, Universal), kind: Infer }
[DEBUG] Done checking call expression with ret ty: Ty { property: FlowPair(Universal, Universal), kind: Infer }
[DEBUG] Trying to get func ty of defid DefId(0:86 ~ form_urlencoded[181d]::encode)
[DEBUG] >> FOUND IT! It's Ty { property: FlowPair(Universal, Universal), kind: Fn([Ty { property: FlowPair(Universal, Universal), kind: Infer }, Ty { property: FlowPair(Universal, Universal), kind: Infer }], Ty { property: FlowPair(Universal, Universal), kind: Infer }) }
[DEBUG] Checking `if` influenced by Ty { property: FlowPair(Universal, Universal), kind: Infer }
[WARN] Cannot tell if expression is a function - Expr { hir_id: HirId(DefId(0:86 ~ form_urlencoded[181d]::encode).14), kind: Path(Resolved(None, Path { span: /Users/georgeberdovskiy/.cargo/registry/src/index.crates.io-6f17d22bba15001f/form_urlencoded-1.2.1/src/lib.rs:394:16: 394:17 (#0), res: Local(HirId(DefId(0:86 ~ form_urlencoded[181d]::encode).8)), segments: [PathSegment { ident: o#0, hir_id: HirId(DefId(0:86 ~ form_urlencoded[181d]::encode).15), res: Local(HirId(DefId(0:86 ~ form_urlencoded[181d]::encode).8)), args: None, infer_args: true }] })), span: /Users/georgeberdovskiy/.cargo/registry/src/index.crates.io-6f17d22bba15001f/form_urlencoded-1.2.1/src/lib.rs:394:16: 394:17 (#0) }
[DEBUG] Trying to get func ty of defid DefId(1:3163 ~ core[7d5a]::convert::Into::into)
[DEBUG] >> FOUND IT! It's Ty { property: FlowPair(Universal, Universal), kind: Fn([Ty { property: FlowPair(Universal, Universal), kind: Infer }], Ty { property: FlowPair(Universal, Universal), kind: Infer }) }
[DEBUG] Trying to get func ty of defid DefId(1:14306 ~ core[7d5a]::str::{impl#0}::as_bytes)
[DEBUG] >> NOT FOUND! Getting extern def
[WARN] Cannot tell if expression is a function - Expr { hir_id: HirId(DefId(0:86 ~ form_urlencoded[181d]::encode).14), kind: Path(Resolved(None, Path { span: /Users/georgeberdovskiy/.cargo/registry/src/index.crates.io-6f17d22bba15001f/form_urlencoded-1.2.1/src/lib.rs:394:16: 394:17 (#0), res: Local(HirId(DefId(0:86 ~ form_urlencoded[181d]::encode).8)), segments: [PathSegment { ident: o#0, hir_id: HirId(DefId(0:86 ~ form_urlencoded[181d]::encode).15), res: Local(HirId(DefId(0:86 ~ form_urlencoded[181d]::encode).8)), args: None, infer_args: true }] })), span: /Users/georgeberdovskiy/.cargo/registry/src/index.crates.io-6f17d22bba15001f/form_urlencoded-1.2.1/src/lib.rs:394:16: 394:17 (#0) }
[DEBUG] Trying to get func ty of defid DefId(0:88 ~ form_urlencoded[181d]::decode_utf8_lossy)
[DEBUG] >> FOUND IT! It's Ty { property: FlowPair(Universal, Universal), kind: Fn([Ty { property: FlowPair(Universal, Universal), kind: Infer }], Ty { property: FlowPair(Universal, Universal), kind: Infer }) }
[DEBUG] Trying to get func ty of defid DefId(5:5967 ~ alloc[5873]::string::{impl#0}::from_utf8_lossy)
[DEBUG] >> NOT FOUND! Getting extern def
[DEBUG] Done checking call expression with ret ty: Ty { property: FlowPair(Universal, Universal), kind: Infer }
[DEBUG] Trying to get func ty of defid DefId(5:5967 ~ alloc[5873]::string::{impl#0}::from_utf8_lossy)
[DEBUG] >> FOUND IT! It's Ty { property: FlowPair(Universal, Universal), kind: Fn([Ty { property: FlowPair(Universal, Universal), kind: Infer }], Ty { property: FlowPair(Universal, Universal), kind: Infer }) }
[DEBUG] Done checking call expression with ret ty: Ty { property: FlowPair(Universal, Universal), kind: Infer }
[DEBUG] Trying to get func ty of defid DefId(1:14306 ~ core[7d5a]::str::{impl#0}::as_bytes)
[DEBUG] >> FOUND IT! It's Ty { property: FlowPair(Universal, Universal), kind: Fn([Ty { property: FlowPair(Universal, Universal), kind: Infer }], Ty { property: FlowPair(Universal, Universal), kind: Infer }) }
[DEBUG] Checking `if` influenced by Ty { property: FlowPair(Specific({"form_urlencoded"}), Universal), kind: Infer }
[DEBUG] Checking binary expression with...
[DEBUG] > LHS: Expr { hir_id: HirId(DefId(0:88 ~ form_urlencoded[181d]::decode_utf8_lossy).56), kind: Path(Resolved(None, Path { span: /Users/georgeberdovskiy/.cargo/registry/src/index.crates.io-6f17d22bba15001f/form_urlencoded-1.2.1/src/lib.rs:414:35: 414:43 (#0), res: Local(HirId(DefId(0:88 ~ form_urlencoded[181d]::decode_utf8_lossy).49)), segments: [PathSegment { ident: raw_utf8#0, hir_id: HirId(DefId(0:88 ~ form_urlencoded[181d]::decode_utf8_lossy).57), res: Local(HirId(DefId(0:88 ~ form_urlencoded[181d]::decode_utf8_lossy).49)), args: None, infer_args: true }] })), span: /Users/georgeberdovskiy/.cargo/registry/src/index.crates.io-6f17d22bba15001f/form_urlencoded-1.2.1/src/lib.rs:414:35: 414:43 (#0) }
[DEBUG] > RHS: Expr { hir_id: HirId(DefId(0:88 ~ form_urlencoded[181d]::decode_utf8_lossy).58), kind: Cast(Expr { hir_id: HirId(DefId(0:88 ~ form_urlencoded[181d]::decode_utf8_lossy).59), kind: AddrOf(Ref, Not, Expr { hir_id: HirId(DefId(0:88 ~ form_urlencoded[181d]::decode_utf8_lossy).60), kind: Unary(Deref, Expr { hir_id: HirId(DefId(0:88 ~ form_urlencoded[181d]::decode_utf8_lossy).61), kind: Path(Resolved(None, Path { span: /Users/georgeberdovskiy/.cargo/registry/src/index.crates.io-6f17d22bba15001f/form_urlencoded-1.2.1/src/lib.rs:414:49: 414:54 (#0), res: Local(HirId(DefId(0:88 ~ form_urlencoded[181d]::decode_utf8_lossy).20)), segments: [PathSegment { ident: bytes#0, hir_id: HirId(DefId(0:88 ~ form_urlencoded[181d]::decode_utf8_lossy).62), res: Local(HirId(DefId(0:88 ~ form_urlencoded[181d]::decode_utf8_lossy).20)), args: None, infer_args: true }] })), span: /Users/georgeberdovskiy/.cargo/registry/src/index.crates.io-6f17d22bba15001f/form_urlencoded-1.2.1/src/lib.rs:414:49: 414:54 (#0) }), span: /Users/georgeberdovskiy/.cargo/registry/src/index.crates.io-6f17d22bba15001f/form_urlencoded-1.2.1/src/lib.rs:414:48: 414:54 (#0) }), span: /Users/georgeberdovskiy/.cargo/registry/src/index.crates.io-6f17d22bba15001f/form_urlencoded-1.2.1/src/lib.rs:414:47: 414:54 (#0) }, Ty { hir_id: HirId(DefId(0:88 ~ form_urlencoded[181d]::decode_utf8_lossy).66), kind: Ptr(MutTy { ty: Ty { hir_id: HirId(DefId(0:88 ~ form_urlencoded[181d]::decode_utf8_lossy).65), kind: Slice(Ty { hir_id: HirId(DefId(0:88 ~ form_urlencoded[181d]::decode_utf8_lossy).63), kind: Path(Resolved(None, Path { span: /Users/georgeberdovskiy/.cargo/registry/src/index.crates.io-6f17d22bba15001f/form_urlencoded-1.2.1/src/lib.rs:414:66: 414:68 (#0), res: PrimTy(Uint(U8)), segments: [PathSegment { ident: u8#0, hir_id: HirId(DefId(0:88 ~ form_urlencoded[181d]::decode_utf8_lossy).64), res: PrimTy(Uint(U8)), args: None, infer_args: false }] })), span: /Users/georgeberdovskiy/.cargo/registry/src/index.crates.io-6f17d22bba15001f/form_urlencoded-1.2.1/src/lib.rs:414:66: 414:68 (#0) }), span: /Users/georgeberdovskiy/.cargo/registry/src/index.crates.io-6f17d22bba15001f/form_urlencoded-1.2.1/src/lib.rs:414:65: 414:69 (#0) }, mutbl: Not }), span: /Users/georgeberdovskiy/.cargo/registry/src/index.crates.io-6f17d22bba15001f/form_urlencoded-1.2.1/src/lib.rs:414:58: 414:69 (#0) }), span: /Users/georgeberdovskiy/.cargo/registry/src/index.crates.io-6f17d22bba15001f/form_urlencoded-1.2.1/src/lib.rs:414:47: 414:69 (#0) }
[DEBUG]   > LHS Type is: Ty { property: FlowPair(Universal, Universal), kind: Infer }
[DEBUG]   > RHS Type is: Ty { property: FlowPair(Universal, Universal), kind: Infer }
[DEBUG] Checking `if` influenced by Ty { property: FlowPair(Universal, Universal), kind: Infer }
[DEBUG] Trying to get func ty of defid DefId(1:10023 ~ core[7d5a]::panicking::panic)
[DEBUG] >> NOT FOUND! Getting extern def
[DEBUG] Done checking call expression with ret ty: Ty { property: FlowPair(Universal, Universal), kind: Infer }
[DEBUG] Trying to get func ty of defid DefId(5:5986 ~ alloc[5873]::string::{impl#0}::from_utf8_unchecked)
[DEBUG] >> NOT FOUND! Getting extern def
[DEBUG] Done checking call expression with ret ty: Ty { property: FlowPair(Universal, Universal), kind: Infer }
