[DEBUG] Trying to get func ty of defid DefId(0:6 ~ is_stderr[e602]::main)
[DEBUG] >> FOUND IT! It's Ty { property: FlowPair(Universal, Universal), kind: Fn([], Ty { property: FlowPair(Universal, Universal), kind: Infer }) }
[DEBUG] Trying to get func ty of defid DefId(0:7 ~ is_stderr[e602]::run)
[DEBUG] >> NOT FOUND! Getting extern def
[DEBUG] Done checking call expression with ret ty: Ty { property: FlowPair(Universal, Universal), kind: Infer }
[DEBUG] Checking `if` influenced by Ty { property: FlowPair(Universal, Universal), kind: Infer }
[DEBUG] Trying to get func ty of defid DefId(2:3625 ~ std[e3cd]::io::stdio::_print)
[DEBUG] >> NOT FOUND! Getting extern def
[DEBUG] Trying to get func ty of defid DefId(3:11117 ~ core[7d5a]::fmt::{impl#2}::new_v1)
[DEBUG] >> NOT FOUND! Getting extern def
[DEBUG] Trying to get func ty of defid DefId(3:11032 ~ core[7d5a]::fmt::rt::{impl#1}::new_display)
[DEBUG] >> NOT FOUND! Getting extern def
[DEBUG] Done checking call expression with ret ty: Ty { property: FlowPair(Universal, Universal), kind: Infer }
[DEBUG] Done checking call expression with ret ty: Ty { property: FlowPair(Universal, Universal), kind: Infer }
[DEBUG] Done checking call expression with ret ty: Ty { property: FlowPair(Universal, Universal), kind: Infer }
[DEBUG] Trying to get func ty of defid DefId(2:5787 ~ std[e3cd]::process::exit)
[DEBUG] >> NOT FOUND! Getting extern def
[DEBUG] Done checking call expression with ret ty: Ty { property: FlowPair(Universal, Universal), kind: Infer }
[DEBUG] Trying to get func ty of defid DefId(0:7 ~ is_stderr[e602]::run)
[DEBUG] >> FOUND IT! It's Ty { property: FlowPair(Universal, Universal), kind: Fn([], Ty { property: FlowPair(Universal, Universal), kind: Infer }) }
[DEBUG] Trying to get func ty of defid DefId(3:3892 ~ core[7d5a]::ops::try_trait::Try::branch)
[DEBUG] >> NOT FOUND! Getting extern def
[DEBUG] Trying to get func ty of defid DefId(21:53 ~ same_file[7e44]::{impl#0}::stderr)
[DEBUG] >> NOT FOUND! Getting extern def
[DEBUG] Done checking call expression with ret ty: Ty { property: FlowPair(Universal, Universal), kind: Infer }
[DEBUG] Done checking call expression with ret ty: Ty { property: FlowPair(Universal, Universal), kind: Infer }
[DEBUG] Trying to get func ty of defid DefId(3:3895 ~ core[7d5a]::ops::try_trait::FromResidual::from_residual)
[DEBUG] >> NOT FOUND! Getting extern def
[DEBUG] Done checking call expression with ret ty: Ty { property: FlowPair(Universal, Universal), kind: Infer }
[DEBUG] Trying to get func ty of defid DefId(3:3892 ~ core[7d5a]::ops::try_trait::Try::branch)
[DEBUG] >> FOUND IT! It's Ty { property: FlowPair(Universal, Universal), kind: Fn([Ty { property: FlowPair(Universal, Universal), kind: Infer }], Ty { property: FlowPair(Universal, Universal), kind: Infer }) }
[DEBUG] Trying to get func ty of defid DefId(21:48 ~ same_file[7e44]::{impl#0}::from_path)
[DEBUG] >> NOT FOUND! Getting extern def
[DEBUG] Done checking call expression with ret ty: Ty { property: FlowPair(Universal, Universal), kind: Infer }
[DEBUG] Done checking call expression with ret ty: Ty { property: FlowPair(Universal, Universal), kind: Infer }
[DEBUG] Trying to get func ty of defid DefId(3:3895 ~ core[7d5a]::ops::try_trait::FromResidual::from_residual)
[DEBUG] >> FOUND IT! It's Ty { property: FlowPair(Universal, Universal), kind: Fn([Ty { property: FlowPair(Universal, Universal), kind: Infer }], Ty { property: FlowPair(Universal, Universal), kind: Infer }) }
[DEBUG] Done checking call expression with ret ty: Ty { property: FlowPair(Universal, Universal), kind: Infer }
[DEBUG] Checking binary expression with...
[DEBUG] > LHS: Expr { hir_id: HirId(DefId(0:7 ~ is_stderr[e602]::run).74), kind: Path(Resolved(None, Path { span: examples/is_stderr.rs:24:12: 24:25 (#0), res: Local(HirId(DefId(0:7 ~ is_stderr[e602]::run).34)), segments: [PathSegment { ident: stderr_handle#0, hir_id: HirId(DefId(0:7 ~ is_stderr[e602]::run).75), res: Local(HirId(DefId(0:7 ~ is_stderr[e602]::run).34)), args: None, infer_args: true }] })), span: examples/is_stderr.rs:24:12: 24:25 (#0) }
[DEBUG] > RHS: Expr { hir_id: HirId(DefId(0:7 ~ is_stderr[e602]::run).76), kind: Path(Resolved(None, Path { span: examples/is_stderr.rs:24:29: 24:35 (#0), res: Local(HirId(DefId(0:7 ~ is_stderr[e602]::run).71)), segments: [PathSegment { ident: handle#0, hir_id: HirId(DefId(0:7 ~ is_stderr[e602]::run).77), res: Local(HirId(DefId(0:7 ~ is_stderr[e602]::run).71)), args: None, infer_args: true }] })), span: examples/is_stderr.rs:24:29: 24:35 (#0) }
[DEBUG]   > LHS Type is: Ty { property: FlowPair(Universal, Universal), kind: Infer }
[DEBUG]   > RHS Type is: Ty { property: FlowPair(Universal, Universal), kind: Infer }
[DEBUG] Checking `if` influenced by Ty { property: FlowPair(Universal, Universal), kind: Infer }
[DEBUG] Trying to get func ty of defid DefId(2:3625 ~ std[e3cd]::io::stdio::_print)
[DEBUG] >> FOUND IT! It's Ty { property: FlowPair(Universal, Universal), kind: Fn([Ty { property: FlowPair(Universal, Universal), kind: Infer }], Ty { property: FlowPair(Universal, Universal), kind: Infer }) }
[DEBUG] Trying to get func ty of defid DefId(3:11117 ~ core[7d5a]::fmt::{impl#2}::new_v1)
[DEBUG] >> FOUND IT! It's Ty { property: FlowPair(Universal, Universal), kind: Fn([Ty { property: FlowPair(Universal, Universal), kind: Infer }, Ty { property: FlowPair(Universal, Universal), kind: Infer }], Ty { property: FlowPair(Universal, Universal), kind: Infer }) }
[DEBUG] Trying to get func ty of defid DefId(3:11035 ~ core[7d5a]::fmt::rt::{impl#1}::new_debug)
[DEBUG] >> NOT FOUND! Getting extern def
[DEBUG] Done checking call expression with ret ty: Ty { property: FlowPair(Universal, Universal), kind: Infer }
[DEBUG] Done checking call expression with ret ty: Ty { property: FlowPair(Universal, Universal), kind: Infer }
[DEBUG] Done checking call expression with ret ty: Ty { property: FlowPair(Universal, Universal), kind: Infer }
[DEBUG] Trying to get func ty of defid DefId(2:3625 ~ std[e3cd]::io::stdio::_print)
[DEBUG] >> FOUND IT! It's Ty { property: FlowPair(Universal, Universal), kind: Fn([Ty { property: FlowPair(Universal, Universal), kind: Infer }], Ty { property: FlowPair(Universal, Universal), kind: Infer }) }
[DEBUG] Trying to get func ty of defid DefId(3:11117 ~ core[7d5a]::fmt::{impl#2}::new_v1)
[DEBUG] >> FOUND IT! It's Ty { property: FlowPair(Universal, Universal), kind: Fn([Ty { property: FlowPair(Universal, Universal), kind: Infer }, Ty { property: FlowPair(Universal, Universal), kind: Infer }], Ty { property: FlowPair(Universal, Universal), kind: Infer }) }
[DEBUG] Trying to get func ty of defid DefId(3:11035 ~ core[7d5a]::fmt::rt::{impl#1}::new_debug)
[DEBUG] >> FOUND IT! It's Ty { property: FlowPair(Universal, Universal), kind: Fn([Ty { property: FlowPair(Universal, Universal), kind: Infer }], Ty { property: FlowPair(Universal, Universal), kind: Infer }) }
[DEBUG] Done checking call expression with ret ty: Ty { property: FlowPair(Universal, Universal), kind: Infer }
[DEBUG] Done checking call expression with ret ty: Ty { property: FlowPair(Universal, Universal), kind: Infer }
[DEBUG] Done checking call expression with ret ty: Ty { property: FlowPair(Universal, Universal), kind: Infer }
