[DEBUG] Trying to get func ty of defid DefId(0:24 ~ percent_encoding[200d]::{impl#0}::contains)
[DEBUG] >> FOUND IT! It's Ty { property: FlowPair(Universal, Universal), kind: Fn([Ty { property: FlowPair(Universal, Universal), kind: Infer }, Ty { property: FlowPair(Universal, Universal), kind: Infer }], Ty { property: FlowPair(Universal, Universal), kind: Infer }) }
[DEBUG] Checking binary expression with...
[DEBUG] > LHS: Expr { hir_id: HirId(DefId(0:24 ~ percent_encoding[200d]::{impl#0}::contains).22), kind: Lit(Spanned { node: Int(Pu128(1), Unsuffixed), span: /Users/georgeberdovskiy/.cargo/registry/src/index.crates.io-6f17d22bba15001f/percent-encoding-2.3.1/src/lib.rs:84:20: 84:21 (#0) }), span: /Users/georgeberdovskiy/.cargo/registry/src/index.crates.io-6f17d22bba15001f/percent-encoding-2.3.1/src/lib.rs:84:20: 84:21 (#0) }
[DEBUG] > RHS: Expr { hir_id: HirId(DefId(0:24 ~ percent_encoding[200d]::{impl#0}::contains).23), kind: Binary(Spanned { node: Rem, span: /Users/georgeberdovskiy/.cargo/registry/src/index.crates.io-6f17d22bba15001f/percent-encoding-2.3.1/src/lib.rs:84:40: 84:41 (#0) }, Expr { hir_id: HirId(DefId(0:24 ~ percent_encoding[200d]::{impl#0}::contains).24), kind: Cast(Expr { hir_id: HirId(DefId(0:24 ~ percent_encoding[200d]::{impl#0}::contains).25), kind: Path(Resolved(None, Path { span: /Users/georgeberdovskiy/.cargo/registry/src/index.crates.io-6f17d22bba15001f/percent-encoding-2.3.1/src/lib.rs:84:26: 84:30 (#0), res: Local(HirId(DefId(0:24 ~ percent_encoding[200d]::{impl#0}::contains).4)), segments: [PathSegment { ident: byte#0, hir_id: HirId(DefId(0:24 ~ percent_encoding[200d]::{impl#0}::contains).26), res: Local(HirId(DefId(0:24 ~ percent_encoding[200d]::{impl#0}::contains).4)), args: None, infer_args: true }] })), span: /Users/georgeberdovskiy/.cargo/registry/src/index.crates.io-6f17d22bba15001f/percent-encoding-2.3.1/src/lib.rs:84:26: 84:30 (#0) }, Ty { hir_id: HirId(DefId(0:24 ~ percent_encoding[200d]::{impl#0}::contains).27), kind: Path(Resolved(None, Path { span: /Users/georgeberdovskiy/.cargo/registry/src/index.crates.io-6f17d22bba15001f/percent-encoding-2.3.1/src/lib.rs:84:34: 84:39 (#0), res: PrimTy(Uint(Usize)), segments: [PathSegment { ident: usize#0, hir_id: HirId(DefId(0:24 ~ percent_encoding[200d]::{impl#0}::contains).28), res: PrimTy(Uint(Usize)), args: None, infer_args: false }] })), span: /Users/georgeberdovskiy/.cargo/registry/src/index.crates.io-6f17d22bba15001f/percent-encoding-2.3.1/src/lib.rs:84:34: 84:39 (#0) }), span: /Users/georgeberdovskiy/.cargo/registry/src/index.crates.io-6f17d22bba15001f/percent-encoding-2.3.1/src/lib.rs:84:26: 84:39 (#0) }, Expr { hir_id: HirId(DefId(0:24 ~ percent_encoding[200d]::{impl#0}::contains).29), kind: Path(Resolved(None, Path { span: /Users/georgeberdovskiy/.cargo/registry/src/index.crates.io-6f17d22bba15001f/percent-encoding-2.3.1/src/lib.rs:84:42: 84:56 (#0), res: Def(Const, DefId(0:22 ~ percent_encoding[200d]::BITS_PER_CHUNK)), segments: [PathSegment { ident: BITS_PER_CHUNK#0, hir_id: HirId(DefId(0:24 ~ percent_encoding[200d]::{impl#0}::contains).30), res: Def(Const, DefId(0:22 ~ percent_encoding[200d]::BITS_PER_CHUNK)), args: None, infer_args: true }] })), span: /Users/georgeberdovskiy/.cargo/registry/src/index.crates.io-6f17d22bba15001f/percent-encoding-2.3.1/src/lib.rs:84:42: 84:56 (#0) }), span: /Users/georgeberdovskiy/.cargo/registry/src/index.crates.io-6f17d22bba15001f/percent-encoding-2.3.1/src/lib.rs:84:25: 84:57 (#0) }
[DEBUG] Checking binary expression with...
[DEBUG] > LHS: Expr { hir_id: HirId(DefId(0:24 ~ percent_encoding[200d]::{impl#0}::contains).24), kind: Cast(Expr { hir_id: HirId(DefId(0:24 ~ percent_encoding[200d]::{impl#0}::contains).25), kind: Path(Resolved(None, Path { span: /Users/georgeberdovskiy/.cargo/registry/src/index.crates.io-6f17d22bba15001f/percent-encoding-2.3.1/src/lib.rs:84:26: 84:30 (#0), res: Local(HirId(DefId(0:24 ~ percent_encoding[200d]::{impl#0}::contains).4)), segments: [PathSegment { ident: byte#0, hir_id: HirId(DefId(0:24 ~ percent_encoding[200d]::{impl#0}::contains).26), res: Local(HirId(DefId(0:24 ~ percent_encoding[200d]::{impl#0}::contains).4)), args: None, infer_args: true }] })), span: /Users/georgeberdovskiy/.cargo/registry/src/index.crates.io-6f17d22bba15001f/percent-encoding-2.3.1/src/lib.rs:84:26: 84:30 (#0) }, Ty { hir_id: HirId(DefId(0:24 ~ percent_encoding[200d]::{impl#0}::contains).27), kind: Path(Resolved(None, Path { span: /Users/georgeberdovskiy/.cargo/registry/src/index.crates.io-6f17d22bba15001f/percent-encoding-2.3.1/src/lib.rs:84:34: 84:39 (#0), res: PrimTy(Uint(Usize)), segments: [PathSegment { ident: usize#0, hir_id: HirId(DefId(0:24 ~ percent_encoding[200d]::{impl#0}::contains).28), res: PrimTy(Uint(Usize)), args: None, infer_args: false }] })), span: /Users/georgeberdovskiy/.cargo/registry/src/index.crates.io-6f17d22bba15001f/percent-encoding-2.3.1/src/lib.rs:84:34: 84:39 (#0) }), span: /Users/georgeberdovskiy/.cargo/registry/src/index.crates.io-6f17d22bba15001f/percent-encoding-2.3.1/src/lib.rs:84:26: 84:39 (#0) }
[DEBUG] > RHS: Expr { hir_id: HirId(DefId(0:24 ~ percent_encoding[200d]::{impl#0}::contains).29), kind: Path(Resolved(None, Path { span: /Users/georgeberdovskiy/.cargo/registry/src/index.crates.io-6f17d22bba15001f/percent-encoding-2.3.1/src/lib.rs:84:42: 84:56 (#0), res: Def(Const, DefId(0:22 ~ percent_encoding[200d]::BITS_PER_CHUNK)), segments: [PathSegment { ident: BITS_PER_CHUNK#0, hir_id: HirId(DefId(0:24 ~ percent_encoding[200d]::{impl#0}::contains).30), res: Def(Const, DefId(0:22 ~ percent_encoding[200d]::BITS_PER_CHUNK)), args: None, infer_args: true }] })), span: /Users/georgeberdovskiy/.cargo/registry/src/index.crates.io-6f17d22bba15001f/percent-encoding-2.3.1/src/lib.rs:84:42: 84:56 (#0) }
[DEBUG]   > LHS Type is: Ty { property: FlowPair(Universal, Universal), kind: Infer }
[DEBUG]   > RHS Type is: Ty { property: FlowPair(Specific({"percent_encoding"}), Specific({"percent_encoding"})), kind: Infer }
[DEBUG]   > LHS Type is: Ty { property: FlowPair(Specific({"percent_encoding"}), Specific({"percent_encoding"})), kind: Infer }
[DEBUG]   > RHS Type is: Ty { property: FlowPair(Universal, Universal), kind: Infer }
[DEBUG] Checking binary expression with...
[DEBUG] > LHS: Expr { hir_id: HirId(DefId(0:24 ~ percent_encoding[200d]::{impl#0}::contains).34), kind: Binary(Spanned { node: BitAnd, span: /Users/georgeberdovskiy/.cargo/registry/src/index.crates.io-6f17d22bba15001f/percent-encoding-2.3.1/src/lib.rs:85:16: 85:17 (#0) }, Expr { hir_id: HirId(DefId(0:24 ~ percent_encoding[200d]::{impl#0}::contains).35), kind: Path(Resolved(None, Path { span: /Users/georgeberdovskiy/.cargo/registry/src/index.crates.io-6f17d22bba15001f/percent-encoding-2.3.1/src/lib.rs:85:10: 85:15 (#0), res: Local(HirId(DefId(0:24 ~ percent_encoding[200d]::{impl#0}::contains).19)), segments: [PathSegment { ident: chunk#0, hir_id: HirId(DefId(0:24 ~ percent_encoding[200d]::{impl#0}::contains).36), res: Local(HirId(DefId(0:24 ~ percent_encoding[200d]::{impl#0}::contains).19)), args: None, infer_args: true }] })), span: /Users/georgeberdovskiy/.cargo/registry/src/index.crates.io-6f17d22bba15001f/percent-encoding-2.3.1/src/lib.rs:85:10: 85:15 (#0) }, Expr { hir_id: HirId(DefId(0:24 ~ percent_encoding[200d]::{impl#0}::contains).37), kind: Path(Resolved(None, Path { span: /Users/georgeberdovskiy/.cargo/registry/src/index.crates.io-6f17d22bba15001f/percent-encoding-2.3.1/src/lib.rs:85:18: 85:22 (#0), res: Local(HirId(DefId(0:24 ~ percent_encoding[200d]::{impl#0}::contains).32)), segments: [PathSegment { ident: mask#0, hir_id: HirId(DefId(0:24 ~ percent_encoding[200d]::{impl#0}::contains).38), res: Local(HirId(DefId(0:24 ~ percent_encoding[200d]::{impl#0}::contains).32)), args: None, infer_args: true }] })), span: /Users/georgeberdovskiy/.cargo/registry/src/index.crates.io-6f17d22bba15001f/percent-encoding-2.3.1/src/lib.rs:85:18: 85:22 (#0) }), span: /Users/georgeberdovskiy/.cargo/registry/src/index.crates.io-6f17d22bba15001f/percent-encoding-2.3.1/src/lib.rs:85:9: 85:23 (#0) }
[DEBUG] > RHS: Expr { hir_id: HirId(DefId(0:24 ~ percent_encoding[200d]::{impl#0}::contains).39), kind: Lit(Spanned { node: Int(Pu128(0), Unsuffixed), span: /Users/georgeberdovskiy/.cargo/registry/src/index.crates.io-6f17d22bba15001f/percent-encoding-2.3.1/src/lib.rs:85:27: 85:28 (#0) }), span: /Users/georgeberdovskiy/.cargo/registry/src/index.crates.io-6f17d22bba15001f/percent-encoding-2.3.1/src/lib.rs:85:27: 85:28 (#0) }
[DEBUG] Checking binary expression with...
[DEBUG] > LHS: Expr { hir_id: HirId(DefId(0:24 ~ percent_encoding[200d]::{impl#0}::contains).35), kind: Path(Resolved(None, Path { span: /Users/georgeberdovskiy/.cargo/registry/src/index.crates.io-6f17d22bba15001f/percent-encoding-2.3.1/src/lib.rs:85:10: 85:15 (#0), res: Local(HirId(DefId(0:24 ~ percent_encoding[200d]::{impl#0}::contains).19)), segments: [PathSegment { ident: chunk#0, hir_id: HirId(DefId(0:24 ~ percent_encoding[200d]::{impl#0}::contains).36), res: Local(HirId(DefId(0:24 ~ percent_encoding[200d]::{impl#0}::contains).19)), args: None, infer_args: true }] })), span: /Users/georgeberdovskiy/.cargo/registry/src/index.crates.io-6f17d22bba15001f/percent-encoding-2.3.1/src/lib.rs:85:10: 85:15 (#0) }
[DEBUG] > RHS: Expr { hir_id: HirId(DefId(0:24 ~ percent_encoding[200d]::{impl#0}::contains).37), kind: Path(Resolved(None, Path { span: /Users/georgeberdovskiy/.cargo/registry/src/index.crates.io-6f17d22bba15001f/percent-encoding-2.3.1/src/lib.rs:85:18: 85:22 (#0), res: Local(HirId(DefId(0:24 ~ percent_encoding[200d]::{impl#0}::contains).32)), segments: [PathSegment { ident: mask#0, hir_id: HirId(DefId(0:24 ~ percent_encoding[200d]::{impl#0}::contains).38), res: Local(HirId(DefId(0:24 ~ percent_encoding[200d]::{impl#0}::contains).32)), args: None, infer_args: true }] })), span: /Users/georgeberdovskiy/.cargo/registry/src/index.crates.io-6f17d22bba15001f/percent-encoding-2.3.1/src/lib.rs:85:18: 85:22 (#0) }
[DEBUG]   > LHS Type is: Ty { property: FlowPair(Universal, Universal), kind: Infer }
[DEBUG]   > RHS Type is: Ty { property: FlowPair(Universal, Universal), kind: Infer }
[DEBUG]   > LHS Type is: Ty { property: FlowPair(Universal, Universal), kind: Infer }
[DEBUG]   > RHS Type is: Ty { property: FlowPair(Universal, Universal), kind: Infer }
[DEBUG] Trying to get func ty of defid DefId(0:25 ~ percent_encoding[200d]::{impl#0}::should_percent_encode)
[DEBUG] >> FOUND IT! It's Ty { property: FlowPair(Universal, Universal), kind: Fn([Ty { property: FlowPair(Universal, Universal), kind: Infer }, Ty { property: FlowPair(Universal, Universal), kind: Infer }], Ty { property: FlowPair(Universal, Universal), kind: Infer }) }
[DEBUG] Checking binary expression with...
[DEBUG] > LHS: Expr { hir_id: HirId(DefId(0:25 ~ percent_encoding[200d]::{impl#0}::should_percent_encode).6), kind: Unary(Not, Expr { hir_id: HirId(DefId(0:25 ~ percent_encoding[200d]::{impl#0}::should_percent_encode).7), kind: MethodCall(PathSegment { ident: is_ascii#0, hir_id: HirId(DefId(0:25 ~ percent_encoding[200d]::{impl#0}::should_percent_encode).8), res: Err, args: None, infer_args: true }, Expr { hir_id: HirId(DefId(0:25 ~ percent_encoding[200d]::{impl#0}::should_percent_encode).9), kind: Path(Resolved(None, Path { span: /Users/georgeberdovskiy/.cargo/registry/src/index.crates.io-6f17d22bba15001f/percent-encoding-2.3.1/src/lib.rs:89:10: 89:14 (#0), res: Local(HirId(DefId(0:25 ~ percent_encoding[200d]::{impl#0}::should_percent_encode).4)), segments: [PathSegment { ident: byte#0, hir_id: HirId(DefId(0:25 ~ percent_encoding[200d]::{impl#0}::should_percent_encode).10), res: Local(HirId(DefId(0:25 ~ percent_encoding[200d]::{impl#0}::should_percent_encode).4)), args: None, infer_args: true }] })), span: /Users/georgeberdovskiy/.cargo/registry/src/index.crates.io-6f17d22bba15001f/percent-encoding-2.3.1/src/lib.rs:89:10: 89:14 (#0) }, [], /Users/georgeberdovskiy/.cargo/registry/src/index.crates.io-6f17d22bba15001f/percent-encoding-2.3.1/src/lib.rs:89:15: 89:25 (#0)), span: /Users/georgeberdovskiy/.cargo/registry/src/index.crates.io-6f17d22bba15001f/percent-encoding-2.3.1/src/lib.rs:89:10: 89:25 (#0) }), span: /Users/georgeberdovskiy/.cargo/registry/src/index.crates.io-6f17d22bba15001f/percent-encoding-2.3.1/src/lib.rs:89:9: 89:25 (#0) }
[DEBUG] > RHS: Expr { hir_id: HirId(DefId(0:25 ~ percent_encoding[200d]::{impl#0}::should_percent_encode).11), kind: MethodCall(PathSegment { ident: contains#0, hir_id: HirId(DefId(0:25 ~ percent_encoding[200d]::{impl#0}::should_percent_encode).12), res: Err, args: None, infer_args: true }, Expr { hir_id: HirId(DefId(0:25 ~ percent_encoding[200d]::{impl#0}::should_percent_encode).13), kind: Path(Resolved(None, Path { span: /Users/georgeberdovskiy/.cargo/registry/src/index.crates.io-6f17d22bba15001f/percent-encoding-2.3.1/src/lib.rs:89:29: 89:33 (#0), res: Local(HirId(DefId(0:25 ~ percent_encoding[200d]::{impl#0}::should_percent_encode).2)), segments: [PathSegment { ident: self#0, hir_id: HirId(DefId(0:25 ~ percent_encoding[200d]::{impl#0}::should_percent_encode).14), res: Local(HirId(DefId(0:25 ~ percent_encoding[200d]::{impl#0}::should_percent_encode).2)), args: None, infer_args: true }] })), span: /Users/georgeberdovskiy/.cargo/registry/src/index.crates.io-6f17d22bba15001f/percent-encoding-2.3.1/src/lib.rs:89:29: 89:33 (#0) }, [Expr { hir_id: HirId(DefId(0:25 ~ percent_encoding[200d]::{impl#0}::should_percent_encode).15), kind: Path(Resolved(None, Path { span: /Users/georgeberdovskiy/.cargo/registry/src/index.crates.io-6f17d22bba15001f/percent-encoding-2.3.1/src/lib.rs:89:43: 89:47 (#0), res: Local(HirId(DefId(0:25 ~ percent_encoding[200d]::{impl#0}::should_percent_encode).4)), segments: [PathSegment { ident: byte#0, hir_id: HirId(DefId(0:25 ~ percent_encoding[200d]::{impl#0}::should_percent_encode).16), res: Local(HirId(DefId(0:25 ~ percent_encoding[200d]::{impl#0}::should_percent_encode).4)), args: None, infer_args: true }] })), span: /Users/georgeberdovskiy/.cargo/registry/src/index.crates.io-6f17d22bba15001f/percent-encoding-2.3.1/src/lib.rs:89:43: 89:47 (#0) }], /Users/georgeberdovskiy/.cargo/registry/src/index.crates.io-6f17d22bba15001f/percent-encoding-2.3.1/src/lib.rs:89:34: 89:48 (#0)), span: /Users/georgeberdovskiy/.cargo/registry/src/index.crates.io-6f17d22bba15001f/percent-encoding-2.3.1/src/lib.rs:89:29: 89:48 (#0) }
[DEBUG] Trying to get func ty of defid DefId(1:1136 ~ core[7d5a]::num::{impl#6}::is_ascii)
[DEBUG] >> NOT FOUND! Getting extern def
[DEBUG] Trying to get func ty of defid DefId(0:24 ~ percent_encoding[200d]::{impl#0}::contains)
[DEBUG] >> FOUND IT! It's Ty { property: FlowPair(Universal, Universal), kind: Fn([Ty { property: FlowPair(Universal, Universal), kind: Infer }, Ty { property: FlowPair(Universal, Universal), kind: Infer }], Ty { property: FlowPair(Universal, Universal), kind: Infer }) }
[DEBUG]   > LHS Type is: Ty { property: FlowPair(Universal, Universal), kind: Infer }
[DEBUG]   > RHS Type is: Ty { property: FlowPair(Universal, Universal), kind: Infer }
[DEBUG] Trying to get func ty of defid DefId(0:26 ~ percent_encoding[200d]::{impl#0}::add)
[DEBUG] >> FOUND IT! It's Ty { property: FlowPair(Universal, Universal), kind: Fn([Ty { property: FlowPair(Universal, Universal), kind: Infer }, Ty { property: FlowPair(Universal, Universal), kind: Infer }], Ty { property: FlowPair(Universal, Universal), kind: Infer }) }
[DEBUG] Checking binary expression with...
[DEBUG] > LHS: Expr { hir_id: HirId(DefId(0:26 ~ percent_encoding[200d]::{impl#0}::add).24), kind: Lit(Spanned { node: Int(Pu128(1), Unsuffixed), span: /Users/georgeberdovskiy/.cargo/registry/src/index.crates.io-6f17d22bba15001f/percent-encoding-2.3.1/src/lib.rs:94:49: 94:50 (#0) }), span: /Users/georgeberdovskiy/.cargo/registry/src/index.crates.io-6f17d22bba15001f/percent-encoding-2.3.1/src/lib.rs:94:49: 94:50 (#0) }
[DEBUG] > RHS: Expr { hir_id: HirId(DefId(0:26 ~ percent_encoding[200d]::{impl#0}::add).25), kind: Binary(Spanned { node: Rem, span: /Users/georgeberdovskiy/.cargo/registry/src/index.crates.io-6f17d22bba15001f/percent-encoding-2.3.1/src/lib.rs:94:69: 94:70 (#0) }, Expr { hir_id: HirId(DefId(0:26 ~ percent_encoding[200d]::{impl#0}::add).26), kind: Cast(Expr { hir_id: HirId(DefId(0:26 ~ percent_encoding[200d]::{impl#0}::add).27), kind: Path(Resolved(None, Path { span: /Users/georgeberdovskiy/.cargo/registry/src/index.crates.io-6f17d22bba15001f/percent-encoding-2.3.1/src/lib.rs:94:55: 94:59 (#0), res: Local(HirId(DefId(0:26 ~ percent_encoding[200d]::{impl#0}::add).4)), segments: [PathSegment { ident: byte#0, hir_id: HirId(DefId(0:26 ~ percent_encoding[200d]::{impl#0}::add).28), res: Local(HirId(DefId(0:26 ~ percent_encoding[200d]::{impl#0}::add).4)), args: None, infer_args: true }] })), span: /Users/georgeberdovskiy/.cargo/registry/src/index.crates.io-6f17d22bba15001f/percent-encoding-2.3.1/src/lib.rs:94:55: 94:59 (#0) }, Ty { hir_id: HirId(DefId(0:26 ~ percent_encoding[200d]::{impl#0}::add).29), kind: Path(Resolved(None, Path { span: /Users/georgeberdovskiy/.cargo/registry/src/index.crates.io-6f17d22bba15001f/percent-encoding-2.3.1/src/lib.rs:94:63: 94:68 (#0), res: PrimTy(Uint(Usize)), segments: [PathSegment { ident: usize#0, hir_id: HirId(DefId(0:26 ~ percent_encoding[200d]::{impl#0}::add).30), res: PrimTy(Uint(Usize)), args: None, infer_args: false }] })), span: /Users/georgeberdovskiy/.cargo/registry/src/index.crates.io-6f17d22bba15001f/percent-encoding-2.3.1/src/lib.rs:94:63: 94:68 (#0) }), span: /Users/georgeberdovskiy/.cargo/registry/src/index.crates.io-6f17d22bba15001f/percent-encoding-2.3.1/src/lib.rs:94:55: 94:68 (#0) }, Expr { hir_id: HirId(DefId(0:26 ~ percent_encoding[200d]::{impl#0}::add).31), kind: Path(Resolved(None, Path { span: /Users/georgeberdovskiy/.cargo/registry/src/index.crates.io-6f17d22bba15001f/percent-encoding-2.3.1/src/lib.rs:94:71: 94:85 (#0), res: Def(Const, DefId(0:22 ~ percent_encoding[200d]::BITS_PER_CHUNK)), segments: [PathSegment { ident: BITS_PER_CHUNK#0, hir_id: HirId(DefId(0:26 ~ percent_encoding[200d]::{impl#0}::add).32), res: Def(Const, DefId(0:22 ~ percent_encoding[200d]::BITS_PER_CHUNK)), args: None, infer_args: true }] })), span: /Users/georgeberdovskiy/.cargo/registry/src/index.crates.io-6f17d22bba15001f/percent-encoding-2.3.1/src/lib.rs:94:71: 94:85 (#0) }), span: /Users/georgeberdovskiy/.cargo/registry/src/index.crates.io-6f17d22bba15001f/percent-encoding-2.3.1/src/lib.rs:94:54: 94:86 (#0) }
[DEBUG] Checking binary expression with...
[DEBUG] > LHS: Expr { hir_id: HirId(DefId(0:26 ~ percent_encoding[200d]::{impl#0}::add).26), kind: Cast(Expr { hir_id: HirId(DefId(0:26 ~ percent_encoding[200d]::{impl#0}::add).27), kind: Path(Resolved(None, Path { span: /Users/georgeberdovskiy/.cargo/registry/src/index.crates.io-6f17d22bba15001f/percent-encoding-2.3.1/src/lib.rs:94:55: 94:59 (#0), res: Local(HirId(DefId(0:26 ~ percent_encoding[200d]::{impl#0}::add).4)), segments: [PathSegment { ident: byte#0, hir_id: HirId(DefId(0:26 ~ percent_encoding[200d]::{impl#0}::add).28), res: Local(HirId(DefId(0:26 ~ percent_encoding[200d]::{impl#0}::add).4)), args: None, infer_args: true }] })), span: /Users/georgeberdovskiy/.cargo/registry/src/index.crates.io-6f17d22bba15001f/percent-encoding-2.3.1/src/lib.rs:94:55: 94:59 (#0) }, Ty { hir_id: HirId(DefId(0:26 ~ percent_encoding[200d]::{impl#0}::add).29), kind: Path(Resolved(None, Path { span: /Users/georgeberdovskiy/.cargo/registry/src/index.crates.io-6f17d22bba15001f/percent-encoding-2.3.1/src/lib.rs:94:63: 94:68 (#0), res: PrimTy(Uint(Usize)), segments: [PathSegment { ident: usize#0, hir_id: HirId(DefId(0:26 ~ percent_encoding[200d]::{impl#0}::add).30), res: PrimTy(Uint(Usize)), args: None, infer_args: false }] })), span: /Users/georgeberdovskiy/.cargo/registry/src/index.crates.io-6f17d22bba15001f/percent-encoding-2.3.1/src/lib.rs:94:63: 94:68 (#0) }), span: /Users/georgeberdovskiy/.cargo/registry/src/index.crates.io-6f17d22bba15001f/percent-encoding-2.3.1/src/lib.rs:94:55: 94:68 (#0) }
[DEBUG] > RHS: Expr { hir_id: HirId(DefId(0:26 ~ percent_encoding[200d]::{impl#0}::add).31), kind: Path(Resolved(None, Path { span: /Users/georgeberdovskiy/.cargo/registry/src/index.crates.io-6f17d22bba15001f/percent-encoding-2.3.1/src/lib.rs:94:71: 94:85 (#0), res: Def(Const, DefId(0:22 ~ percent_encoding[200d]::BITS_PER_CHUNK)), segments: [PathSegment { ident: BITS_PER_CHUNK#0, hir_id: HirId(DefId(0:26 ~ percent_encoding[200d]::{impl#0}::add).32), res: Def(Const, DefId(0:22 ~ percent_encoding[200d]::BITS_PER_CHUNK)), args: None, infer_args: true }] })), span: /Users/georgeberdovskiy/.cargo/registry/src/index.crates.io-6f17d22bba15001f/percent-encoding-2.3.1/src/lib.rs:94:71: 94:85 (#0) }
[DEBUG]   > LHS Type is: Ty { property: FlowPair(Universal, Universal), kind: Infer }
[DEBUG]   > RHS Type is: Ty { property: FlowPair(Universal, Universal), kind: Infer }
[DEBUG]   > LHS Type is: Ty { property: FlowPair(Universal, Universal), kind: Infer }
[DEBUG]   > RHS Type is: Ty { property: FlowPair(Universal, Universal), kind: Infer }
[DEBUG] Trying to get func ty of defid DefId(0:27 ~ percent_encoding[200d]::{impl#0}::remove)
[DEBUG] >> FOUND IT! It's Ty { property: FlowPair(Universal, Universal), kind: Fn([Ty { property: FlowPair(Universal, Universal), kind: Infer }, Ty { property: FlowPair(Universal, Universal), kind: Infer }], Ty { property: FlowPair(Universal, Universal), kind: Infer }) }
[DEBUG] Checking binary expression with...
[DEBUG] > LHS: Expr { hir_id: HirId(DefId(0:27 ~ percent_encoding[200d]::{impl#0}::remove).25), kind: Lit(Spanned { node: Int(Pu128(1), Unsuffixed), span: /Users/georgeberdovskiy/.cargo/registry/src/index.crates.io-6f17d22bba15001f/percent-encoding-2.3.1/src/lib.rs:100:51: 100:52 (#0) }), span: /Users/georgeberdovskiy/.cargo/registry/src/index.crates.io-6f17d22bba15001f/percent-encoding-2.3.1/src/lib.rs:100:51: 100:52 (#0) }
[DEBUG] > RHS: Expr { hir_id: HirId(DefId(0:27 ~ percent_encoding[200d]::{impl#0}::remove).26), kind: Binary(Spanned { node: Rem, span: /Users/georgeberdovskiy/.cargo/registry/src/index.crates.io-6f17d22bba15001f/percent-encoding-2.3.1/src/lib.rs:100:71: 100:72 (#0) }, Expr { hir_id: HirId(DefId(0:27 ~ percent_encoding[200d]::{impl#0}::remove).27), kind: Cast(Expr { hir_id: HirId(DefId(0:27 ~ percent_encoding[200d]::{impl#0}::remove).28), kind: Path(Resolved(None, Path { span: /Users/georgeberdovskiy/.cargo/registry/src/index.crates.io-6f17d22bba15001f/percent-encoding-2.3.1/src/lib.rs:100:57: 100:61 (#0), res: Local(HirId(DefId(0:27 ~ percent_encoding[200d]::{impl#0}::remove).4)), segments: [PathSegment { ident: byte#0, hir_id: HirId(DefId(0:27 ~ percent_encoding[200d]::{impl#0}::remove).29), res: Local(HirId(DefId(0:27 ~ percent_encoding[200d]::{impl#0}::remove).4)), args: None, infer_args: true }] })), span: /Users/georgeberdovskiy/.cargo/registry/src/index.crates.io-6f17d22bba15001f/percent-encoding-2.3.1/src/lib.rs:100:57: 100:61 (#0) }, Ty { hir_id: HirId(DefId(0:27 ~ percent_encoding[200d]::{impl#0}::remove).30), kind: Path(Resolved(None, Path { span: /Users/georgeberdovskiy/.cargo/registry/src/index.crates.io-6f17d22bba15001f/percent-encoding-2.3.1/src/lib.rs:100:65: 100:70 (#0), res: PrimTy(Uint(Usize)), segments: [PathSegment { ident: usize#0, hir_id: HirId(DefId(0:27 ~ percent_encoding[200d]::{impl#0}::remove).31), res: PrimTy(Uint(Usize)), args: None, infer_args: false }] })), span: /Users/georgeberdovskiy/.cargo/registry/src/index.crates.io-6f17d22bba15001f/percent-encoding-2.3.1/src/lib.rs:100:65: 100:70 (#0) }), span: /Users/georgeberdovskiy/.cargo/registry/src/index.crates.io-6f17d22bba15001f/percent-encoding-2.3.1/src/lib.rs:100:57: 100:70 (#0) }, Expr { hir_id: HirId(DefId(0:27 ~ percent_encoding[200d]::{impl#0}::remove).32), kind: Path(Resolved(None, Path { span: /Users/georgeberdovskiy/.cargo/registry/src/index.crates.io-6f17d22bba15001f/percent-encoding-2.3.1/src/lib.rs:100:73: 100:87 (#0), res: Def(Const, DefId(0:22 ~ percent_encoding[200d]::BITS_PER_CHUNK)), segments: [PathSegment { ident: BITS_PER_CHUNK#0, hir_id: HirId(DefId(0:27 ~ percent_encoding[200d]::{impl#0}::remove).33), res: Def(Const, DefId(0:22 ~ percent_encoding[200d]::BITS_PER_CHUNK)), args: None, infer_args: true }] })), span: /Users/georgeberdovskiy/.cargo/registry/src/index.crates.io-6f17d22bba15001f/percent-encoding-2.3.1/src/lib.rs:100:73: 100:87 (#0) }), span: /Users/georgeberdovskiy/.cargo/registry/src/index.crates.io-6f17d22bba15001f/percent-encoding-2.3.1/src/lib.rs:100:56: 100:88 (#0) }
[DEBUG] Checking binary expression with...
[DEBUG] > LHS: Expr { hir_id: HirId(DefId(0:27 ~ percent_encoding[200d]::{impl#0}::remove).27), kind: Cast(Expr { hir_id: HirId(DefId(0:27 ~ percent_encoding[200d]::{impl#0}::remove).28), kind: Path(Resolved(None, Path { span: /Users/georgeberdovskiy/.cargo/registry/src/index.crates.io-6f17d22bba15001f/percent-encoding-2.3.1/src/lib.rs:100:57: 100:61 (#0), res: Local(HirId(DefId(0:27 ~ percent_encoding[200d]::{impl#0}::remove).4)), segments: [PathSegment { ident: byte#0, hir_id: HirId(DefId(0:27 ~ percent_encoding[200d]::{impl#0}::remove).29), res: Local(HirId(DefId(0:27 ~ percent_encoding[200d]::{impl#0}::remove).4)), args: None, infer_args: true }] })), span: /Users/georgeberdovskiy/.cargo/registry/src/index.crates.io-6f17d22bba15001f/percent-encoding-2.3.1/src/lib.rs:100:57: 100:61 (#0) }, Ty { hir_id: HirId(DefId(0:27 ~ percent_encoding[200d]::{impl#0}::remove).30), kind: Path(Resolved(None, Path { span: /Users/georgeberdovskiy/.cargo/registry/src/index.crates.io-6f17d22bba15001f/percent-encoding-2.3.1/src/lib.rs:100:65: 100:70 (#0), res: PrimTy(Uint(Usize)), segments: [PathSegment { ident: usize#0, hir_id: HirId(DefId(0:27 ~ percent_encoding[200d]::{impl#0}::remove).31), res: PrimTy(Uint(Usize)), args: None, infer_args: false }] })), span: /Users/georgeberdovskiy/.cargo/registry/src/index.crates.io-6f17d22bba15001f/percent-encoding-2.3.1/src/lib.rs:100:65: 100:70 (#0) }), span: /Users/georgeberdovskiy/.cargo/registry/src/index.crates.io-6f17d22bba15001f/percent-encoding-2.3.1/src/lib.rs:100:57: 100:70 (#0) }
[DEBUG] > RHS: Expr { hir_id: HirId(DefId(0:27 ~ percent_encoding[200d]::{impl#0}::remove).32), kind: Path(Resolved(None, Path { span: /Users/georgeberdovskiy/.cargo/registry/src/index.crates.io-6f17d22bba15001f/percent-encoding-2.3.1/src/lib.rs:100:73: 100:87 (#0), res: Def(Const, DefId(0:22 ~ percent_encoding[200d]::BITS_PER_CHUNK)), segments: [PathSegment { ident: BITS_PER_CHUNK#0, hir_id: HirId(DefId(0:27 ~ percent_encoding[200d]::{impl#0}::remove).33), res: Def(Const, DefId(0:22 ~ percent_encoding[200d]::BITS_PER_CHUNK)), args: None, infer_args: true }] })), span: /Users/georgeberdovskiy/.cargo/registry/src/index.crates.io-6f17d22bba15001f/percent-encoding-2.3.1/src/lib.rs:100:73: 100:87 (#0) }
[DEBUG]   > LHS Type is: Ty { property: FlowPair(Universal, Universal), kind: Infer }
[DEBUG]   > RHS Type is: Ty { property: FlowPair(Universal, Universal), kind: Infer }
[DEBUG]   > LHS Type is: Ty { property: FlowPair(Universal, Universal), kind: Infer }
[DEBUG]   > RHS Type is: Ty { property: FlowPair(Universal, Universal), kind: Infer }
[DEBUG] Trying to get func ty of defid DefId(0:68 ~ percent_encoding[200d]::_static_assert)
[DEBUG] >> FOUND IT! It's Ty { property: FlowPair(Universal, Universal), kind: Fn([], Ty { property: FlowPair(Universal, Universal), kind: Infer }) }
[DEBUG] Trying to get func ty of defid DefId(1:1721 ~ core[7d5a]::intrinsics::{extern#1}::transmute)
[DEBUG] >> NOT FOUND! Getting extern def
[DEBUG] Trying to get func ty of defid DefId(1:1721 ~ core[7d5a]::intrinsics::{extern#1}::transmute)
[DEBUG] >> FOUND IT! It's Ty { property: FlowPair(Universal, Universal), kind: Fn([Ty { property: FlowPair(Universal, Universal), kind: Infer }], Ty { property: FlowPair(Universal, Universal), kind: Infer }) }
[DEBUG] Trying to get func ty of defid DefId(1:1721 ~ core[7d5a]::intrinsics::{extern#1}::transmute)
[DEBUG] >> FOUND IT! It's Ty { property: FlowPair(Universal, Universal), kind: Fn([Ty { property: FlowPair(Universal, Universal), kind: Infer }], Ty { property: FlowPair(Universal, Universal), kind: Infer }) }
[DEBUG] Trying to get func ty of defid DefId(1:1721 ~ core[7d5a]::intrinsics::{extern#1}::transmute)
[DEBUG] >> FOUND IT! It's Ty { property: FlowPair(Universal, Universal), kind: Fn([Ty { property: FlowPair(Universal, Universal), kind: Infer }], Ty { property: FlowPair(Universal, Universal), kind: Infer }) }
[DEBUG] Trying to get func ty of defid DefId(1:1721 ~ core[7d5a]::intrinsics::{extern#1}::transmute)
[DEBUG] >> FOUND IT! It's Ty { property: FlowPair(Universal, Universal), kind: Fn([Ty { property: FlowPair(Universal, Universal), kind: Infer }], Ty { property: FlowPair(Universal, Universal), kind: Infer }) }
[DEBUG] Trying to get func ty of defid DefId(0:31 ~ percent_encoding[200d]::percent_encode_byte)
[DEBUG] >> FOUND IT! It's Ty { property: FlowPair(Universal, Universal), kind: Fn([Ty { property: FlowPair(Universal, Universal), kind: Infer }], Ty { property: FlowPair(Universal, Universal), kind: Infer }) }
[DEBUG] Checking binary expression with...
[DEBUG] > LHS: Expr { hir_id: HirId(DefId(0:31 ~ percent_encoding[200d]::percent_encode_byte).6), kind: Call(Expr { hir_id: HirId(DefId(0:31 ~ percent_encoding[200d]::percent_encode_byte).7), kind: Path(TypeRelative(Ty { hir_id: HirId(DefId(0:31 ~ percent_encoding[200d]::percent_encode_byte).9), kind: Path(Resolved(None, Path { span: /Users/georgeberdovskiy/.cargo/registry/src/index.crates.io-6f17d22bba15001f/percent-encoding-2.3.1/src/lib.rs:208:17: 208:22 (#0), res: PrimTy(Uint(Usize)), segments: [PathSegment { ident: usize#0, hir_id: HirId(DefId(0:31 ~ percent_encoding[200d]::percent_encode_byte).8), res: PrimTy(Uint(Usize)), args: None, infer_args: true }] })), span: /Users/georgeberdovskiy/.cargo/registry/src/index.crates.io-6f17d22bba15001f/percent-encoding-2.3.1/src/lib.rs:208:17: 208:22 (#0) }, PathSegment { ident: from#0, hir_id: HirId(DefId(0:31 ~ percent_encoding[200d]::percent_encode_byte).10), res: Err, args: None, infer_args: true })), span: /Users/georgeberdovskiy/.cargo/registry/src/index.crates.io-6f17d22bba15001f/percent-encoding-2.3.1/src/lib.rs:208:17: 208:28 (#0) }, [Expr { hir_id: HirId(DefId(0:31 ~ percent_encoding[200d]::percent_encode_byte).11), kind: Path(Resolved(None, Path { span: /Users/georgeberdovskiy/.cargo/registry/src/index.crates.io-6f17d22bba15001f/percent-encoding-2.3.1/src/lib.rs:208:29: 208:33 (#0), res: Local(HirId(DefId(0:31 ~ percent_encoding[200d]::percent_encode_byte).2)), segments: [PathSegment { ident: byte#0, hir_id: HirId(DefId(0:31 ~ percent_encoding[200d]::percent_encode_byte).12), res: Local(HirId(DefId(0:31 ~ percent_encoding[200d]::percent_encode_byte).2)), args: None, infer_args: true }] })), span: /Users/georgeberdovskiy/.cargo/registry/src/index.crates.io-6f17d22bba15001f/percent-encoding-2.3.1/src/lib.rs:208:29: 208:33 (#0) }]), span: /Users/georgeberdovskiy/.cargo/registry/src/index.crates.io-6f17d22bba15001f/percent-encoding-2.3.1/src/lib.rs:208:17: 208:34 (#0) }
[DEBUG] > RHS: Expr { hir_id: HirId(DefId(0:31 ~ percent_encoding[200d]::percent_encode_byte).13), kind: Lit(Spanned { node: Int(Pu128(3), Unsuffixed), span: /Users/georgeberdovskiy/.cargo/registry/src/index.crates.io-6f17d22bba15001f/percent-encoding-2.3.1/src/lib.rs:208:37: 208:38 (#0) }), span: /Users/georgeberdovskiy/.cargo/registry/src/index.crates.io-6f17d22bba15001f/percent-encoding-2.3.1/src/lib.rs:208:37: 208:38 (#0) }
[DEBUG] Trying to get func ty of defid DefId(1:3166 ~ core[7d5a]::convert::From::from)
[DEBUG] >> NOT FOUND! Getting extern def
[DEBUG] Done checking call expression with ret ty: Ty { property: FlowPair(Universal, Universal), kind: Infer }
[DEBUG]   > LHS Type is: Ty { property: FlowPair(Universal, Universal), kind: Infer }
[DEBUG]   > RHS Type is: Ty { property: FlowPair(Specific({"percent_encoding"}), Specific({"percent_encoding"})), kind: Infer }
[DEBUG] Trying to get func ty of defid DefId(1:13520 ~ core[7d5a]::str::converts::from_utf8_unchecked)
[DEBUG] >> NOT FOUND! Getting extern def
[DEBUG] Done checking call expression with ret ty: Ty { property: FlowPair(Universal, Universal), kind: Infer }
[DEBUG] Trying to get func ty of defid DefId(0:34 ~ percent_encoding[200d]::percent_encode)
[DEBUG] >> FOUND IT! It's Ty { property: FlowPair(Universal, Universal), kind: Fn([Ty { property: FlowPair(Universal, Universal), kind: Infer }, Ty { property: FlowPair(Universal, Universal), kind: Infer }], Ty { property: FlowPair(Universal, Universal), kind: Infer }) }
[DEBUG] Trying to get func ty of defid DefId(0:36 ~ percent_encoding[200d]::utf8_percent_encode)
[DEBUG] >> FOUND IT! It's Ty { property: FlowPair(Universal, Universal), kind: Fn([Ty { property: FlowPair(Universal, Universal), kind: Infer }, Ty { property: FlowPair(Universal, Universal), kind: Infer }], Ty { property: FlowPair(Universal, Universal), kind: Infer }) }
[DEBUG] Trying to get func ty of defid DefId(0:34 ~ percent_encoding[200d]::percent_encode)
[DEBUG] >> FOUND IT! It's Ty { property: FlowPair(Universal, Universal), kind: Fn([Ty { property: FlowPair(Universal, Universal), kind: Infer }, Ty { property: FlowPair(Universal, Universal), kind: Infer }], Ty { property: FlowPair(Universal, Universal), kind: Infer }) }
[DEBUG] Trying to get func ty of defid DefId(1:14306 ~ core[7d5a]::str::{impl#0}::as_bytes)
[DEBUG] >> NOT FOUND! Getting extern def
[DEBUG] Done checking call expression with ret ty: Ty { property: FlowPair(Universal, Universal), kind: Infer }
[DEBUG] Trying to get func ty of defid DefId(0:80 ~ percent_encoding[200d]::{impl#7}::clone)
[DEBUG] >> FOUND IT! It's Ty { property: FlowPair(Universal, Universal), kind: Fn([Ty { property: FlowPair(Universal, Universal), kind: Infer }], Ty { property: FlowPair(Universal, Universal), kind: Infer }) }
[DEBUG] Trying to get func ty of defid DefId(1:2919 ~ core[7d5a]::clone::Clone::clone)
[DEBUG] >> NOT FOUND! Getting extern def
[DEBUG] Done checking call expression with ret ty: Ty { property: FlowPair(Universal, Universal), kind: Infer }
[DEBUG] Trying to get func ty of defid DefId(1:2919 ~ core[7d5a]::clone::Clone::clone)
[DEBUG] >> FOUND IT! It's Ty { property: FlowPair(Universal, Universal), kind: Fn([Ty { property: FlowPair(Universal, Universal), kind: Infer }], Ty { property: FlowPair(Universal, Universal), kind: Infer }) }
[DEBUG] Done checking call expression with ret ty: Ty { property: FlowPair(Universal, Universal), kind: Infer }
[DEBUG] Trying to get func ty of defid DefId(0:41 ~ percent_encoding[200d]::{impl#1}::next)
[DEBUG] >> FOUND IT! It's Ty { property: FlowPair(Universal, Universal), kind: Fn([Ty { property: FlowPair(Universal, Universal), kind: Infer }], Ty { property: FlowPair(Universal, Universal), kind: Infer }) }
[DEBUG] Trying to get func ty of defid DefId(1:13232 ~ core[7d5a]::slice::{impl#0}::split_first)
[DEBUG] >> NOT FOUND! Getting extern def
[DEBUG] Checking `if` influenced by Ty { property: FlowPair(Universal, Universal), kind: Infer }
[DEBUG] Trying to get func ty of defid DefId(0:25 ~ percent_encoding[200d]::{impl#0}::should_percent_encode)
[DEBUG] >> FOUND IT! It's Ty { property: FlowPair(Universal, Universal), kind: Fn([Ty { property: FlowPair(Universal, Universal), kind: Infer }, Ty { property: FlowPair(Universal, Universal), kind: Infer }], Ty { property: FlowPair(Universal, Universal), kind: Infer }) }
[DEBUG] Checking `if` influenced by Ty { property: FlowPair(Universal, Universal), kind: Infer }
[DEBUG] Trying to get func ty of defid DefId(0:31 ~ percent_encoding[200d]::percent_encode_byte)
[DEBUG] >> FOUND IT! It's Ty { property: FlowPair(Universal, Universal), kind: Fn([Ty { property: FlowPair(Universal, Universal), kind: Infer }], Ty { property: FlowPair(Universal, Universal), kind: Infer }) }
[DEBUG] Done checking call expression with ret ty: Ty { property: FlowPair(Universal, Universal), kind: Infer }
[DEBUG] Trying to get func ty of defid DefId(1:8925 ~ core[7d5a]::iter::traits::iterator::Iterator::enumerate)
[DEBUG] >> NOT FOUND! Getting extern def
[DEBUG] Trying to get func ty of defid DefId(1:13287 ~ core[7d5a]::slice::{impl#0}::iter)
[DEBUG] >> NOT FOUND! Getting extern def
[DEBUG] Trying to get func ty of defid DefId(0:25 ~ percent_encoding[200d]::{impl#0}::should_percent_encode)
[DEBUG] >> FOUND IT! It's Ty { property: FlowPair(Universal, Universal), kind: Fn([Ty { property: FlowPair(Universal, Universal), kind: Infer }, Ty { property: FlowPair(Universal, Universal), kind: Infer }], Ty { property: FlowPair(Universal, Universal), kind: Infer }) }
[DEBUG] Checking `if` influenced by Ty { property: FlowPair(Universal, Universal), kind: Infer }
[DEBUG] Trying to get func ty of defid DefId(1:13326 ~ core[7d5a]::slice::{impl#0}::split_at)
[DEBUG] >> NOT FOUND! Getting extern def
[DEBUG] Checking binary expression with...
[DEBUG] > LHS: Expr { hir_id: HirId(DefId(0:41 ~ percent_encoding[200d]::{impl#1}::next).75), kind: Lit(Spanned { node: Int(Pu128(1), Unsuffixed), span: /Users/georgeberdovskiy/.cargo/registry/src/index.crates.io-6f17d22bba15001f/percent-encoding-2.3.1/src/lib.rs:276:80: 276:81 (#0) }), span: /Users/georgeberdovskiy/.cargo/registry/src/index.crates.io-6f17d22bba15001f/percent-encoding-2.3.1/src/lib.rs:276:80: 276:81 (#0) }
[DEBUG] > RHS: Expr { hir_id: HirId(DefId(0:41 ~ percent_encoding[200d]::{impl#1}::next).76), kind: Path(Resolved(None, Path { span: /Users/georgeberdovskiy/.cargo/registry/src/index.crates.io-6f17d22bba15001f/percent-encoding-2.3.1/src/lib.rs:276:84: 276:85 (#0), res: Local(HirId(DefId(0:41 ~ percent_encoding[200d]::{impl#1}::next).49)), segments: [PathSegment { ident: i#0, hir_id: HirId(DefId(0:41 ~ percent_encoding[200d]::{impl#1}::next).77), res: Local(HirId(DefId(0:41 ~ percent_encoding[200d]::{impl#1}::next).49)), args: None, infer_args: true }] })), span: /Users/georgeberdovskiy/.cargo/registry/src/index.crates.io-6f17d22bba15001f/percent-encoding-2.3.1/src/lib.rs:276:84: 276:85 (#0) }
[DEBUG]   > LHS Type is: Ty { property: FlowPair(Universal, Universal), kind: Infer }
[DEBUG]   > RHS Type is: Ty { property: FlowPair(Universal, Universal), kind: Infer }
[DEBUG] Trying to get func ty of defid DefId(1:13520 ~ core[7d5a]::str::converts::from_utf8_unchecked)
[DEBUG] >> FOUND IT! It's Ty { property: FlowPair(Universal, Universal), kind: Fn([Ty { property: FlowPair(Universal, Universal), kind: Infer }], Ty { property: FlowPair(Universal, Universal), kind: Infer }) }
[DEBUG] Done checking call expression with ret ty: Ty { property: FlowPair(Universal, Universal), kind: Infer }
[DEBUG] Trying to get func ty of defid DefId(1:13520 ~ core[7d5a]::str::converts::from_utf8_unchecked)
[DEBUG] >> FOUND IT! It's Ty { property: FlowPair(Universal, Universal), kind: Fn([Ty { property: FlowPair(Universal, Universal), kind: Infer }], Ty { property: FlowPair(Universal, Universal), kind: Infer }) }
[DEBUG] Done checking call expression with ret ty: Ty { property: FlowPair(Universal, Universal), kind: Infer }
[DEBUG] Trying to get func ty of defid DefId(0:42 ~ percent_encoding[200d]::{impl#1}::size_hint)
[DEBUG] >> FOUND IT! It's Ty { property: FlowPair(Universal, Universal), kind: Fn([Ty { property: FlowPair(Universal, Universal), kind: Infer }], Ty { property: FlowPair(Universal, Universal), kind: Infer }) }
[DEBUG] Trying to get func ty of defid DefId(1:13229 ~ core[7d5a]::slice::{impl#0}::is_empty)
[DEBUG] >> NOT FOUND! Getting extern def
[DEBUG] Checking `if` influenced by Ty { property: FlowPair(Universal, Universal), kind: Infer }
[DEBUG] Trying to get func ty of defid DefId(1:13228 ~ core[7d5a]::slice::{impl#0}::len)
[DEBUG] >> NOT FOUND! Getting extern def
[DEBUG] Trying to get func ty of defid DefId(0:45 ~ percent_encoding[200d]::{impl#2}::fmt)
[DEBUG] >> FOUND IT! It's Ty { property: FlowPair(Universal, Universal), kind: Fn([Ty { property: FlowPair(Universal, Universal), kind: Infer }, Ty { property: FlowPair(Universal, Universal), kind: Infer }], Ty { property: FlowPair(Universal, Universal), kind: Infer }) }
[DEBUG] Trying to get func ty of defid DefId(1:2919 ~ core[7d5a]::clone::Clone::clone)
[DEBUG] >> FOUND IT! It's Ty { property: FlowPair(Universal, Universal), kind: Fn([Ty { property: FlowPair(Universal, Universal), kind: Infer }], Ty { property: FlowPair(Universal, Universal), kind: Infer }) }
[DEBUG] Trying to get func ty of defid DefId(1:3892 ~ core[7d5a]::ops::try_trait::Try::branch)
[DEBUG] >> NOT FOUND! Getting extern def
[DEBUG] Trying to get func ty of defid DefId(1:11181 ~ core[7d5a]::fmt::{impl#9}::write_str)
[DEBUG] >> NOT FOUND! Getting extern def
[DEBUG] Done checking call expression with ret ty: Ty { property: FlowPair(Universal, Universal), kind: Infer }
[DEBUG] Trying to get func ty of defid DefId(1:3895 ~ core[7d5a]::ops::try_trait::FromResidual::from_residual)
[DEBUG] >> NOT FOUND! Getting extern def
[DEBUG] Done checking call expression with ret ty: Ty { property: FlowPair(Universal, Universal), kind: Infer }
[DEBUG] Trying to get func ty of defid DefId(0:48 ~ percent_encoding[200d]::{impl#3}::from)
[DEBUG] >> FOUND IT! It's Ty { property: FlowPair(Universal, Universal), kind: Fn([Ty { property: FlowPair(Universal, Universal), kind: Infer }], Ty { property: FlowPair(Universal, Universal), kind: Infer }) }
[DEBUG] Trying to get func ty of defid DefId(1:8890 ~ core[7d5a]::iter::traits::iterator::Iterator::next)
[DEBUG] >> NOT FOUND! Getting extern def
[DEBUG] Trying to get func ty of defid DefId(1:3163 ~ core[7d5a]::convert::Into::into)
[DEBUG] >> NOT FOUND! Getting extern def
[DEBUG] Trying to get func ty of defid DefId(1:8890 ~ core[7d5a]::iter::traits::iterator::Iterator::next)
[DEBUG] >> FOUND IT! It's Ty { property: FlowPair(Universal, Universal), kind: Fn([Ty { property: FlowPair(Universal, Universal), kind: Infer }], Ty { property: FlowPair(Universal, Universal), kind: Infer }) }
[DEBUG] Trying to get func ty of defid DefId(1:3163 ~ core[7d5a]::convert::Into::into)
[DEBUG] >> FOUND IT! It's Ty { property: FlowPair(Universal, Universal), kind: Fn([Ty { property: FlowPair(Universal, Universal), kind: Infer }], Ty { property: FlowPair(Universal, Universal), kind: Infer }) }
[DEBUG] Trying to get func ty of defid DefId(5:820 ~ alloc[5873]::borrow::ToOwned::to_owned)
[DEBUG] >> NOT FOUND! Getting extern def
[DEBUG] Trying to get func ty of defid DefId(5:5990 ~ alloc[5873]::string::{impl#0}::push_str)
[DEBUG] >> NOT FOUND! Getting extern def
[DEBUG] Trying to get func ty of defid DefId(1:8717 ~ core[7d5a]::iter::traits::collect::Extend::extend)
[DEBUG] >> NOT FOUND! Getting extern def
[DEBUG] Trying to get func ty of defid DefId(1:3163 ~ core[7d5a]::convert::Into::into)
[DEBUG] >> FOUND IT! It's Ty { property: FlowPair(Universal, Universal), kind: Fn([Ty { property: FlowPair(Universal, Universal), kind: Infer }], Ty { property: FlowPair(Universal, Universal), kind: Infer }) }
[DEBUG] Trying to get func ty of defid DefId(0:49 ~ percent_encoding[200d]::percent_decode_str)
[DEBUG] >> FOUND IT! It's Ty { property: FlowPair(Universal, Universal), kind: Fn([Ty { property: FlowPair(Universal, Universal), kind: Infer }], Ty { property: FlowPair(Universal, Universal), kind: Infer }) }
[DEBUG] Trying to get func ty of defid DefId(0:50 ~ percent_encoding[200d]::percent_decode)
[DEBUG] >> NOT FOUND! Getting extern def
[DEBUG] Trying to get func ty of defid DefId(1:14306 ~ core[7d5a]::str::{impl#0}::as_bytes)
[DEBUG] >> FOUND IT! It's Ty { property: FlowPair(Universal, Universal), kind: Fn([Ty { property: FlowPair(Universal, Universal), kind: Infer }], Ty { property: FlowPair(Universal, Universal), kind: Infer }) }
[DEBUG] Done checking call expression with ret ty: Ty { property: FlowPair(Universal, Universal), kind: Infer }
[DEBUG] Trying to get func ty of defid DefId(0:50 ~ percent_encoding[200d]::percent_decode)
[DEBUG] >> FOUND IT! It's Ty { property: FlowPair(Universal, Universal), kind: Fn([Ty { property: FlowPair(Universal, Universal), kind: Infer }], Ty { property: FlowPair(Universal, Universal), kind: Infer }) }
[DEBUG] Trying to get func ty of defid DefId(1:13287 ~ core[7d5a]::slice::{impl#0}::iter)
[DEBUG] >> FOUND IT! It's Ty { property: FlowPair(Universal, Universal), kind: Fn([Ty { property: FlowPair(Universal, Universal), kind: Infer }], Ty { property: FlowPair(Universal, Universal), kind: Infer }) }
[DEBUG] Trying to get func ty of defid DefId(0:86 ~ percent_encoding[200d]::{impl#8}::clone)
[DEBUG] >> FOUND IT! It's Ty { property: FlowPair(Universal, Universal), kind: Fn([Ty { property: FlowPair(Universal, Universal), kind: Infer }], Ty { property: FlowPair(Universal, Universal), kind: Infer }) }
[DEBUG] Trying to get func ty of defid DefId(1:2919 ~ core[7d5a]::clone::Clone::clone)
[DEBUG] >> FOUND IT! It's Ty { property: FlowPair(Universal, Universal), kind: Fn([Ty { property: FlowPair(Universal, Universal), kind: Infer }], Ty { property: FlowPair(Universal, Universal), kind: Infer }) }
[DEBUG] Done checking call expression with ret ty: Ty { property: FlowPair(Universal, Universal), kind: Infer }
[DEBUG] Trying to get func ty of defid DefId(0:89 ~ percent_encoding[200d]::{impl#9}::fmt)
[DEBUG] >> FOUND IT! It's Ty { property: FlowPair(Universal, Universal), kind: Fn([Ty { property: FlowPair(Universal, Universal), kind: Infer }, Ty { property: FlowPair(Universal, Universal), kind: Infer }], Ty { property: FlowPair(Universal, Universal), kind: Infer }) }
[DEBUG] Trying to get func ty of defid DefId(1:11196 ~ core[7d5a]::fmt::{impl#9}::debug_struct_field1_finish)
[DEBUG] >> NOT FOUND! Getting extern def
[DEBUG] Done checking call expression with ret ty: Ty { property: FlowPair(Universal, Universal), kind: Infer }
[DEBUG] Trying to get func ty of defid DefId(0:51 ~ percent_encoding[200d]::after_percent_sign)
[DEBUG] >> FOUND IT! It's Ty { property: FlowPair(Universal, Universal), kind: Fn([Ty { property: FlowPair(Universal, Universal), kind: Infer }], Ty { property: FlowPair(Universal, Universal), kind: Infer }) }
[DEBUG] Trying to get func ty of defid DefId(1:2919 ~ core[7d5a]::clone::Clone::clone)
[DEBUG] >> FOUND IT! It's Ty { property: FlowPair(Universal, Universal), kind: Fn([Ty { property: FlowPair(Universal, Universal), kind: Infer }], Ty { property: FlowPair(Universal, Universal), kind: Infer }) }
[DEBUG] Trying to get func ty of defid DefId(1:3892 ~ core[7d5a]::ops::try_trait::Try::branch)
[DEBUG] >> FOUND IT! It's Ty { property: FlowPair(Universal, Universal), kind: Fn([Ty { property: FlowPair(Universal, Universal), kind: Infer }], Ty { property: FlowPair(Universal, Universal), kind: Infer }) }
[DEBUG] Trying to get func ty of defid DefId(1:5299 ~ core[7d5a]::char::methods::{impl#0}::to_digit)
[DEBUG] >> NOT FOUND! Getting extern def
[DEBUG] Trying to get func ty of defid DefId(1:3166 ~ core[7d5a]::convert::From::from)
[DEBUG] >> FOUND IT! It's Ty { property: FlowPair(Universal, Universal), kind: Fn([Ty { property: FlowPair(Universal, Universal), kind: Infer }], Ty { property: FlowPair(Universal, Universal), kind: Infer }) }
[DEBUG] Trying to get func ty of defid DefId(1:3892 ~ core[7d5a]::ops::try_trait::Try::branch)
[DEBUG] >> FOUND IT! It's Ty { property: FlowPair(Universal, Universal), kind: Fn([Ty { property: FlowPair(Universal, Universal), kind: Infer }], Ty { property: FlowPair(Universal, Universal), kind: Infer }) }
[DEBUG] Trying to get func ty of defid DefId(1:8890 ~ core[7d5a]::iter::traits::iterator::Iterator::next)
[DEBUG] >> FOUND IT! It's Ty { property: FlowPair(Universal, Universal), kind: Fn([Ty { property: FlowPair(Universal, Universal), kind: Infer }], Ty { property: FlowPair(Universal, Universal), kind: Infer }) }
[DEBUG] Done checking call expression with ret ty: Ty { property: FlowPair(Universal, Universal), kind: Infer }
[DEBUG] Trying to get func ty of defid DefId(1:3895 ~ core[7d5a]::ops::try_trait::FromResidual::from_residual)
[DEBUG] >> FOUND IT! It's Ty { property: FlowPair(Universal, Universal), kind: Fn([Ty { property: FlowPair(Universal, Universal), kind: Infer }], Ty { property: FlowPair(Universal, Universal), kind: Infer }) }
[DEBUG] Done checking call expression with ret ty: Ty { property: FlowPair(Universal, Universal), kind: Infer }
[DEBUG] Done checking call expression with ret ty: Ty { property: FlowPair(Universal, Universal), kind: Infer }
[DEBUG] Done checking call expression with ret ty: Ty { property: FlowPair(Universal, Universal), kind: Infer }
[DEBUG] Trying to get func ty of defid DefId(1:3895 ~ core[7d5a]::ops::try_trait::FromResidual::from_residual)
[DEBUG] >> FOUND IT! It's Ty { property: FlowPair(Universal, Universal), kind: Fn([Ty { property: FlowPair(Universal, Universal), kind: Infer }], Ty { property: FlowPair(Universal, Universal), kind: Infer }) }
[DEBUG] Done checking call expression with ret ty: Ty { property: FlowPair(Universal, Universal), kind: Infer }
[DEBUG] Trying to get func ty of defid DefId(1:3892 ~ core[7d5a]::ops::try_trait::Try::branch)
[DEBUG] >> FOUND IT! It's Ty { property: FlowPair(Universal, Universal), kind: Fn([Ty { property: FlowPair(Universal, Universal), kind: Infer }], Ty { property: FlowPair(Universal, Universal), kind: Infer }) }
[DEBUG] Trying to get func ty of defid DefId(1:5299 ~ core[7d5a]::char::methods::{impl#0}::to_digit)
[DEBUG] >> FOUND IT! It's Ty { property: FlowPair(Universal, Universal), kind: Fn([Ty { property: FlowPair(Universal, Universal), kind: Infer }, Ty { property: FlowPair(Universal, Universal), kind: Infer }], Ty { property: FlowPair(Universal, Universal), kind: Infer }) }
[DEBUG] Trying to get func ty of defid DefId(1:3166 ~ core[7d5a]::convert::From::from)
[DEBUG] >> FOUND IT! It's Ty { property: FlowPair(Universal, Universal), kind: Fn([Ty { property: FlowPair(Universal, Universal), kind: Infer }], Ty { property: FlowPair(Universal, Universal), kind: Infer }) }
[DEBUG] Trying to get func ty of defid DefId(1:3892 ~ core[7d5a]::ops::try_trait::Try::branch)
[DEBUG] >> FOUND IT! It's Ty { property: FlowPair(Universal, Universal), kind: Fn([Ty { property: FlowPair(Universal, Universal), kind: Infer }], Ty { property: FlowPair(Universal, Universal), kind: Infer }) }
[DEBUG] Trying to get func ty of defid DefId(1:8890 ~ core[7d5a]::iter::traits::iterator::Iterator::next)
[DEBUG] >> FOUND IT! It's Ty { property: FlowPair(Universal, Universal), kind: Fn([Ty { property: FlowPair(Universal, Universal), kind: Infer }], Ty { property: FlowPair(Universal, Universal), kind: Infer }) }
[DEBUG] Done checking call expression with ret ty: Ty { property: FlowPair(Universal, Universal), kind: Infer }
[DEBUG] Trying to get func ty of defid DefId(1:3895 ~ core[7d5a]::ops::try_trait::FromResidual::from_residual)
[DEBUG] >> FOUND IT! It's Ty { property: FlowPair(Universal, Universal), kind: Fn([Ty { property: FlowPair(Universal, Universal), kind: Infer }], Ty { property: FlowPair(Universal, Universal), kind: Infer }) }
[DEBUG] Done checking call expression with ret ty: Ty { property: FlowPair(Universal, Universal), kind: Infer }
[DEBUG] Done checking call expression with ret ty: Ty { property: FlowPair(Universal, Universal), kind: Infer }
[DEBUG] Done checking call expression with ret ty: Ty { property: FlowPair(Universal, Universal), kind: Infer }
[DEBUG] Trying to get func ty of defid DefId(1:3895 ~ core[7d5a]::ops::try_trait::FromResidual::from_residual)
[DEBUG] >> FOUND IT! It's Ty { property: FlowPair(Universal, Universal), kind: Fn([Ty { property: FlowPair(Universal, Universal), kind: Infer }], Ty { property: FlowPair(Universal, Universal), kind: Infer }) }
[DEBUG] Done checking call expression with ret ty: Ty { property: FlowPair(Universal, Universal), kind: Infer }
[DEBUG] Checking binary expression with...
[DEBUG] > LHS: Expr { hir_id: HirId(DefId(0:51 ~ percent_encoding[200d]::after_percent_sign).125), kind: Binary(Spanned { node: Mul, span: /Users/georgeberdovskiy/.cargo/registry/src/index.crates.io-6f17d22bba15001f/percent-encoding-2.3.1/src/lib.rs:372:18: 372:19 (#0) }, Expr { hir_id: HirId(DefId(0:51 ~ percent_encoding[200d]::after_percent_sign).126), kind: Cast(Expr { hir_id: HirId(DefId(0:51 ~ percent_encoding[200d]::after_percent_sign).127), kind: Path(Resolved(None, Path { span: /Users/georgeberdovskiy/.cargo/registry/src/index.crates.io-6f17d22bba15001f/percent-encoding-2.3.1/src/lib.rs:372:10: 372:11 (#0), res: Local(HirId(DefId(0:51 ~ percent_encoding[200d]::after_percent_sign).61)), segments: [PathSegment { ident: h#0, hir_id: HirId(DefId(0:51 ~ percent_encoding[200d]::after_percent_sign).128), res: Local(HirId(DefId(0:51 ~ percent_encoding[200d]::after_percent_sign).61)), args: None, infer_args: true }] })), span: /Users/georgeberdovskiy/.cargo/registry/src/index.crates.io-6f17d22bba15001f/percent-encoding-2.3.1/src/lib.rs:372:10: 372:11 (#0) }, Ty { hir_id: HirId(DefId(0:51 ~ percent_encoding[200d]::after_percent_sign).129), kind: Path(Resolved(None, Path { span: /Users/georgeberdovskiy/.cargo/registry/src/index.crates.io-6f17d22bba15001f/percent-encoding-2.3.1/src/lib.rs:372:15: 372:17 (#0), res: PrimTy(Uint(U8)), segments: [PathSegment { ident: u8#0, hir_id: HirId(DefId(0:51 ~ percent_encoding[200d]::after_percent_sign).130), res: PrimTy(Uint(U8)), args: None, infer_args: false }] })), span: /Users/georgeberdovskiy/.cargo/registry/src/index.crates.io-6f17d22bba15001f/percent-encoding-2.3.1/src/lib.rs:372:15: 372:17 (#0) }), span: /Users/georgeberdovskiy/.cargo/registry/src/index.crates.io-6f17d22bba15001f/percent-encoding-2.3.1/src/lib.rs:372:10: 372:17 (#0) }, Expr { hir_id: HirId(DefId(0:51 ~ percent_encoding[200d]::after_percent_sign).131), kind: Lit(Spanned { node: Int(Pu128(16), Unsuffixed), span: /Users/georgeberdovskiy/.cargo/registry/src/index.crates.io-6f17d22bba15001f/percent-encoding-2.3.1/src/lib.rs:372:20: 372:24 (#0) }), span: /Users/georgeberdovskiy/.cargo/registry/src/index.crates.io-6f17d22bba15001f/percent-encoding-2.3.1/src/lib.rs:372:20: 372:24 (#0) }), span: /Users/georgeberdovskiy/.cargo/registry/src/index.crates.io-6f17d22bba15001f/percent-encoding-2.3.1/src/lib.rs:372:10: 372:24 (#0) }
[DEBUG] > RHS: Expr { hir_id: HirId(DefId(0:51 ~ percent_encoding[200d]::after_percent_sign).132), kind: Cast(Expr { hir_id: HirId(DefId(0:51 ~ percent_encoding[200d]::after_percent_sign).133), kind: Path(Resolved(None, Path { span: /Users/georgeberdovskiy/.cargo/registry/src/index.crates.io-6f17d22bba15001f/percent-encoding-2.3.1/src/lib.rs:372:27: 372:28 (#0), res: Local(HirId(DefId(0:51 ~ percent_encoding[200d]::after_percent_sign).113)), segments: [PathSegment { ident: l#0, hir_id: HirId(DefId(0:51 ~ percent_encoding[200d]::after_percent_sign).134), res: Local(HirId(DefId(0:51 ~ percent_encoding[200d]::after_percent_sign).113)), args: None, infer_args: true }] })), span: /Users/georgeberdovskiy/.cargo/registry/src/index.crates.io-6f17d22bba15001f/percent-encoding-2.3.1/src/lib.rs:372:27: 372:28 (#0) }, Ty { hir_id: HirId(DefId(0:51 ~ percent_encoding[200d]::after_percent_sign).135), kind: Path(Resolved(None, Path { span: /Users/georgeberdovskiy/.cargo/registry/src/index.crates.io-6f17d22bba15001f/percent-encoding-2.3.1/src/lib.rs:372:32: 372:34 (#0), res: PrimTy(Uint(U8)), segments: [PathSegment { ident: u8#0, hir_id: HirId(DefId(0:51 ~ percent_encoding[200d]::after_percent_sign).136), res: PrimTy(Uint(U8)), args: None, infer_args: false }] })), span: /Users/georgeberdovskiy/.cargo/registry/src/index.crates.io-6f17d22bba15001f/percent-encoding-2.3.1/src/lib.rs:372:32: 372:34 (#0) }), span: /Users/georgeberdovskiy/.cargo/registry/src/index.crates.io-6f17d22bba15001f/percent-encoding-2.3.1/src/lib.rs:372:27: 372:34 (#0) }
[DEBUG] Checking binary expression with...
[DEBUG] > LHS: Expr { hir_id: HirId(DefId(0:51 ~ percent_encoding[200d]::after_percent_sign).126), kind: Cast(Expr { hir_id: HirId(DefId(0:51 ~ percent_encoding[200d]::after_percent_sign).127), kind: Path(Resolved(None, Path { span: /Users/georgeberdovskiy/.cargo/registry/src/index.crates.io-6f17d22bba15001f/percent-encoding-2.3.1/src/lib.rs:372:10: 372:11 (#0), res: Local(HirId(DefId(0:51 ~ percent_encoding[200d]::after_percent_sign).61)), segments: [PathSegment { ident: h#0, hir_id: HirId(DefId(0:51 ~ percent_encoding[200d]::after_percent_sign).128), res: Local(HirId(DefId(0:51 ~ percent_encoding[200d]::after_percent_sign).61)), args: None, infer_args: true }] })), span: /Users/georgeberdovskiy/.cargo/registry/src/index.crates.io-6f17d22bba15001f/percent-encoding-2.3.1/src/lib.rs:372:10: 372:11 (#0) }, Ty { hir_id: HirId(DefId(0:51 ~ percent_encoding[200d]::after_percent_sign).129), kind: Path(Resolved(None, Path { span: /Users/georgeberdovskiy/.cargo/registry/src/index.crates.io-6f17d22bba15001f/percent-encoding-2.3.1/src/lib.rs:372:15: 372:17 (#0), res: PrimTy(Uint(U8)), segments: [PathSegment { ident: u8#0, hir_id: HirId(DefId(0:51 ~ percent_encoding[200d]::after_percent_sign).130), res: PrimTy(Uint(U8)), args: None, infer_args: false }] })), span: /Users/georgeberdovskiy/.cargo/registry/src/index.crates.io-6f17d22bba15001f/percent-encoding-2.3.1/src/lib.rs:372:15: 372:17 (#0) }), span: /Users/georgeberdovskiy/.cargo/registry/src/index.crates.io-6f17d22bba15001f/percent-encoding-2.3.1/src/lib.rs:372:10: 372:17 (#0) }
[DEBUG] > RHS: Expr { hir_id: HirId(DefId(0:51 ~ percent_encoding[200d]::after_percent_sign).131), kind: Lit(Spanned { node: Int(Pu128(16), Unsuffixed), span: /Users/georgeberdovskiy/.cargo/registry/src/index.crates.io-6f17d22bba15001f/percent-encoding-2.3.1/src/lib.rs:372:20: 372:24 (#0) }), span: /Users/georgeberdovskiy/.cargo/registry/src/index.crates.io-6f17d22bba15001f/percent-encoding-2.3.1/src/lib.rs:372:20: 372:24 (#0) }
[DEBUG]   > LHS Type is: Ty { property: FlowPair(Universal, Universal), kind: Infer }
[DEBUG]   > RHS Type is: Ty { property: FlowPair(Universal, Universal), kind: Infer }
[DEBUG]   > LHS Type is: Ty { property: FlowPair(Universal, Universal), kind: Infer }
[DEBUG]   > RHS Type is: Ty { property: FlowPair(Universal, Universal), kind: Infer }
[DEBUG] Trying to get func ty of defid DefId(0:55 ~ percent_encoding[200d]::{impl#4}::next)
[DEBUG] >> FOUND IT! It's Ty { property: FlowPair(Universal, Universal), kind: Fn([Ty { property: FlowPair(Universal, Universal), kind: Infer }], Ty { property: FlowPair(Universal, Universal), kind: Infer }) }
[DEBUG] Trying to get func ty of defid DefId(1:9676 ~ core[7d5a]::option::{impl#0}::map)
[DEBUG] >> NOT FOUND! Getting extern def
[DEBUG] Trying to get func ty of defid DefId(1:8890 ~ core[7d5a]::iter::traits::iterator::Iterator::next)
[DEBUG] >> FOUND IT! It's Ty { property: FlowPair(Universal, Universal), kind: Fn([Ty { property: FlowPair(Universal, Universal), kind: Infer }], Ty { property: FlowPair(Universal, Universal), kind: Infer }) }
[DEBUG] Checking binary expression with...
[DEBUG] > LHS: Expr { hir_id: HirId(DefId(0:55 ~ percent_encoding[200d]::{impl#4}::next).17), kind: Path(Resolved(None, Path { span: /Users/georgeberdovskiy/.cargo/registry/src/index.crates.io-6f17d22bba15001f/percent-encoding-2.3.1/src/lib.rs:380:16: 380:20 (#0), res: Local(HirId(DefId(0:55 ~ percent_encoding[200d]::{impl#4}::next).12)), segments: [PathSegment { ident: byte#0, hir_id: HirId(DefId(0:55 ~ percent_encoding[200d]::{impl#4}::next).18), res: Local(HirId(DefId(0:55 ~ percent_encoding[200d]::{impl#4}::next).12)), args: None, infer_args: true }] })), span: /Users/georgeberdovskiy/.cargo/registry/src/index.crates.io-6f17d22bba15001f/percent-encoding-2.3.1/src/lib.rs:380:16: 380:20 (#0) }
[DEBUG] > RHS: Expr { hir_id: HirId(DefId(0:55 ~ percent_encoding[200d]::{impl#4}::next).19), kind: Lit(Spanned { node: Byte(37), span: /Users/georgeberdovskiy/.cargo/registry/src/index.crates.io-6f17d22bba15001f/percent-encoding-2.3.1/src/lib.rs:380:24: 380:28 (#0) }), span: /Users/georgeberdovskiy/.cargo/registry/src/index.crates.io-6f17d22bba15001f/percent-encoding-2.3.1/src/lib.rs:380:24: 380:28 (#0) }
[DEBUG] [WARN] Silently failed to get type of local var
[DEBUG]   > LHS Type is: Ty { property: FlowPair(Specific({"percent_encoding"}), Specific({"percent_encoding"})), kind: Infer }
[DEBUG]   > RHS Type is: Ty { property: FlowPair(Specific({"percent_encoding"}), Specific({"percent_encoding"})), kind: Infer }
[DEBUG] Checking `if` influenced by Ty { property: FlowPair(Specific({"percent_encoding"}), Specific({"percent_encoding"})), kind: Infer }
[DEBUG] Trying to get func ty of defid DefId(1:9671 ~ core[7d5a]::option::{impl#0}::unwrap_or)
[DEBUG] >> NOT FOUND! Getting extern def
[DEBUG] Trying to get func ty of defid DefId(0:51 ~ percent_encoding[200d]::after_percent_sign)
[DEBUG] >> FOUND IT! It's Ty { property: FlowPair(Universal, Universal), kind: Fn([Ty { property: FlowPair(Universal, Universal), kind: Infer }], Ty { property: FlowPair(Universal, Universal), kind: Infer }) }
[DEBUG] Done checking call expression with ret ty: Ty { property: FlowPair(Universal, Universal), kind: Infer }
[DEBUG] [WARN] Silently failed to get type of local var
[DEBUG] [WARN] Silently failed to get type of local var
[DEBUG] Trying to get func ty of defid DefId(0:57 ~ percent_encoding[200d]::{impl#4}::size_hint)
[DEBUG] >> FOUND IT! It's Ty { property: FlowPair(Universal, Universal), kind: Fn([Ty { property: FlowPair(Universal, Universal), kind: Infer }], Ty { property: FlowPair(Universal, Universal), kind: Infer }) }
[DEBUG] Trying to get func ty of defid DefId(1:8837 ~ core[7d5a]::iter::traits::exact_size::ExactSizeIterator::len)
[DEBUG] >> NOT FOUND! Getting extern def
[DEBUG] Checking binary expression with...
[DEBUG] > LHS: Expr { hir_id: HirId(DefId(0:57 ~ percent_encoding[200d]::{impl#4}::size_hint).13), kind: Binary(Spanned { node: Add, span: /Users/georgeberdovskiy/.cargo/registry/src/index.crates.io-6f17d22bba15001f/percent-encoding-2.3.1/src/lib.rs:390:17: 390:18 (#0) }, Expr { hir_id: HirId(DefId(0:57 ~ percent_encoding[200d]::{impl#4}::size_hint).14), kind: Path(Resolved(None, Path { span: /Users/georgeberdovskiy/.cargo/registry/src/index.crates.io-6f17d22bba15001f/percent-encoding-2.3.1/src/lib.rs:390:11: 390:16 (#0), res: Local(HirId(DefId(0:57 ~ percent_encoding[200d]::{impl#4}::size_hint).10)), segments: [PathSegment { ident: bytes#0, hir_id: HirId(DefId(0:57 ~ percent_encoding[200d]::{impl#4}::size_hint).15), res: Local(HirId(DefId(0:57 ~ percent_encoding[200d]::{impl#4}::size_hint).10)), args: None, infer_args: true }] })), span: /Users/georgeberdovskiy/.cargo/registry/src/index.crates.io-6f17d22bba15001f/percent-encoding-2.3.1/src/lib.rs:390:11: 390:16 (#0) }, Expr { hir_id: HirId(DefId(0:57 ~ percent_encoding[200d]::{impl#4}::size_hint).16), kind: Lit(Spanned { node: Int(Pu128(2), Unsuffixed), span: /Users/georgeberdovskiy/.cargo/registry/src/index.crates.io-6f17d22bba15001f/percent-encoding-2.3.1/src/lib.rs:390:19: 390:20 (#0) }), span: /Users/georgeberdovskiy/.cargo/registry/src/index.crates.io-6f17d22bba15001f/percent-encoding-2.3.1/src/lib.rs:390:19: 390:20 (#0) }), span: /Users/georgeberdovskiy/.cargo/registry/src/index.crates.io-6f17d22bba15001f/percent-encoding-2.3.1/src/lib.rs:390:10: 390:21 (#0) }
[DEBUG] > RHS: Expr { hir_id: HirId(DefId(0:57 ~ percent_encoding[200d]::{impl#4}::size_hint).17), kind: Lit(Spanned { node: Int(Pu128(3), Unsuffixed), span: /Users/georgeberdovskiy/.cargo/registry/src/index.crates.io-6f17d22bba15001f/percent-encoding-2.3.1/src/lib.rs:390:24: 390:25 (#0) }), span: /Users/georgeberdovskiy/.cargo/registry/src/index.crates.io-6f17d22bba15001f/percent-encoding-2.3.1/src/lib.rs:390:24: 390:25 (#0) }
[DEBUG] Checking binary expression with...
[DEBUG] > LHS: Expr { hir_id: HirId(DefId(0:57 ~ percent_encoding[200d]::{impl#4}::size_hint).14), kind: Path(Resolved(None, Path { span: /Users/georgeberdovskiy/.cargo/registry/src/index.crates.io-6f17d22bba15001f/percent-encoding-2.3.1/src/lib.rs:390:11: 390:16 (#0), res: Local(HirId(DefId(0:57 ~ percent_encoding[200d]::{impl#4}::size_hint).10)), segments: [PathSegment { ident: bytes#0, hir_id: HirId(DefId(0:57 ~ percent_encoding[200d]::{impl#4}::size_hint).15), res: Local(HirId(DefId(0:57 ~ percent_encoding[200d]::{impl#4}::size_hint).10)), args: None, infer_args: true }] })), span: /Users/georgeberdovskiy/.cargo/registry/src/index.crates.io-6f17d22bba15001f/percent-encoding-2.3.1/src/lib.rs:390:11: 390:16 (#0) }
[DEBUG] > RHS: Expr { hir_id: HirId(DefId(0:57 ~ percent_encoding[200d]::{impl#4}::size_hint).16), kind: Lit(Spanned { node: Int(Pu128(2), Unsuffixed), span: /Users/georgeberdovskiy/.cargo/registry/src/index.crates.io-6f17d22bba15001f/percent-encoding-2.3.1/src/lib.rs:390:19: 390:20 (#0) }), span: /Users/georgeberdovskiy/.cargo/registry/src/index.crates.io-6f17d22bba15001f/percent-encoding-2.3.1/src/lib.rs:390:19: 390:20 (#0) }
[DEBUG]   > LHS Type is: Ty { property: FlowPair(Universal, Universal), kind: Infer }
[DEBUG]   > RHS Type is: Ty { property: FlowPair(Specific({"percent_encoding"}), Specific({"percent_encoding"})), kind: Infer }
[DEBUG]   > LHS Type is: Ty { property: FlowPair(Universal, Universal), kind: Infer }
[DEBUG]   > RHS Type is: Ty { property: FlowPair(Specific({"percent_encoding"}), Specific({"percent_encoding"})), kind: Infer }
[DEBUG] [WARN] Silently failed to get type of local var
[DEBUG] [WARN] Silently failed to get type of local var
[DEBUG] [WARN] Silently failed to get type of local var
[DEBUG] Trying to get func ty of defid DefId(0:60 ~ percent_encoding[200d]::{impl#5}::from)
[DEBUG] >> FOUND IT! It's Ty { property: FlowPair(Universal, Universal), kind: Fn([Ty { property: FlowPair(Universal, Universal), kind: Infer }], Ty { property: FlowPair(Universal, Universal), kind: Infer }) }
[DEBUG] Trying to get func ty of defid DefId(0:63 ~ percent_encoding[200d]::{impl#6}::if_any)
[DEBUG] >> NOT FOUND! Getting extern def
[DEBUG] Trying to get func ty of defid DefId(1:12263 ~ core[7d5a]::slice::iter::{impl#6}::as_slice)
[DEBUG] >> NOT FOUND! Getting extern def
[DEBUG] Trying to get func ty of defid DefId(0:63 ~ percent_encoding[200d]::{impl#6}::if_any)
[DEBUG] >> FOUND IT! It's Ty { property: FlowPair(Universal, Universal), kind: Fn([Ty { property: FlowPair(Universal, Universal), kind: Infer }], Ty { property: FlowPair(Universal, Universal), kind: Infer }) }
[DEBUG] Trying to get func ty of defid DefId(1:2919 ~ core[7d5a]::clone::Clone::clone)
[DEBUG] >> FOUND IT! It's Ty { property: FlowPair(Universal, Universal), kind: Fn([Ty { property: FlowPair(Universal, Universal), kind: Infer }], Ty { property: FlowPair(Universal, Universal), kind: Infer }) }
[DEBUG] Trying to get func ty of defid DefId(1:9015 ~ core[7d5a]::iter::traits::iterator::Iterator::any)
[DEBUG] >> NOT FOUND! Getting extern def
[DEBUG] Checking binary expression with...
[DEBUG] > LHS: Expr { hir_id: HirId(DefId(0:63 ~ percent_encoding[200d]::{impl#6}::if_any).21), kind: Path(Resolved(None, Path { span: /Users/georgeberdovskiy/.cargo/registry/src/index.crates.io-6f17d22bba15001f/percent-encoding-2.3.1/src/lib.rs:409:35: 409:36 (#0), res: Local(HirId(DefId(0:63 ~ percent_encoding[200d]::{impl#6}::if_any).18)), segments: [PathSegment { ident: b#0, hir_id: HirId(DefId(0:63 ~ percent_encoding[200d]::{impl#6}::if_any).22), res: Local(HirId(DefId(0:63 ~ percent_encoding[200d]::{impl#6}::if_any).18)), args: None, infer_args: true }] })), span: /Users/georgeberdovskiy/.cargo/registry/src/index.crates.io-6f17d22bba15001f/percent-encoding-2.3.1/src/lib.rs:409:35: 409:36 (#0) }
[DEBUG] > RHS: Expr { hir_id: HirId(DefId(0:63 ~ percent_encoding[200d]::{impl#6}::if_any).23), kind: Lit(Spanned { node: Byte(37), span: /Users/georgeberdovskiy/.cargo/registry/src/index.crates.io-6f17d22bba15001f/percent-encoding-2.3.1/src/lib.rs:409:40: 409:44 (#0) }), span: /Users/georgeberdovskiy/.cargo/registry/src/index.crates.io-6f17d22bba15001f/percent-encoding-2.3.1/src/lib.rs:409:40: 409:44 (#0) }
[DEBUG] [WARN] Silently failed to get type of local var
[DEBUG]   > LHS Type is: Ty { property: FlowPair(Specific({"percent_encoding"}), Specific({"percent_encoding"})), kind: Infer }
[DEBUG]   > RHS Type is: Ty { property: FlowPair(Specific({"percent_encoding"}), Specific({"percent_encoding"})), kind: Infer }
[DEBUG] Checking `if` influenced by Ty { property: FlowPair(Universal, Universal), kind: Infer }
[DEBUG] Trying to get func ty of defid DefId(0:51 ~ percent_encoding[200d]::after_percent_sign)
[DEBUG] >> FOUND IT! It's Ty { property: FlowPair(Universal, Universal), kind: Fn([Ty { property: FlowPair(Universal, Universal), kind: Infer }], Ty { property: FlowPair(Universal, Universal), kind: Infer }) }
[DEBUG] Done checking call expression with ret ty: Ty { property: FlowPair(Universal, Universal), kind: Infer }
[DEBUG] Checking `if` influenced by Ty { property: FlowPair(Universal, Universal), kind: Infer }
[DEBUG] Trying to get func ty of defid DefId(1:12263 ~ core[7d5a]::slice::iter::{impl#6}::as_slice)
[DEBUG] >> FOUND IT! It's Ty { property: FlowPair(Universal, Universal), kind: Fn([Ty { property: FlowPair(Universal, Universal), kind: Infer }], Ty { property: FlowPair(Universal, Universal), kind: Infer }) }
[DEBUG] Checking binary expression with...
[DEBUG] > LHS: Expr { hir_id: HirId(DefId(0:63 ~ percent_encoding[200d]::{impl#6}::if_any).47), kind: Binary(Spanned { node: Sub, span: /Users/georgeberdovskiy/.cargo/registry/src/index.crates.io-6f17d22bba15001f/percent-encoding-2.3.1/src/lib.rs:412:63: 412:64 (#0) }, Expr { hir_id: HirId(DefId(0:63 ~ percent_encoding[200d]::{impl#6}::if_any).48), kind: MethodCall(PathSegment { ident: len#0, hir_id: HirId(DefId(0:63 ~ percent_encoding[200d]::{impl#6}::if_any).49), res: Err, args: None, infer_args: true }, Expr { hir_id: HirId(DefId(0:63 ~ percent_encoding[200d]::{impl#6}::if_any).50), kind: Path(Resolved(None, Path { span: /Users/georgeberdovskiy/.cargo/registry/src/index.crates.io-6f17d22bba15001f/percent-encoding-2.3.1/src/lib.rs:412:43: 412:56 (#0), res: Local(HirId(DefId(0:63 ~ percent_encoding[200d]::{impl#6}::if_any).44)), segments: [PathSegment { ident: initial_bytes#0, hir_id: HirId(DefId(0:63 ~ percent_encoding[200d]::{impl#6}::if_any).51), res: Local(HirId(DefId(0:63 ~ percent_encoding[200d]::{impl#6}::if_any).44)), args: None, infer_args: true }] })), span: /Users/georgeberdovskiy/.cargo/registry/src/index.crates.io-6f17d22bba15001f/percent-encoding-2.3.1/src/lib.rs:412:43: 412:56 (#0) }, [], /Users/georgeberdovskiy/.cargo/registry/src/index.crates.io-6f17d22bba15001f/percent-encoding-2.3.1/src/lib.rs:412:57: 412:62 (#0)), span: /Users/georgeberdovskiy/.cargo/registry/src/index.crates.io-6f17d22bba15001f/percent-encoding-2.3.1/src/lib.rs:412:43: 412:62 (#0) }, Expr { hir_id: HirId(DefId(0:63 ~ percent_encoding[200d]::{impl#6}::if_any).52), kind: MethodCall(PathSegment { ident: len#0, hir_id: HirId(DefId(0:63 ~ percent_encoding[200d]::{impl#6}::if_any).53), res: Err, args: None, infer_args: true }, Expr { hir_id: HirId(DefId(0:63 ~ percent_encoding[200d]::{impl#6}::if_any).54), kind: Path(Resolved(None, Path { span: /Users/georgeberdovskiy/.cargo/registry/src/index.crates.io-6f17d22bba15001f/percent-encoding-2.3.1/src/lib.rs:412:65: 412:75 (#0), res: Local(HirId(DefId(0:63 ~ percent_encoding[200d]::{impl#6}::if_any).10)), segments: [PathSegment { ident: bytes_iter#0, hir_id: HirId(DefId(0:63 ~ percent_encoding[200d]::{impl#6}::if_any).55), res: Local(HirId(DefId(0:63 ~ percent_encoding[200d]::{impl#6}::if_any).10)), args: None, infer_args: true }] })), span: /Users/georgeberdovskiy/.cargo/registry/src/index.crates.io-6f17d22bba15001f/percent-encoding-2.3.1/src/lib.rs:412:65: 412:75 (#0) }, [], /Users/georgeberdovskiy/.cargo/registry/src/index.crates.io-6f17d22bba15001f/percent-encoding-2.3.1/src/lib.rs:412:76: 412:81 (#0)), span: /Users/georgeberdovskiy/.cargo/registry/src/index.crates.io-6f17d22bba15001f/percent-encoding-2.3.1/src/lib.rs:412:65: 412:81 (#0) }), span: /Users/georgeberdovskiy/.cargo/registry/src/index.crates.io-6f17d22bba15001f/percent-encoding-2.3.1/src/lib.rs:412:43: 412:81 (#0) }
[DEBUG] > RHS: Expr { hir_id: HirId(DefId(0:63 ~ percent_encoding[200d]::{impl#6}::if_any).56), kind: Lit(Spanned { node: Int(Pu128(3), Unsuffixed), span: /Users/georgeberdovskiy/.cargo/registry/src/index.crates.io-6f17d22bba15001f/percent-encoding-2.3.1/src/lib.rs:412:84: 412:85 (#0) }), span: /Users/georgeberdovskiy/.cargo/registry/src/index.crates.io-6f17d22bba15001f/percent-encoding-2.3.1/src/lib.rs:412:84: 412:85 (#0) }
[DEBUG] Checking binary expression with...
[DEBUG] > LHS: Expr { hir_id: HirId(DefId(0:63 ~ percent_encoding[200d]::{impl#6}::if_any).48), kind: MethodCall(PathSegment { ident: len#0, hir_id: HirId(DefId(0:63 ~ percent_encoding[200d]::{impl#6}::if_any).49), res: Err, args: None, infer_args: true }, Expr { hir_id: HirId(DefId(0:63 ~ percent_encoding[200d]::{impl#6}::if_any).50), kind: Path(Resolved(None, Path { span: /Users/georgeberdovskiy/.cargo/registry/src/index.crates.io-6f17d22bba15001f/percent-encoding-2.3.1/src/lib.rs:412:43: 412:56 (#0), res: Local(HirId(DefId(0:63 ~ percent_encoding[200d]::{impl#6}::if_any).44)), segments: [PathSegment { ident: initial_bytes#0, hir_id: HirId(DefId(0:63 ~ percent_encoding[200d]::{impl#6}::if_any).51), res: Local(HirId(DefId(0:63 ~ percent_encoding[200d]::{impl#6}::if_any).44)), args: None, infer_args: true }] })), span: /Users/georgeberdovskiy/.cargo/registry/src/index.crates.io-6f17d22bba15001f/percent-encoding-2.3.1/src/lib.rs:412:43: 412:56 (#0) }, [], /Users/georgeberdovskiy/.cargo/registry/src/index.crates.io-6f17d22bba15001f/percent-encoding-2.3.1/src/lib.rs:412:57: 412:62 (#0)), span: /Users/georgeberdovskiy/.cargo/registry/src/index.crates.io-6f17d22bba15001f/percent-encoding-2.3.1/src/lib.rs:412:43: 412:62 (#0) }
[DEBUG] > RHS: Expr { hir_id: HirId(DefId(0:63 ~ percent_encoding[200d]::{impl#6}::if_any).52), kind: MethodCall(PathSegment { ident: len#0, hir_id: HirId(DefId(0:63 ~ percent_encoding[200d]::{impl#6}::if_any).53), res: Err, args: None, infer_args: true }, Expr { hir_id: HirId(DefId(0:63 ~ percent_encoding[200d]::{impl#6}::if_any).54), kind: Path(Resolved(None, Path { span: /Users/georgeberdovskiy/.cargo/registry/src/index.crates.io-6f17d22bba15001f/percent-encoding-2.3.1/src/lib.rs:412:65: 412:75 (#0), res: Local(HirId(DefId(0:63 ~ percent_encoding[200d]::{impl#6}::if_any).10)), segments: [PathSegment { ident: bytes_iter#0, hir_id: HirId(DefId(0:63 ~ percent_encoding[200d]::{impl#6}::if_any).55), res: Local(HirId(DefId(0:63 ~ percent_encoding[200d]::{impl#6}::if_any).10)), args: None, infer_args: true }] })), span: /Users/georgeberdovskiy/.cargo/registry/src/index.crates.io-6f17d22bba15001f/percent-encoding-2.3.1/src/lib.rs:412:65: 412:75 (#0) }, [], /Users/georgeberdovskiy/.cargo/registry/src/index.crates.io-6f17d22bba15001f/percent-encoding-2.3.1/src/lib.rs:412:76: 412:81 (#0)), span: /Users/georgeberdovskiy/.cargo/registry/src/index.crates.io-6f17d22bba15001f/percent-encoding-2.3.1/src/lib.rs:412:65: 412:81 (#0) }
[DEBUG] Trying to get func ty of defid DefId(1:13228 ~ core[7d5a]::slice::{impl#0}::len)
[DEBUG] >> FOUND IT! It's Ty { property: FlowPair(Universal, Universal), kind: Fn([Ty { property: FlowPair(Universal, Universal), kind: Infer }], Ty { property: FlowPair(Universal, Universal), kind: Infer }) }
[DEBUG] Trying to get func ty of defid DefId(1:8837 ~ core[7d5a]::iter::traits::exact_size::ExactSizeIterator::len)
[DEBUG] >> FOUND IT! It's Ty { property: FlowPair(Universal, Universal), kind: Fn([Ty { property: FlowPair(Universal, Universal), kind: Infer }], Ty { property: FlowPair(Universal, Universal), kind: Infer }) }
[DEBUG]   > LHS Type is: Ty { property: FlowPair(Universal, Universal), kind: Infer }
[DEBUG]   > RHS Type is: Ty { property: FlowPair(Universal, Universal), kind: Infer }
[DEBUG]   > LHS Type is: Ty { property: FlowPair(Universal, Universal), kind: Infer }
[DEBUG]   > RHS Type is: Ty { property: FlowPair(Specific({"percent_encoding"}), Universal), kind: Infer }
[DEBUG] Trying to get func ty of defid DefId(5:820 ~ alloc[5873]::borrow::ToOwned::to_owned)
[DEBUG] >> FOUND IT! It's Ty { property: FlowPair(Universal, Universal), kind: Fn([Ty { property: FlowPair(Universal, Universal), kind: Infer }], Ty { property: FlowPair(Universal, Universal), kind: Infer }) }
[DEBUG] Trying to get func ty of defid DefId(5:7502 ~ alloc[5873]::vec::{impl#1}::push)
[DEBUG] >> NOT FOUND! Getting extern def
[DEBUG] Trying to get func ty of defid DefId(1:8717 ~ core[7d5a]::iter::traits::collect::Extend::extend)
[DEBUG] >> FOUND IT! It's Ty { property: FlowPair(Universal, Universal), kind: Fn([Ty { property: FlowPair(Universal, Universal), kind: Infer }, Ty { property: FlowPair(Universal, Universal), kind: Infer }], Ty { property: FlowPair(Universal, Universal), kind: Infer }) }
[DEBUG] Trying to get func ty of defid DefId(0:65 ~ percent_encoding[200d]::{impl#6}::decode_utf8)
[DEBUG] >> FOUND IT! It's Ty { property: FlowPair(Universal, Universal), kind: Fn([Ty { property: FlowPair(Universal, Universal), kind: Infer }], Ty { property: FlowPair(Universal, Universal), kind: Infer }) }
[DEBUG] Trying to get func ty of defid DefId(1:3163 ~ core[7d5a]::convert::Into::into)
[DEBUG] >> FOUND IT! It's Ty { property: FlowPair(Universal, Universal), kind: Fn([Ty { property: FlowPair(Universal, Universal), kind: Infer }], Ty { property: FlowPair(Universal, Universal), kind: Infer }) }
[DEBUG] Trying to get func ty of defid DefId(1:2919 ~ core[7d5a]::clone::Clone::clone)
[DEBUG] >> FOUND IT! It's Ty { property: FlowPair(Universal, Universal), kind: Fn([Ty { property: FlowPair(Universal, Universal), kind: Infer }], Ty { property: FlowPair(Universal, Universal), kind: Infer }) }
[DEBUG] Trying to get func ty of defid DefId(1:13518 ~ core[7d5a]::str::converts::from_utf8)
[DEBUG] >> NOT FOUND! Getting extern def
[DEBUG] Done checking call expression with ret ty: Ty { property: FlowPair(Universal, Universal), kind: Infer }
[DEBUG] Trying to get func ty of defid DefId(1:3163 ~ core[7d5a]::convert::Into::into)
[DEBUG] >> FOUND IT! It's Ty { property: FlowPair(Universal, Universal), kind: Fn([Ty { property: FlowPair(Universal, Universal), kind: Infer }], Ty { property: FlowPair(Universal, Universal), kind: Infer }) }
[DEBUG] Trying to get func ty of defid DefId(5:5966 ~ alloc[5873]::string::{impl#0}::from_utf8)
[DEBUG] >> NOT FOUND! Getting extern def
[DEBUG] Done checking call expression with ret ty: Ty { property: FlowPair(Universal, Universal), kind: Infer }
[DEBUG] Trying to get func ty of defid DefId(1:3163 ~ core[7d5a]::convert::Into::into)
[DEBUG] >> FOUND IT! It's Ty { property: FlowPair(Universal, Universal), kind: Fn([Ty { property: FlowPair(Universal, Universal), kind: Infer }], Ty { property: FlowPair(Universal, Universal), kind: Infer }) }
[DEBUG] Trying to get func ty of defid DefId(5:6039 ~ alloc[5873]::string::{impl#1}::utf8_error)
[DEBUG] >> NOT FOUND! Getting extern def
[DEBUG] Trying to get func ty of defid DefId(0:66 ~ percent_encoding[200d]::{impl#6}::decode_utf8_lossy)
[DEBUG] >> FOUND IT! It's Ty { property: FlowPair(Universal, Universal), kind: Fn([Ty { property: FlowPair(Universal, Universal), kind: Infer }], Ty { property: FlowPair(Universal, Universal), kind: Infer }) }
[DEBUG] Trying to get func ty of defid DefId(0:67 ~ percent_encoding[200d]::decode_utf8_lossy)
[DEBUG] >> NOT FOUND! Getting extern def
[DEBUG] Trying to get func ty of defid DefId(1:3163 ~ core[7d5a]::convert::Into::into)
[DEBUG] >> FOUND IT! It's Ty { property: FlowPair(Universal, Universal), kind: Fn([Ty { property: FlowPair(Universal, Universal), kind: Infer }], Ty { property: FlowPair(Universal, Universal), kind: Infer }) }
[DEBUG] Trying to get func ty of defid DefId(1:2919 ~ core[7d5a]::clone::Clone::clone)
[DEBUG] >> FOUND IT! It's Ty { property: FlowPair(Universal, Universal), kind: Fn([Ty { property: FlowPair(Universal, Universal), kind: Infer }], Ty { property: FlowPair(Universal, Universal), kind: Infer }) }
[DEBUG] Done checking call expression with ret ty: Ty { property: FlowPair(Universal, Universal), kind: Infer }
[DEBUG] [WARN] Silently failed to get type of local var
[DEBUG] Trying to get func ty of defid DefId(0:67 ~ percent_encoding[200d]::decode_utf8_lossy)
[DEBUG] >> FOUND IT! It's Ty { property: FlowPair(Universal, Universal), kind: Fn([Ty { property: FlowPair(Universal, Universal), kind: Infer }], Ty { property: FlowPair(Universal, Universal), kind: Infer }) }
[DEBUG] Trying to get func ty of defid DefId(5:5967 ~ alloc[5873]::string::{impl#0}::from_utf8_lossy)
[DEBUG] >> NOT FOUND! Getting extern def
[DEBUG] Done checking call expression with ret ty: Ty { property: FlowPair(Universal, Universal), kind: Infer }
[DEBUG] Trying to get func ty of defid DefId(5:5967 ~ alloc[5873]::string::{impl#0}::from_utf8_lossy)
[DEBUG] >> FOUND IT! It's Ty { property: FlowPair(Universal, Universal), kind: Fn([Ty { property: FlowPair(Universal, Universal), kind: Infer }], Ty { property: FlowPair(Universal, Universal), kind: Infer }) }
[DEBUG] Done checking call expression with ret ty: Ty { property: FlowPair(Universal, Universal), kind: Infer }
[DEBUG] Trying to get func ty of defid DefId(1:14306 ~ core[7d5a]::str::{impl#0}::as_bytes)
[DEBUG] >> FOUND IT! It's Ty { property: FlowPair(Universal, Universal), kind: Fn([Ty { property: FlowPair(Universal, Universal), kind: Infer }], Ty { property: FlowPair(Universal, Universal), kind: Infer }) }
[DEBUG] Checking `if` influenced by Ty { property: FlowPair(Specific({"percent_encoding"}), Universal), kind: Infer }
[DEBUG] Checking binary expression with...
[DEBUG] > LHS: Expr { hir_id: HirId(DefId(0:67 ~ percent_encoding[200d]::decode_utf8_lossy).56), kind: Path(Resolved(None, Path { span: /Users/georgeberdovskiy/.cargo/registry/src/index.crates.io-6f17d22bba15001f/percent-encoding-2.3.1/src/lib.rs:466:35: 466:43 (#0), res: Local(HirId(DefId(0:67 ~ percent_encoding[200d]::decode_utf8_lossy).49)), segments: [PathSegment { ident: raw_utf8#0, hir_id: HirId(DefId(0:67 ~ percent_encoding[200d]::decode_utf8_lossy).57), res: Local(HirId(DefId(0:67 ~ percent_encoding[200d]::decode_utf8_lossy).49)), args: None, infer_args: true }] })), span: /Users/georgeberdovskiy/.cargo/registry/src/index.crates.io-6f17d22bba15001f/percent-encoding-2.3.1/src/lib.rs:466:35: 466:43 (#0) }
[DEBUG] > RHS: Expr { hir_id: HirId(DefId(0:67 ~ percent_encoding[200d]::decode_utf8_lossy).58), kind: Cast(Expr { hir_id: HirId(DefId(0:67 ~ percent_encoding[200d]::decode_utf8_lossy).59), kind: AddrOf(Ref, Not, Expr { hir_id: HirId(DefId(0:67 ~ percent_encoding[200d]::decode_utf8_lossy).60), kind: Unary(Deref, Expr { hir_id: HirId(DefId(0:67 ~ percent_encoding[200d]::decode_utf8_lossy).61), kind: Path(Resolved(None, Path { span: /Users/georgeberdovskiy/.cargo/registry/src/index.crates.io-6f17d22bba15001f/percent-encoding-2.3.1/src/lib.rs:466:49: 466:54 (#0), res: Local(HirId(DefId(0:67 ~ percent_encoding[200d]::decode_utf8_lossy).20)), segments: [PathSegment { ident: bytes#0, hir_id: HirId(DefId(0:67 ~ percent_encoding[200d]::decode_utf8_lossy).62), res: Local(HirId(DefId(0:67 ~ percent_encoding[200d]::decode_utf8_lossy).20)), args: None, infer_args: true }] })), span: /Users/georgeberdovskiy/.cargo/registry/src/index.crates.io-6f17d22bba15001f/percent-encoding-2.3.1/src/lib.rs:466:49: 466:54 (#0) }), span: /Users/georgeberdovskiy/.cargo/registry/src/index.crates.io-6f17d22bba15001f/percent-encoding-2.3.1/src/lib.rs:466:48: 466:54 (#0) }), span: /Users/georgeberdovskiy/.cargo/registry/src/index.crates.io-6f17d22bba15001f/percent-encoding-2.3.1/src/lib.rs:466:47: 466:54 (#0) }, Ty { hir_id: HirId(DefId(0:67 ~ percent_encoding[200d]::decode_utf8_lossy).66), kind: Ptr(MutTy { ty: Ty { hir_id: HirId(DefId(0:67 ~ percent_encoding[200d]::decode_utf8_lossy).65), kind: Slice(Ty { hir_id: HirId(DefId(0:67 ~ percent_encoding[200d]::decode_utf8_lossy).63), kind: Path(Resolved(None, Path { span: /Users/georgeberdovskiy/.cargo/registry/src/index.crates.io-6f17d22bba15001f/percent-encoding-2.3.1/src/lib.rs:466:66: 466:68 (#0), res: PrimTy(Uint(U8)), segments: [PathSegment { ident: u8#0, hir_id: HirId(DefId(0:67 ~ percent_encoding[200d]::decode_utf8_lossy).64), res: PrimTy(Uint(U8)), args: None, infer_args: false }] })), span: /Users/georgeberdovskiy/.cargo/registry/src/index.crates.io-6f17d22bba15001f/percent-encoding-2.3.1/src/lib.rs:466:66: 466:68 (#0) }), span: /Users/georgeberdovskiy/.cargo/registry/src/index.crates.io-6f17d22bba15001f/percent-encoding-2.3.1/src/lib.rs:466:65: 466:69 (#0) }, mutbl: Not }), span: /Users/georgeberdovskiy/.cargo/registry/src/index.crates.io-6f17d22bba15001f/percent-encoding-2.3.1/src/lib.rs:466:58: 466:69 (#0) }), span: /Users/georgeberdovskiy/.cargo/registry/src/index.crates.io-6f17d22bba15001f/percent-encoding-2.3.1/src/lib.rs:466:47: 466:69 (#0) }
[DEBUG]   > LHS Type is: Ty { property: FlowPair(Universal, Universal), kind: Infer }
[DEBUG]   > RHS Type is: Ty { property: FlowPair(Universal, Universal), kind: Infer }
[DEBUG] Checking `if` influenced by Ty { property: FlowPair(Universal, Universal), kind: Infer }
[DEBUG] Trying to get func ty of defid DefId(1:10023 ~ core[7d5a]::panicking::panic)
[DEBUG] >> NOT FOUND! Getting extern def
[DEBUG] Done checking call expression with ret ty: Ty { property: FlowPair(Universal, Universal), kind: Infer }
[DEBUG] Trying to get func ty of defid DefId(5:5986 ~ alloc[5873]::string::{impl#0}::from_utf8_unchecked)
[DEBUG] >> NOT FOUND! Getting extern def
[DEBUG] Done checking call expression with ret ty: Ty { property: FlowPair(Universal, Universal), kind: Infer }
