[DEBUG] Trying to get func ty of defid DefId(0:10 ~ persons[6250]::main)
[DEBUG] >> FOUND IT! It's Ty { property: FlowPair(Universal, Universal), kind: Fn([], Ty { property: FlowPair(Universal, Universal), kind: Infer }) }
[DEBUG] Trying to get func ty of defid DefId(2:3892 ~ core[7d5a]::ops::try_trait::Try::branch)
[DEBUG] >> NOT FOUND! Getting extern def
[DEBUG] Trying to get func ty of defid DefId(20:942 ~ rusqlite[4e2c]::{impl#4}::open_in_memory)
[DEBUG] >> NOT FOUND! Getting extern def
[DEBUG] Done checking call expression with ret ty: Ty { property: FlowPair(Universal, Universal), kind: Infer }
[DEBUG] Done checking call expression with ret ty: Ty { property: FlowPair(Universal, Universal), kind: Infer }
[DEBUG] Trying to get func ty of defid DefId(2:3895 ~ core[7d5a]::ops::try_trait::FromResidual::from_residual)
[DEBUG] >> NOT FOUND! Getting extern def
[DEBUG] Done checking call expression with ret ty: Ty { property: FlowPair(Universal, Universal), kind: Infer }
[DEBUG] Trying to get func ty of defid DefId(2:3892 ~ core[7d5a]::ops::try_trait::Try::branch)
[DEBUG] >> FOUND IT! It's Ty { property: FlowPair(Universal, Universal), kind: Fn([Ty { property: FlowPair(Universal, Universal), kind: Infer }], Ty { property: FlowPair(Universal, Universal), kind: Infer }) }
[DEBUG] Trying to get func ty of defid DefId(20:952 ~ rusqlite[4e2c]::{impl#4}::execute)
[DEBUG] >> NOT FOUND! Getting extern def
[DEBUG] Done checking call expression with ret ty: Ty { property: FlowPair(Universal, Universal), kind: Infer }
[DEBUG] Trying to get func ty of defid DefId(2:3895 ~ core[7d5a]::ops::try_trait::FromResidual::from_residual)
[DEBUG] >> FOUND IT! It's Ty { property: FlowPair(Universal, Universal), kind: Fn([Ty { property: FlowPair(Universal, Universal), kind: Infer }], Ty { property: FlowPair(Universal, Universal), kind: Infer }) }
[DEBUG] Done checking call expression with ret ty: Ty { property: FlowPair(Universal, Universal), kind: Infer }
[DEBUG] Trying to get func ty of defid DefId(2:3892 ~ core[7d5a]::ops::try_trait::Try::branch)
[DEBUG] >> FOUND IT! It's Ty { property: FlowPair(Universal, Universal), kind: Fn([Ty { property: FlowPair(Universal, Universal), kind: Infer }], Ty { property: FlowPair(Universal, Universal), kind: Infer }) }
[DEBUG] Trying to get func ty of defid DefId(20:952 ~ rusqlite[4e2c]::{impl#4}::execute)
[DEBUG] >> FOUND IT! It's Ty { property: FlowPair(Universal, Universal), kind: Fn([Ty { property: FlowPair(Universal, Universal), kind: Infer }, Ty { property: FlowPair(Universal, Universal), kind: Infer }, Ty { property: FlowPair(Universal, Universal), kind: Infer }], Ty { property: FlowPair(Universal, Universal), kind: Infer }) }
[DEBUG] Trying to get func ty of defid DefId(2:4571 ~ core[7d5a]::array::{impl#23}::map)
[DEBUG] >> NOT FOUND! Getting extern def
[DEBUG] Trying to get func ty of defid DefId(5:6152 ~ alloc[5873]::string::ToString::to_string)
[DEBUG] >> NOT FOUND! Getting extern def
[DEBUG] Done checking call expression with ret ty: Ty { property: FlowPair(Universal, Universal), kind: Infer }
[DEBUG] Trying to get func ty of defid DefId(2:3895 ~ core[7d5a]::ops::try_trait::FromResidual::from_residual)
[DEBUG] >> FOUND IT! It's Ty { property: FlowPair(Universal, Universal), kind: Fn([Ty { property: FlowPair(Universal, Universal), kind: Infer }], Ty { property: FlowPair(Universal, Universal), kind: Infer }) }
[DEBUG] Done checking call expression with ret ty: Ty { property: FlowPair(Universal, Universal), kind: Infer }
[DEBUG] Trying to get func ty of defid DefId(2:3892 ~ core[7d5a]::ops::try_trait::Try::branch)
[DEBUG] >> FOUND IT! It's Ty { property: FlowPair(Universal, Universal), kind: Fn([Ty { property: FlowPair(Universal, Universal), kind: Infer }], Ty { property: FlowPair(Universal, Universal), kind: Infer }) }
[DEBUG] Trying to get func ty of defid DefId(20:967 ~ rusqlite[4e2c]::{impl#4}::prepare)
[DEBUG] >> NOT FOUND! Getting extern def
[DEBUG] Done checking call expression with ret ty: Ty { property: FlowPair(Universal, Universal), kind: Infer }
[DEBUG] Trying to get func ty of defid DefId(2:3895 ~ core[7d5a]::ops::try_trait::FromResidual::from_residual)
[DEBUG] >> FOUND IT! It's Ty { property: FlowPair(Universal, Universal), kind: Fn([Ty { property: FlowPair(Universal, Universal), kind: Infer }], Ty { property: FlowPair(Universal, Universal), kind: Infer }) }
[DEBUG] Done checking call expression with ret ty: Ty { property: FlowPair(Universal, Universal), kind: Infer }
[DEBUG] Trying to get func ty of defid DefId(2:3892 ~ core[7d5a]::ops::try_trait::Try::branch)
[DEBUG] >> FOUND IT! It's Ty { property: FlowPair(Universal, Universal), kind: Fn([Ty { property: FlowPair(Universal, Universal), kind: Infer }], Ty { property: FlowPair(Universal, Universal), kind: Infer }) }
[DEBUG] Trying to get func ty of defid DefId(20:524 ~ rusqlite[4e2c]::statement::{impl#0}::query_map)
[DEBUG] >> NOT FOUND! Getting extern def
[DEBUG] Trying to get func ty of defid DefId(2:3892 ~ core[7d5a]::ops::try_trait::Try::branch)
[DEBUG] >> FOUND IT! It's Ty { property: FlowPair(Universal, Universal), kind: Fn([Ty { property: FlowPair(Universal, Universal), kind: Infer }], Ty { property: FlowPair(Universal, Universal), kind: Infer }) }
[DEBUG] Trying to get func ty of defid DefId(20:460 ~ rusqlite[4e2c]::row::{impl#7}::get)
[DEBUG] >> NOT FOUND! Getting extern def
[DEBUG] Done checking call expression with ret ty: Ty { property: FlowPair(Universal, Universal), kind: Infer }
[DEBUG] Trying to get func ty of defid DefId(2:3895 ~ core[7d5a]::ops::try_trait::FromResidual::from_residual)
[DEBUG] >> FOUND IT! It's Ty { property: FlowPair(Universal, Universal), kind: Fn([Ty { property: FlowPair(Universal, Universal), kind: Infer }], Ty { property: FlowPair(Universal, Universal), kind: Infer }) }
[DEBUG] Done checking call expression with ret ty: Ty { property: FlowPair(Universal, Universal), kind: Infer }
[DEBUG] Trying to get func ty of defid DefId(2:3892 ~ core[7d5a]::ops::try_trait::Try::branch)
[DEBUG] >> FOUND IT! It's Ty { property: FlowPair(Universal, Universal), kind: Fn([Ty { property: FlowPair(Universal, Universal), kind: Infer }], Ty { property: FlowPair(Universal, Universal), kind: Infer }) }
[DEBUG] Trying to get func ty of defid DefId(20:460 ~ rusqlite[4e2c]::row::{impl#7}::get)
[DEBUG] >> FOUND IT! It's Ty { property: FlowPair(Universal, Universal), kind: Fn([Ty { property: FlowPair(Universal, Universal), kind: Infer }, Ty { property: FlowPair(Universal, Universal), kind: Infer }], Ty { property: FlowPair(Universal, Universal), kind: Infer }) }
[DEBUG] Done checking call expression with ret ty: Ty { property: FlowPair(Universal, Universal), kind: Infer }
[DEBUG] Trying to get func ty of defid DefId(2:3895 ~ core[7d5a]::ops::try_trait::FromResidual::from_residual)
[DEBUG] >> FOUND IT! It's Ty { property: FlowPair(Universal, Universal), kind: Fn([Ty { property: FlowPair(Universal, Universal), kind: Infer }], Ty { property: FlowPair(Universal, Universal), kind: Infer }) }
[DEBUG] Done checking call expression with ret ty: Ty { property: FlowPair(Universal, Universal), kind: Infer }
[DEBUG] Done checking call expression with ret ty: Ty { property: FlowPair(Universal, Universal), kind: Infer }
[DEBUG] Trying to get func ty of defid DefId(2:3895 ~ core[7d5a]::ops::try_trait::FromResidual::from_residual)
[DEBUG] >> FOUND IT! It's Ty { property: FlowPair(Universal, Universal), kind: Fn([Ty { property: FlowPair(Universal, Universal), kind: Infer }], Ty { property: FlowPair(Universal, Universal), kind: Infer }) }
[DEBUG] Done checking call expression with ret ty: Ty { property: FlowPair(Universal, Universal), kind: Infer }
[DEBUG] Trying to get func ty of defid DefId(1:3625 ~ std[e3cd]::io::stdio::_print)
[DEBUG] >> NOT FOUND! Getting extern def
[DEBUG] Trying to get func ty of defid DefId(2:11113 ~ core[7d5a]::fmt::{impl#2}::new_const)
[DEBUG] >> NOT FOUND! Getting extern def
[DEBUG] Done checking call expression with ret ty: Ty { property: FlowPair(Universal, Universal), kind: Infer }
[DEBUG] Done checking call expression with ret ty: Ty { property: FlowPair(Universal, Universal), kind: Infer }
[DEBUG] Trying to get func ty of defid DefId(1:3625 ~ std[e3cd]::io::stdio::_print)
[DEBUG] >> FOUND IT! It's Ty { property: FlowPair(Universal, Universal), kind: Fn([Ty { property: FlowPair(Universal, Universal), kind: Infer }], Ty { property: FlowPair(Universal, Universal), kind: Infer }) }
[DEBUG] Trying to get func ty of defid DefId(2:11117 ~ core[7d5a]::fmt::{impl#2}::new_v1)
[DEBUG] >> NOT FOUND! Getting extern def
[DEBUG] Trying to get func ty of defid DefId(2:11032 ~ core[7d5a]::fmt::rt::{impl#1}::new_display)
[DEBUG] >> NOT FOUND! Getting extern def
[DEBUG] Done checking call expression with ret ty: Ty { property: FlowPair(Universal, Universal), kind: Infer }
[DEBUG] Trying to get func ty of defid DefId(2:11032 ~ core[7d5a]::fmt::rt::{impl#1}::new_display)
[DEBUG] >> FOUND IT! It's Ty { property: FlowPair(Universal, Universal), kind: Fn([Ty { property: FlowPair(Universal, Universal), kind: Infer }], Ty { property: FlowPair(Universal, Universal), kind: Infer }) }
[DEBUG] Done checking call expression with ret ty: Ty { property: FlowPair(Universal, Universal), kind: Infer }
[DEBUG] Done checking call expression with ret ty: Ty { property: FlowPair(Universal, Universal), kind: Infer }
[DEBUG] Done checking call expression with ret ty: Ty { property: FlowPair(Universal, Universal), kind: Infer }
[DEBUG] Trying to get func ty of defid DefId(1:3626 ~ std[e3cd]::io::stdio::_eprint)
[DEBUG] >> NOT FOUND! Getting extern def
[DEBUG] Trying to get func ty of defid DefId(2:11117 ~ core[7d5a]::fmt::{impl#2}::new_v1)
[DEBUG] >> FOUND IT! It's Ty { property: FlowPair(Universal, Universal), kind: Fn([Ty { property: FlowPair(Universal, Universal), kind: Infer }, Ty { property: FlowPair(Universal, Universal), kind: Infer }], Ty { property: FlowPair(Universal, Universal), kind: Infer }) }
[DEBUG] Trying to get func ty of defid DefId(2:11035 ~ core[7d5a]::fmt::rt::{impl#1}::new_debug)
[DEBUG] >> NOT FOUND! Getting extern def
[DEBUG] Done checking call expression with ret ty: Ty { property: FlowPair(Universal, Universal), kind: Infer }
[DEBUG] Done checking call expression with ret ty: Ty { property: FlowPair(Universal, Universal), kind: Infer }
[DEBUG] Done checking call expression with ret ty: Ty { property: FlowPair(Universal, Universal), kind: Infer }
