[DEBUG] Trying to get func ty of defid DefId(0:130 ~ uncased[1f2c]::owned::{impl#14}::clone)
[DEBUG] >> FOUND IT! It's Ty { property: FlowPair(Universal, Universal), kind: Fn([Ty { property: FlowPair(Universal, Universal), kind: Infer }], Ty { property: FlowPair(Universal, Universal), kind: Infer }) }
[DEBUG] Trying to get func ty of defid DefId(1:2919 ~ core[7d5a]::clone::Clone::clone)
[DEBUG] >> NOT FOUND! Getting extern def
[DEBUG] Done checking call expression with ret ty: Ty { property: FlowPair(Universal, Universal), kind: Infer }
[DEBUG] Trying to get func ty of defid DefId(0:133 ~ uncased[1f2c]::owned::{impl#15}::fmt)
[DEBUG] >> FOUND IT! It's Ty { property: FlowPair(Universal, Universal), kind: Fn([Ty { property: FlowPair(Universal, Universal), kind: Infer }, Ty { property: FlowPair(Universal, Universal), kind: Infer }], Ty { property: FlowPair(Universal, Universal), kind: Infer }) }
[DEBUG] Trying to get func ty of defid DefId(1:11196 ~ core[7d5a]::fmt::{impl#9}::debug_struct_field1_finish)
[DEBUG] >> NOT FOUND! Getting extern def
[DEBUG] Done checking call expression with ret ty: Ty { property: FlowPair(Universal, Universal), kind: Infer }
[DEBUG] Trying to get func ty of defid DefId(0:23 ~ uncased[1f2c]::owned::{impl#0}::new)
[DEBUG] >> FOUND IT! It's Ty { property: FlowPair(Universal, Universal), kind: Fn([Ty { property: FlowPair(Universal, Universal), kind: Infer }], Ty { property: FlowPair(Universal, Universal), kind: Infer }) }
[DEBUG] Trying to get func ty of defid DefId(1:3163 ~ core[7d5a]::convert::Into::into)
[DEBUG] >> NOT FOUND! Getting extern def
[DEBUG] Trying to get func ty of defid DefId(0:25 ~ uncased[1f2c]::owned::{impl#0}::from_borrowed)
[DEBUG] >> FOUND IT! It's Ty { property: FlowPair(Universal, Universal), kind: Fn([Ty { property: FlowPair(Universal, Universal), kind: Infer }], Ty { property: FlowPair(Universal, Universal), kind: Infer }) }
[DEBUG] Trying to get func ty of defid DefId(0:26 ~ uncased[1f2c]::owned::{impl#0}::from_owned)
[DEBUG] >> FOUND IT! It's Ty { property: FlowPair(Universal, Universal), kind: Fn([Ty { property: FlowPair(Universal, Universal), kind: Infer }], Ty { property: FlowPair(Universal, Universal), kind: Infer }) }
[DEBUG] Trying to get func ty of defid DefId(0:27 ~ uncased[1f2c]::owned::{impl#0}::as_uncased_str)
[DEBUG] >> FOUND IT! It's Ty { property: FlowPair(Universal, Universal), kind: Fn([Ty { property: FlowPair(Universal, Universal), kind: Infer }], Ty { property: FlowPair(Universal, Universal), kind: Infer }) }
[DEBUG] Trying to get func ty of defid DefId(1:3157 ~ core[7d5a]::convert::AsRef::as_ref)
[DEBUG] >> NOT FOUND! Getting extern def
[DEBUG] Trying to get func ty of defid DefId(0:28 ~ uncased[1f2c]::owned::{impl#0}::into_string)
[DEBUG] >> FOUND IT! It's Ty { property: FlowPair(Universal, Universal), kind: Fn([Ty { property: FlowPair(Universal, Universal), kind: Infer }], Ty { property: FlowPair(Universal, Universal), kind: Infer }) }
[DEBUG] Trying to get func ty of defid DefId(4:845 ~ alloc[5873]::borrow::{impl#3}::into_owned)
[DEBUG] >> NOT FOUND! Getting extern def
[DEBUG] Trying to get func ty of defid DefId(0:29 ~ uncased[1f2c]::owned::{impl#0}::into_owned)
[DEBUG] >> FOUND IT! It's Ty { property: FlowPair(Universal, Universal), kind: Fn([Ty { property: FlowPair(Universal, Universal), kind: Infer }], Ty { property: FlowPair(Universal, Universal), kind: Infer }) }
[DEBUG] Trying to get func ty of defid DefId(0:23 ~ uncased[1f2c]::owned::{impl#0}::new)
[DEBUG] >> FOUND IT! It's Ty { property: FlowPair(Universal, Universal), kind: Fn([Ty { property: FlowPair(Universal, Universal), kind: Infer }], Ty { property: FlowPair(Universal, Universal), kind: Infer }) }
[DEBUG] Done checking call expression with ret ty: Ty { property: FlowPair(Universal, Universal), kind: Infer }
[DEBUG] Trying to get func ty of defid DefId(0:23 ~ uncased[1f2c]::owned::{impl#0}::new)
[DEBUG] >> FOUND IT! It's Ty { property: FlowPair(Universal, Universal), kind: Fn([Ty { property: FlowPair(Universal, Universal), kind: Infer }], Ty { property: FlowPair(Universal, Universal), kind: Infer }) }
[DEBUG] Trying to get func ty of defid DefId(1:3166 ~ core[7d5a]::convert::From::from)
[DEBUG] >> NOT FOUND! Getting extern def
[DEBUG] Done checking call expression with ret ty: Ty { property: FlowPair(Universal, Universal), kind: Infer }
[DEBUG] Done checking call expression with ret ty: Ty { property: FlowPair(Universal, Universal), kind: Infer }
[DEBUG] Trying to get func ty of defid DefId(0:30 ~ uncased[1f2c]::owned::{impl#0}::into_boxed_uncased)
[DEBUG] >> FOUND IT! It's Ty { property: FlowPair(Universal, Universal), kind: Fn([Ty { property: FlowPair(Universal, Universal), kind: Infer }], Ty { property: FlowPair(Universal, Universal), kind: Infer }) }
[DEBUG] Trying to get func ty of defid DefId(4:385 ~ alloc[5873]::boxed::{impl#7}::into_raw)
[DEBUG] >> NOT FOUND! Getting extern def
[DEBUG] Trying to get func ty of defid DefId(4:6033 ~ alloc[5873]::string::{impl#0}::into_boxed_str)
[DEBUG] >> NOT FOUND! Getting extern def
[DEBUG] Trying to get func ty of defid DefId(4:845 ~ alloc[5873]::borrow::{impl#3}::into_owned)
[DEBUG] >> FOUND IT! It's Ty { property: FlowPair(Universal, Universal), kind: Fn([Ty { property: FlowPair(Universal, Universal), kind: Infer }], Ty { property: FlowPair(Universal, Universal), kind: Infer }) }
[DEBUG] Done checking call expression with ret ty: Ty { property: FlowPair(Universal, Universal), kind: Infer }
[DEBUG] Trying to get func ty of defid DefId(4:380 ~ alloc[5873]::boxed::{impl#6}::from_raw)
[DEBUG] >> NOT FOUND! Getting extern def
[DEBUG] Done checking call expression with ret ty: Ty { property: FlowPair(Universal, Universal), kind: Infer }
[DEBUG] Trying to get func ty of defid DefId(0:31 ~ uncased[1f2c]::owned::{impl#0}::into_cow)
[DEBUG] >> FOUND IT! It's Ty { property: FlowPair(Universal, Universal), kind: Fn([Ty { property: FlowPair(Universal, Universal), kind: Infer }], Ty { property: FlowPair(Universal, Universal), kind: Infer }) }
[DEBUG] Trying to get func ty of defid DefId(0:34 ~ uncased[1f2c]::owned::{impl#1}::deref)
[DEBUG] >> FOUND IT! It's Ty { property: FlowPair(Universal, Universal), kind: Fn([Ty { property: FlowPair(Universal, Universal), kind: Infer }], Ty { property: FlowPair(Universal, Universal), kind: Infer }) }
[DEBUG] Trying to get func ty of defid DefId(0:77 ~ uncased[1f2c]::borrowed::{impl#0}::new)
[DEBUG] >> NOT FOUND! Getting extern def
[DEBUG] Trying to get func ty of defid DefId(1:2868 ~ core[7d5a]::borrow::Borrow::borrow)
[DEBUG] >> NOT FOUND! Getting extern def
[DEBUG] Done checking call expression with ret ty: Ty { property: FlowPair(Universal, Universal), kind: Infer }
[DEBUG] Trying to get func ty of defid DefId(0:36 ~ uncased[1f2c]::owned::{impl#2}::as_ref)
[DEBUG] >> FOUND IT! It's Ty { property: FlowPair(Universal, Universal), kind: Fn([Ty { property: FlowPair(Universal, Universal), kind: Infer }], Ty { property: FlowPair(Universal, Universal), kind: Infer }) }
[DEBUG] Trying to get func ty of defid DefId(0:77 ~ uncased[1f2c]::borrowed::{impl#0}::new)
[DEBUG] >> FOUND IT! It's Ty { property: FlowPair(Universal, Universal), kind: Fn([Ty { property: FlowPair(Universal, Universal), kind: Infer }], Ty { property: FlowPair(Universal, Universal), kind: Infer }) }
[DEBUG] Trying to get func ty of defid DefId(1:2868 ~ core[7d5a]::borrow::Borrow::borrow)
[DEBUG] >> FOUND IT! It's Ty { property: FlowPair(Universal, Universal), kind: Fn([Ty { property: FlowPair(Universal, Universal), kind: Infer }], Ty { property: FlowPair(Universal, Universal), kind: Infer }) }
[DEBUG] Done checking call expression with ret ty: Ty { property: FlowPair(Universal, Universal), kind: Infer }
[DEBUG] Trying to get func ty of defid DefId(0:38 ~ uncased[1f2c]::owned::{impl#3}::as_ref)
[DEBUG] >> FOUND IT! It's Ty { property: FlowPair(Universal, Universal), kind: Fn([Ty { property: FlowPair(Universal, Universal), kind: Infer }], Ty { property: FlowPair(Universal, Universal), kind: Infer }) }
[DEBUG] Trying to get func ty of defid DefId(0:78 ~ uncased[1f2c]::borrowed::{impl#0}::as_str)
[DEBUG] >> NOT FOUND! Getting extern def
[DEBUG] Trying to get func ty of defid DefId(0:40 ~ uncased[1f2c]::owned::{impl#4}::as_ref)
[DEBUG] >> FOUND IT! It's Ty { property: FlowPair(Universal, Universal), kind: Fn([Ty { property: FlowPair(Universal, Universal), kind: Infer }], Ty { property: FlowPair(Universal, Universal), kind: Infer }) }
[DEBUG] Trying to get func ty of defid DefId(1:14306 ~ core[7d5a]::str::{impl#0}::as_bytes)
[DEBUG] >> NOT FOUND! Getting extern def
[DEBUG] Trying to get func ty of defid DefId(0:78 ~ uncased[1f2c]::borrowed::{impl#0}::as_str)
[DEBUG] >> FOUND IT! It's Ty { property: FlowPair(Universal, Universal), kind: Fn([Ty { property: FlowPair(Universal, Universal), kind: Infer }], Ty { property: FlowPair(Universal, Universal), kind: Infer }) }
[DEBUG] Trying to get func ty of defid DefId(0:42 ~ uncased[1f2c]::owned::{impl#5}::borrow)
[DEBUG] >> FOUND IT! It's Ty { property: FlowPair(Universal, Universal), kind: Fn([Ty { property: FlowPair(Universal, Universal), kind: Infer }], Ty { property: FlowPair(Universal, Universal), kind: Infer }) }
[DEBUG] Trying to get func ty of defid DefId(1:3163 ~ core[7d5a]::convert::Into::into)
[DEBUG] >> FOUND IT! It's Ty { property: FlowPair(Universal, Universal), kind: Fn([Ty { property: FlowPair(Universal, Universal), kind: Infer }], Ty { property: FlowPair(Universal, Universal), kind: Infer }) }
[DEBUG] Trying to get func ty of defid DefId(0:78 ~ uncased[1f2c]::borrowed::{impl#0}::as_str)
[DEBUG] >> FOUND IT! It's Ty { property: FlowPair(Universal, Universal), kind: Fn([Ty { property: FlowPair(Universal, Universal), kind: Infer }], Ty { property: FlowPair(Universal, Universal), kind: Infer }) }
[DEBUG] Trying to get func ty of defid DefId(0:46 ~ uncased[1f2c]::owned::{impl#6}::from)
[DEBUG] >> FOUND IT! It's Ty { property: FlowPair(Universal, Universal), kind: Fn([Ty { property: FlowPair(Universal, Universal), kind: Infer }], Ty { property: FlowPair(Universal, Universal), kind: Infer }) }
[DEBUG] Trying to get func ty of defid DefId(0:23 ~ uncased[1f2c]::owned::{impl#0}::new)
[DEBUG] >> FOUND IT! It's Ty { property: FlowPair(Universal, Universal), kind: Fn([Ty { property: FlowPair(Universal, Universal), kind: Infer }], Ty { property: FlowPair(Universal, Universal), kind: Infer }) }
[DEBUG] Trying to get func ty of defid DefId(0:78 ~ uncased[1f2c]::borrowed::{impl#0}::as_str)
[DEBUG] >> FOUND IT! It's Ty { property: FlowPair(Universal, Universal), kind: Fn([Ty { property: FlowPair(Universal, Universal), kind: Infer }], Ty { property: FlowPair(Universal, Universal), kind: Infer }) }
[DEBUG] Done checking call expression with ret ty: Ty { property: FlowPair(Universal, Universal), kind: Infer }
[DEBUG] Trying to get func ty of defid DefId(0:50 ~ uncased[1f2c]::owned::{impl#7}::from)
[DEBUG] >> FOUND IT! It's Ty { property: FlowPair(Universal, Universal), kind: Fn([Ty { property: FlowPair(Universal, Universal), kind: Infer }], Ty { property: FlowPair(Universal, Universal), kind: Infer }) }
[DEBUG] Trying to get func ty of defid DefId(0:23 ~ uncased[1f2c]::owned::{impl#0}::new)
[DEBUG] >> FOUND IT! It's Ty { property: FlowPair(Universal, Universal), kind: Fn([Ty { property: FlowPair(Universal, Universal), kind: Infer }], Ty { property: FlowPair(Universal, Universal), kind: Infer }) }
[DEBUG] Done checking call expression with ret ty: Ty { property: FlowPair(Universal, Universal), kind: Infer }
[DEBUG] Trying to get func ty of defid DefId(0:52 ~ uncased[1f2c]::owned::{impl#8}::from)
[DEBUG] >> FOUND IT! It's Ty { property: FlowPair(Universal, Universal), kind: Fn([Ty { property: FlowPair(Universal, Universal), kind: Infer }], Ty { property: FlowPair(Universal, Universal), kind: Infer }) }
[DEBUG] Trying to get func ty of defid DefId(0:23 ~ uncased[1f2c]::owned::{impl#0}::new)
[DEBUG] >> FOUND IT! It's Ty { property: FlowPair(Universal, Universal), kind: Fn([Ty { property: FlowPair(Universal, Universal), kind: Infer }], Ty { property: FlowPair(Universal, Universal), kind: Infer }) }
[DEBUG] Done checking call expression with ret ty: Ty { property: FlowPair(Universal, Universal), kind: Infer }
[DEBUG] Trying to get func ty of defid DefId(0:56 ~ uncased[1f2c]::owned::{impl#9}::from)
[DEBUG] >> FOUND IT! It's Ty { property: FlowPair(Universal, Universal), kind: Fn([Ty { property: FlowPair(Universal, Universal), kind: Infer }], Ty { property: FlowPair(Universal, Universal), kind: Infer }) }
[DEBUG] Trying to get func ty of defid DefId(0:23 ~ uncased[1f2c]::owned::{impl#0}::new)
[DEBUG] >> FOUND IT! It's Ty { property: FlowPair(Universal, Universal), kind: Fn([Ty { property: FlowPair(Universal, Universal), kind: Infer }], Ty { property: FlowPair(Universal, Universal), kind: Infer }) }
[DEBUG] Done checking call expression with ret ty: Ty { property: FlowPair(Universal, Universal), kind: Infer }
[DEBUG] Trying to get func ty of defid DefId(0:58 ~ uncased[1f2c]::owned::{impl#10}::fmt)
[DEBUG] >> FOUND IT! It's Ty { property: FlowPair(Universal, Universal), kind: Fn([Ty { property: FlowPair(Universal, Universal), kind: Infer }, Ty { property: FlowPair(Universal, Universal), kind: Infer }], Ty { property: FlowPair(Universal, Universal), kind: Infer }) }
[DEBUG] Trying to get func ty of defid DefId(1:11142 ~ core[7d5a]::fmt::Display::fmt)
[DEBUG] >> NOT FOUND! Getting extern def
[DEBUG] Trying to get func ty of defid DefId(0:135 ~ uncased[1f2c]::owned::{impl#16}::eq)
[DEBUG] >> FOUND IT! It's Ty { property: FlowPair(Universal, Universal), kind: Fn([Ty { property: FlowPair(Universal, Universal), kind: Infer }, Ty { property: FlowPair(Universal, Universal), kind: Infer }], Ty { property: FlowPair(Universal, Universal), kind: Infer }) }
[DEBUG] Trying to get func ty of defid DefId(0:27 ~ uncased[1f2c]::owned::{impl#0}::as_uncased_str)
[DEBUG] >> FOUND IT! It's Ty { property: FlowPair(Universal, Universal), kind: Fn([Ty { property: FlowPair(Universal, Universal), kind: Infer }], Ty { property: FlowPair(Universal, Universal), kind: Infer }) }
[DEBUG] Trying to get func ty of defid DefId(0:27 ~ uncased[1f2c]::owned::{impl#0}::as_uncased_str)
[DEBUG] >> FOUND IT! It's Ty { property: FlowPair(Universal, Universal), kind: Fn([Ty { property: FlowPair(Universal, Universal), kind: Infer }], Ty { property: FlowPair(Universal, Universal), kind: Infer }) }
[DEBUG] Trying to get func ty of defid DefId(1:2966 ~ core[7d5a]::cmp::PartialEq::eq)
[DEBUG] >> NOT FOUND! Getting extern def
[DEBUG] Trying to get func ty of defid DefId(0:137 ~ uncased[1f2c]::owned::{impl#17}::eq)
[DEBUG] >> FOUND IT! It's Ty { property: FlowPair(Universal, Universal), kind: Fn([Ty { property: FlowPair(Universal, Universal), kind: Infer }, Ty { property: FlowPair(Universal, Universal), kind: Infer }], Ty { property: FlowPair(Universal, Universal), kind: Infer }) }
[DEBUG] Trying to get func ty of defid DefId(0:27 ~ uncased[1f2c]::owned::{impl#0}::as_uncased_str)
[DEBUG] >> FOUND IT! It's Ty { property: FlowPair(Universal, Universal), kind: Fn([Ty { property: FlowPair(Universal, Universal), kind: Infer }], Ty { property: FlowPair(Universal, Universal), kind: Infer }) }
[DEBUG] Trying to get func ty of defid DefId(0:115 ~ uncased[1f2c]::as_uncased::AsUncased::as_uncased)
[DEBUG] >> NOT FOUND! Getting extern def
[DEBUG] Trying to get func ty of defid DefId(1:2966 ~ core[7d5a]::cmp::PartialEq::eq)
[DEBUG] >> FOUND IT! It's Ty { property: FlowPair(Universal, Universal), kind: Fn([Ty { property: FlowPair(Universal, Universal), kind: Infer }, Ty { property: FlowPair(Universal, Universal), kind: Infer }], Ty { property: FlowPair(Universal, Universal), kind: Infer }) }
[DEBUG] Trying to get func ty of defid DefId(0:139 ~ uncased[1f2c]::owned::{impl#18}::eq)
[DEBUG] >> FOUND IT! It's Ty { property: FlowPair(Universal, Universal), kind: Fn([Ty { property: FlowPair(Universal, Universal), kind: Infer }, Ty { property: FlowPair(Universal, Universal), kind: Infer }], Ty { property: FlowPair(Universal, Universal), kind: Infer }) }
[DEBUG] Trying to get func ty of defid DefId(0:115 ~ uncased[1f2c]::as_uncased::AsUncased::as_uncased)
[DEBUG] >> FOUND IT! It's Ty { property: FlowPair(Universal, Universal), kind: Fn([Ty { property: FlowPair(Universal, Universal), kind: Infer }], Ty { property: FlowPair(Universal, Universal), kind: Infer }) }
[DEBUG] Trying to get func ty of defid DefId(0:27 ~ uncased[1f2c]::owned::{impl#0}::as_uncased_str)
[DEBUG] >> FOUND IT! It's Ty { property: FlowPair(Universal, Universal), kind: Fn([Ty { property: FlowPair(Universal, Universal), kind: Infer }], Ty { property: FlowPair(Universal, Universal), kind: Infer }) }
[DEBUG] Trying to get func ty of defid DefId(1:2966 ~ core[7d5a]::cmp::PartialEq::eq)
[DEBUG] >> FOUND IT! It's Ty { property: FlowPair(Universal, Universal), kind: Fn([Ty { property: FlowPair(Universal, Universal), kind: Infer }, Ty { property: FlowPair(Universal, Universal), kind: Infer }], Ty { property: FlowPair(Universal, Universal), kind: Infer }) }
[DEBUG] Trying to get func ty of defid DefId(0:141 ~ uncased[1f2c]::owned::{impl#19}::eq)
[DEBUG] >> FOUND IT! It's Ty { property: FlowPair(Universal, Universal), kind: Fn([Ty { property: FlowPair(Universal, Universal), kind: Infer }, Ty { property: FlowPair(Universal, Universal), kind: Infer }], Ty { property: FlowPair(Universal, Universal), kind: Infer }) }
[DEBUG] Trying to get func ty of defid DefId(0:27 ~ uncased[1f2c]::owned::{impl#0}::as_uncased_str)
[DEBUG] >> FOUND IT! It's Ty { property: FlowPair(Universal, Universal), kind: Fn([Ty { property: FlowPair(Universal, Universal), kind: Infer }], Ty { property: FlowPair(Universal, Universal), kind: Infer }) }
[DEBUG] Trying to get func ty of defid DefId(0:115 ~ uncased[1f2c]::as_uncased::AsUncased::as_uncased)
[DEBUG] >> FOUND IT! It's Ty { property: FlowPair(Universal, Universal), kind: Fn([Ty { property: FlowPair(Universal, Universal), kind: Infer }], Ty { property: FlowPair(Universal, Universal), kind: Infer }) }
[DEBUG] Trying to get func ty of defid DefId(1:2966 ~ core[7d5a]::cmp::PartialEq::eq)
[DEBUG] >> FOUND IT! It's Ty { property: FlowPair(Universal, Universal), kind: Fn([Ty { property: FlowPair(Universal, Universal), kind: Infer }, Ty { property: FlowPair(Universal, Universal), kind: Infer }], Ty { property: FlowPair(Universal, Universal), kind: Infer }) }
[DEBUG] Trying to get func ty of defid DefId(0:143 ~ uncased[1f2c]::owned::{impl#20}::eq)
[DEBUG] >> FOUND IT! It's Ty { property: FlowPair(Universal, Universal), kind: Fn([Ty { property: FlowPair(Universal, Universal), kind: Infer }, Ty { property: FlowPair(Universal, Universal), kind: Infer }], Ty { property: FlowPair(Universal, Universal), kind: Infer }) }
[DEBUG] Trying to get func ty of defid DefId(0:115 ~ uncased[1f2c]::as_uncased::AsUncased::as_uncased)
[DEBUG] >> FOUND IT! It's Ty { property: FlowPair(Universal, Universal), kind: Fn([Ty { property: FlowPair(Universal, Universal), kind: Infer }], Ty { property: FlowPair(Universal, Universal), kind: Infer }) }
[DEBUG] Trying to get func ty of defid DefId(0:27 ~ uncased[1f2c]::owned::{impl#0}::as_uncased_str)
[DEBUG] >> FOUND IT! It's Ty { property: FlowPair(Universal, Universal), kind: Fn([Ty { property: FlowPair(Universal, Universal), kind: Infer }], Ty { property: FlowPair(Universal, Universal), kind: Infer }) }
[DEBUG] Trying to get func ty of defid DefId(1:2966 ~ core[7d5a]::cmp::PartialEq::eq)
[DEBUG] >> FOUND IT! It's Ty { property: FlowPair(Universal, Universal), kind: Fn([Ty { property: FlowPair(Universal, Universal), kind: Infer }, Ty { property: FlowPair(Universal, Universal), kind: Infer }], Ty { property: FlowPair(Universal, Universal), kind: Infer }) }
[DEBUG] Trying to get func ty of defid DefId(0:145 ~ uncased[1f2c]::owned::{impl#21}::eq)
[DEBUG] >> FOUND IT! It's Ty { property: FlowPair(Universal, Universal), kind: Fn([Ty { property: FlowPair(Universal, Universal), kind: Infer }, Ty { property: FlowPair(Universal, Universal), kind: Infer }], Ty { property: FlowPair(Universal, Universal), kind: Infer }) }
[DEBUG] Trying to get func ty of defid DefId(0:27 ~ uncased[1f2c]::owned::{impl#0}::as_uncased_str)
[DEBUG] >> FOUND IT! It's Ty { property: FlowPair(Universal, Universal), kind: Fn([Ty { property: FlowPair(Universal, Universal), kind: Infer }], Ty { property: FlowPair(Universal, Universal), kind: Infer }) }
[DEBUG] Trying to get func ty of defid DefId(0:115 ~ uncased[1f2c]::as_uncased::AsUncased::as_uncased)
[DEBUG] >> FOUND IT! It's Ty { property: FlowPair(Universal, Universal), kind: Fn([Ty { property: FlowPair(Universal, Universal), kind: Infer }], Ty { property: FlowPair(Universal, Universal), kind: Infer }) }
[DEBUG] Trying to get func ty of defid DefId(1:2966 ~ core[7d5a]::cmp::PartialEq::eq)
[DEBUG] >> FOUND IT! It's Ty { property: FlowPair(Universal, Universal), kind: Fn([Ty { property: FlowPair(Universal, Universal), kind: Infer }, Ty { property: FlowPair(Universal, Universal), kind: Infer }], Ty { property: FlowPair(Universal, Universal), kind: Infer }) }
[DEBUG] Trying to get func ty of defid DefId(0:147 ~ uncased[1f2c]::owned::{impl#22}::eq)
[DEBUG] >> FOUND IT! It's Ty { property: FlowPair(Universal, Universal), kind: Fn([Ty { property: FlowPair(Universal, Universal), kind: Infer }, Ty { property: FlowPair(Universal, Universal), kind: Infer }], Ty { property: FlowPair(Universal, Universal), kind: Infer }) }
[DEBUG] Trying to get func ty of defid DefId(0:115 ~ uncased[1f2c]::as_uncased::AsUncased::as_uncased)
[DEBUG] >> FOUND IT! It's Ty { property: FlowPair(Universal, Universal), kind: Fn([Ty { property: FlowPair(Universal, Universal), kind: Infer }], Ty { property: FlowPair(Universal, Universal), kind: Infer }) }
[DEBUG] Trying to get func ty of defid DefId(0:27 ~ uncased[1f2c]::owned::{impl#0}::as_uncased_str)
[DEBUG] >> FOUND IT! It's Ty { property: FlowPair(Universal, Universal), kind: Fn([Ty { property: FlowPair(Universal, Universal), kind: Infer }], Ty { property: FlowPair(Universal, Universal), kind: Infer }) }
[DEBUG] Trying to get func ty of defid DefId(1:2966 ~ core[7d5a]::cmp::PartialEq::eq)
[DEBUG] >> FOUND IT! It's Ty { property: FlowPair(Universal, Universal), kind: Fn([Ty { property: FlowPair(Universal, Universal), kind: Infer }, Ty { property: FlowPair(Universal, Universal), kind: Infer }], Ty { property: FlowPair(Universal, Universal), kind: Infer }) }
[DEBUG] Trying to get func ty of defid DefId(0:149 ~ uncased[1f2c]::owned::{impl#23}::eq)
[DEBUG] >> FOUND IT! It's Ty { property: FlowPair(Universal, Universal), kind: Fn([Ty { property: FlowPair(Universal, Universal), kind: Infer }, Ty { property: FlowPair(Universal, Universal), kind: Infer }], Ty { property: FlowPair(Universal, Universal), kind: Infer }) }
[DEBUG] Trying to get func ty of defid DefId(0:27 ~ uncased[1f2c]::owned::{impl#0}::as_uncased_str)
[DEBUG] >> FOUND IT! It's Ty { property: FlowPair(Universal, Universal), kind: Fn([Ty { property: FlowPair(Universal, Universal), kind: Infer }], Ty { property: FlowPair(Universal, Universal), kind: Infer }) }
[DEBUG] Trying to get func ty of defid DefId(0:115 ~ uncased[1f2c]::as_uncased::AsUncased::as_uncased)
[DEBUG] >> FOUND IT! It's Ty { property: FlowPair(Universal, Universal), kind: Fn([Ty { property: FlowPair(Universal, Universal), kind: Infer }], Ty { property: FlowPair(Universal, Universal), kind: Infer }) }
[DEBUG] Trying to get func ty of defid DefId(1:2966 ~ core[7d5a]::cmp::PartialEq::eq)
[DEBUG] >> FOUND IT! It's Ty { property: FlowPair(Universal, Universal), kind: Fn([Ty { property: FlowPair(Universal, Universal), kind: Infer }, Ty { property: FlowPair(Universal, Universal), kind: Infer }], Ty { property: FlowPair(Universal, Universal), kind: Infer }) }
[DEBUG] Trying to get func ty of defid DefId(0:151 ~ uncased[1f2c]::owned::{impl#24}::eq)
[DEBUG] >> FOUND IT! It's Ty { property: FlowPair(Universal, Universal), kind: Fn([Ty { property: FlowPair(Universal, Universal), kind: Infer }, Ty { property: FlowPair(Universal, Universal), kind: Infer }], Ty { property: FlowPair(Universal, Universal), kind: Infer }) }
[DEBUG] Trying to get func ty of defid DefId(0:115 ~ uncased[1f2c]::as_uncased::AsUncased::as_uncased)
[DEBUG] >> FOUND IT! It's Ty { property: FlowPair(Universal, Universal), kind: Fn([Ty { property: FlowPair(Universal, Universal), kind: Infer }], Ty { property: FlowPair(Universal, Universal), kind: Infer }) }
[DEBUG] Trying to get func ty of defid DefId(0:27 ~ uncased[1f2c]::owned::{impl#0}::as_uncased_str)
[DEBUG] >> FOUND IT! It's Ty { property: FlowPair(Universal, Universal), kind: Fn([Ty { property: FlowPair(Universal, Universal), kind: Infer }], Ty { property: FlowPair(Universal, Universal), kind: Infer }) }
[DEBUG] Trying to get func ty of defid DefId(1:2966 ~ core[7d5a]::cmp::PartialEq::eq)
[DEBUG] >> FOUND IT! It's Ty { property: FlowPair(Universal, Universal), kind: Fn([Ty { property: FlowPair(Universal, Universal), kind: Infer }, Ty { property: FlowPair(Universal, Universal), kind: Infer }], Ty { property: FlowPair(Universal, Universal), kind: Infer }) }
[DEBUG] Trying to get func ty of defid DefId(0:153 ~ uncased[1f2c]::owned::{impl#25}::eq)
[DEBUG] >> FOUND IT! It's Ty { property: FlowPair(Universal, Universal), kind: Fn([Ty { property: FlowPair(Universal, Universal), kind: Infer }, Ty { property: FlowPair(Universal, Universal), kind: Infer }], Ty { property: FlowPair(Universal, Universal), kind: Infer }) }
[DEBUG] Trying to get func ty of defid DefId(0:27 ~ uncased[1f2c]::owned::{impl#0}::as_uncased_str)
[DEBUG] >> FOUND IT! It's Ty { property: FlowPair(Universal, Universal), kind: Fn([Ty { property: FlowPair(Universal, Universal), kind: Infer }], Ty { property: FlowPair(Universal, Universal), kind: Infer }) }
[DEBUG] Trying to get func ty of defid DefId(1:2966 ~ core[7d5a]::cmp::PartialEq::eq)
[DEBUG] >> FOUND IT! It's Ty { property: FlowPair(Universal, Universal), kind: Fn([Ty { property: FlowPair(Universal, Universal), kind: Infer }, Ty { property: FlowPair(Universal, Universal), kind: Infer }], Ty { property: FlowPair(Universal, Universal), kind: Infer }) }
[DEBUG] Trying to get func ty of defid DefId(0:155 ~ uncased[1f2c]::owned::{impl#26}::eq)
[DEBUG] >> FOUND IT! It's Ty { property: FlowPair(Universal, Universal), kind: Fn([Ty { property: FlowPair(Universal, Universal), kind: Infer }, Ty { property: FlowPair(Universal, Universal), kind: Infer }], Ty { property: FlowPair(Universal, Universal), kind: Infer }) }
[DEBUG] Trying to get func ty of defid DefId(0:27 ~ uncased[1f2c]::owned::{impl#0}::as_uncased_str)
[DEBUG] >> FOUND IT! It's Ty { property: FlowPair(Universal, Universal), kind: Fn([Ty { property: FlowPair(Universal, Universal), kind: Infer }], Ty { property: FlowPair(Universal, Universal), kind: Infer }) }
[DEBUG] Trying to get func ty of defid DefId(1:2966 ~ core[7d5a]::cmp::PartialEq::eq)
[DEBUG] >> FOUND IT! It's Ty { property: FlowPair(Universal, Universal), kind: Fn([Ty { property: FlowPair(Universal, Universal), kind: Infer }, Ty { property: FlowPair(Universal, Universal), kind: Infer }], Ty { property: FlowPair(Universal, Universal), kind: Infer }) }
[DEBUG] Trying to get func ty of defid DefId(0:157 ~ uncased[1f2c]::owned::{impl#27}::eq)
[DEBUG] >> FOUND IT! It's Ty { property: FlowPair(Universal, Universal), kind: Fn([Ty { property: FlowPair(Universal, Universal), kind: Infer }, Ty { property: FlowPair(Universal, Universal), kind: Infer }], Ty { property: FlowPair(Universal, Universal), kind: Infer }) }
[DEBUG] Trying to get func ty of defid DefId(0:27 ~ uncased[1f2c]::owned::{impl#0}::as_uncased_str)
[DEBUG] >> FOUND IT! It's Ty { property: FlowPair(Universal, Universal), kind: Fn([Ty { property: FlowPair(Universal, Universal), kind: Infer }], Ty { property: FlowPair(Universal, Universal), kind: Infer }) }
[DEBUG] Trying to get func ty of defid DefId(1:2966 ~ core[7d5a]::cmp::PartialEq::eq)
[DEBUG] >> FOUND IT! It's Ty { property: FlowPair(Universal, Universal), kind: Fn([Ty { property: FlowPair(Universal, Universal), kind: Infer }, Ty { property: FlowPair(Universal, Universal), kind: Infer }], Ty { property: FlowPair(Universal, Universal), kind: Infer }) }
[DEBUG] Trying to get func ty of defid DefId(0:159 ~ uncased[1f2c]::owned::{impl#28}::eq)
[DEBUG] >> FOUND IT! It's Ty { property: FlowPair(Universal, Universal), kind: Fn([Ty { property: FlowPair(Universal, Universal), kind: Infer }, Ty { property: FlowPair(Universal, Universal), kind: Infer }], Ty { property: FlowPair(Universal, Universal), kind: Infer }) }
[DEBUG] Trying to get func ty of defid DefId(0:27 ~ uncased[1f2c]::owned::{impl#0}::as_uncased_str)
[DEBUG] >> FOUND IT! It's Ty { property: FlowPair(Universal, Universal), kind: Fn([Ty { property: FlowPair(Universal, Universal), kind: Infer }], Ty { property: FlowPair(Universal, Universal), kind: Infer }) }
[DEBUG] Trying to get func ty of defid DefId(1:2966 ~ core[7d5a]::cmp::PartialEq::eq)
[DEBUG] >> FOUND IT! It's Ty { property: FlowPair(Universal, Universal), kind: Fn([Ty { property: FlowPair(Universal, Universal), kind: Infer }, Ty { property: FlowPair(Universal, Universal), kind: Infer }], Ty { property: FlowPair(Universal, Universal), kind: Infer }) }
[DEBUG] Trying to get func ty of defid DefId(0:161 ~ uncased[1f2c]::owned::{impl#29}::eq)
[DEBUG] >> FOUND IT! It's Ty { property: FlowPair(Universal, Universal), kind: Fn([Ty { property: FlowPair(Universal, Universal), kind: Infer }, Ty { property: FlowPair(Universal, Universal), kind: Infer }], Ty { property: FlowPair(Universal, Universal), kind: Infer }) }
[DEBUG] Trying to get func ty of defid DefId(0:27 ~ uncased[1f2c]::owned::{impl#0}::as_uncased_str)
[DEBUG] >> FOUND IT! It's Ty { property: FlowPair(Universal, Universal), kind: Fn([Ty { property: FlowPair(Universal, Universal), kind: Infer }], Ty { property: FlowPair(Universal, Universal), kind: Infer }) }
[DEBUG] Trying to get func ty of defid DefId(1:2966 ~ core[7d5a]::cmp::PartialEq::eq)
[DEBUG] >> FOUND IT! It's Ty { property: FlowPair(Universal, Universal), kind: Fn([Ty { property: FlowPair(Universal, Universal), kind: Infer }, Ty { property: FlowPair(Universal, Universal), kind: Infer }], Ty { property: FlowPair(Universal, Universal), kind: Infer }) }
[DEBUG] Trying to get func ty of defid DefId(0:163 ~ uncased[1f2c]::owned::{impl#30}::eq)
[DEBUG] >> FOUND IT! It's Ty { property: FlowPair(Universal, Universal), kind: Fn([Ty { property: FlowPair(Universal, Universal), kind: Infer }, Ty { property: FlowPair(Universal, Universal), kind: Infer }], Ty { property: FlowPair(Universal, Universal), kind: Infer }) }
[DEBUG] Trying to get func ty of defid DefId(0:27 ~ uncased[1f2c]::owned::{impl#0}::as_uncased_str)
[DEBUG] >> FOUND IT! It's Ty { property: FlowPair(Universal, Universal), kind: Fn([Ty { property: FlowPair(Universal, Universal), kind: Infer }], Ty { property: FlowPair(Universal, Universal), kind: Infer }) }
[DEBUG] Trying to get func ty of defid DefId(1:2966 ~ core[7d5a]::cmp::PartialEq::eq)
[DEBUG] >> FOUND IT! It's Ty { property: FlowPair(Universal, Universal), kind: Fn([Ty { property: FlowPair(Universal, Universal), kind: Infer }, Ty { property: FlowPair(Universal, Universal), kind: Infer }], Ty { property: FlowPair(Universal, Universal), kind: Infer }) }
[DEBUG] Trying to get func ty of defid DefId(0:62 ~ uncased[1f2c]::owned::{impl#11}::cmp)
[DEBUG] >> FOUND IT! It's Ty { property: FlowPair(Universal, Universal), kind: Fn([Ty { property: FlowPair(Universal, Universal), kind: Infer }, Ty { property: FlowPair(Universal, Universal), kind: Infer }], Ty { property: FlowPair(Universal, Universal), kind: Infer }) }
[DEBUG] Trying to get func ty of defid DefId(1:3001 ~ core[7d5a]::cmp::Ord::cmp)
[DEBUG] >> NOT FOUND! Getting extern def
[DEBUG] Trying to get func ty of defid DefId(0:27 ~ uncased[1f2c]::owned::{impl#0}::as_uncased_str)
[DEBUG] >> FOUND IT! It's Ty { property: FlowPair(Universal, Universal), kind: Fn([Ty { property: FlowPair(Universal, Universal), kind: Infer }], Ty { property: FlowPair(Universal, Universal), kind: Infer }) }
[DEBUG] Trying to get func ty of defid DefId(0:27 ~ uncased[1f2c]::owned::{impl#0}::as_uncased_str)
[DEBUG] >> FOUND IT! It's Ty { property: FlowPair(Universal, Universal), kind: Fn([Ty { property: FlowPair(Universal, Universal), kind: Infer }], Ty { property: FlowPair(Universal, Universal), kind: Infer }) }
[DEBUG] Trying to get func ty of defid DefId(0:165 ~ uncased[1f2c]::owned::{impl#31}::partial_cmp)
[DEBUG] >> FOUND IT! It's Ty { property: FlowPair(Universal, Universal), kind: Fn([Ty { property: FlowPair(Universal, Universal), kind: Infer }, Ty { property: FlowPair(Universal, Universal), kind: Infer }], Ty { property: FlowPair(Universal, Universal), kind: Infer }) }
[DEBUG] Trying to get func ty of defid DefId(0:27 ~ uncased[1f2c]::owned::{impl#0}::as_uncased_str)
[DEBUG] >> FOUND IT! It's Ty { property: FlowPair(Universal, Universal), kind: Fn([Ty { property: FlowPair(Universal, Universal), kind: Infer }], Ty { property: FlowPair(Universal, Universal), kind: Infer }) }
[DEBUG] Trying to get func ty of defid DefId(0:27 ~ uncased[1f2c]::owned::{impl#0}::as_uncased_str)
[DEBUG] >> FOUND IT! It's Ty { property: FlowPair(Universal, Universal), kind: Fn([Ty { property: FlowPair(Universal, Universal), kind: Infer }], Ty { property: FlowPair(Universal, Universal), kind: Infer }) }
[DEBUG] Trying to get func ty of defid DefId(1:3008 ~ core[7d5a]::cmp::PartialOrd::partial_cmp)
[DEBUG] >> NOT FOUND! Getting extern def
[DEBUG] Trying to get func ty of defid DefId(0:167 ~ uncased[1f2c]::owned::{impl#32}::partial_cmp)
[DEBUG] >> FOUND IT! It's Ty { property: FlowPair(Universal, Universal), kind: Fn([Ty { property: FlowPair(Universal, Universal), kind: Infer }, Ty { property: FlowPair(Universal, Universal), kind: Infer }], Ty { property: FlowPair(Universal, Universal), kind: Infer }) }
[DEBUG] Trying to get func ty of defid DefId(0:27 ~ uncased[1f2c]::owned::{impl#0}::as_uncased_str)
[DEBUG] >> FOUND IT! It's Ty { property: FlowPair(Universal, Universal), kind: Fn([Ty { property: FlowPair(Universal, Universal), kind: Infer }], Ty { property: FlowPair(Universal, Universal), kind: Infer }) }
[DEBUG] Trying to get func ty of defid DefId(0:115 ~ uncased[1f2c]::as_uncased::AsUncased::as_uncased)
[DEBUG] >> FOUND IT! It's Ty { property: FlowPair(Universal, Universal), kind: Fn([Ty { property: FlowPair(Universal, Universal), kind: Infer }], Ty { property: FlowPair(Universal, Universal), kind: Infer }) }
[DEBUG] Trying to get func ty of defid DefId(1:3008 ~ core[7d5a]::cmp::PartialOrd::partial_cmp)
[DEBUG] >> FOUND IT! It's Ty { property: FlowPair(Universal, Universal), kind: Fn([Ty { property: FlowPair(Universal, Universal), kind: Infer }, Ty { property: FlowPair(Universal, Universal), kind: Infer }], Ty { property: FlowPair(Universal, Universal), kind: Infer }) }
[DEBUG] Trying to get func ty of defid DefId(0:169 ~ uncased[1f2c]::owned::{impl#33}::partial_cmp)
[DEBUG] >> FOUND IT! It's Ty { property: FlowPair(Universal, Universal), kind: Fn([Ty { property: FlowPair(Universal, Universal), kind: Infer }, Ty { property: FlowPair(Universal, Universal), kind: Infer }], Ty { property: FlowPair(Universal, Universal), kind: Infer }) }
[DEBUG] Trying to get func ty of defid DefId(0:115 ~ uncased[1f2c]::as_uncased::AsUncased::as_uncased)
[DEBUG] >> FOUND IT! It's Ty { property: FlowPair(Universal, Universal), kind: Fn([Ty { property: FlowPair(Universal, Universal), kind: Infer }], Ty { property: FlowPair(Universal, Universal), kind: Infer }) }
[DEBUG] Trying to get func ty of defid DefId(0:27 ~ uncased[1f2c]::owned::{impl#0}::as_uncased_str)
[DEBUG] >> FOUND IT! It's Ty { property: FlowPair(Universal, Universal), kind: Fn([Ty { property: FlowPair(Universal, Universal), kind: Infer }], Ty { property: FlowPair(Universal, Universal), kind: Infer }) }
[DEBUG] Trying to get func ty of defid DefId(1:3008 ~ core[7d5a]::cmp::PartialOrd::partial_cmp)
[DEBUG] >> FOUND IT! It's Ty { property: FlowPair(Universal, Universal), kind: Fn([Ty { property: FlowPair(Universal, Universal), kind: Infer }, Ty { property: FlowPair(Universal, Universal), kind: Infer }], Ty { property: FlowPair(Universal, Universal), kind: Infer }) }
[DEBUG] Trying to get func ty of defid DefId(0:171 ~ uncased[1f2c]::owned::{impl#34}::partial_cmp)
[DEBUG] >> FOUND IT! It's Ty { property: FlowPair(Universal, Universal), kind: Fn([Ty { property: FlowPair(Universal, Universal), kind: Infer }, Ty { property: FlowPair(Universal, Universal), kind: Infer }], Ty { property: FlowPair(Universal, Universal), kind: Infer }) }
[DEBUG] Trying to get func ty of defid DefId(0:27 ~ uncased[1f2c]::owned::{impl#0}::as_uncased_str)
[DEBUG] >> FOUND IT! It's Ty { property: FlowPair(Universal, Universal), kind: Fn([Ty { property: FlowPair(Universal, Universal), kind: Infer }], Ty { property: FlowPair(Universal, Universal), kind: Infer }) }
[DEBUG] Trying to get func ty of defid DefId(0:115 ~ uncased[1f2c]::as_uncased::AsUncased::as_uncased)
[DEBUG] >> FOUND IT! It's Ty { property: FlowPair(Universal, Universal), kind: Fn([Ty { property: FlowPair(Universal, Universal), kind: Infer }], Ty { property: FlowPair(Universal, Universal), kind: Infer }) }
[DEBUG] Trying to get func ty of defid DefId(1:3008 ~ core[7d5a]::cmp::PartialOrd::partial_cmp)
[DEBUG] >> FOUND IT! It's Ty { property: FlowPair(Universal, Universal), kind: Fn([Ty { property: FlowPair(Universal, Universal), kind: Infer }, Ty { property: FlowPair(Universal, Universal), kind: Infer }], Ty { property: FlowPair(Universal, Universal), kind: Infer }) }
[DEBUG] Trying to get func ty of defid DefId(0:173 ~ uncased[1f2c]::owned::{impl#35}::partial_cmp)
[DEBUG] >> FOUND IT! It's Ty { property: FlowPair(Universal, Universal), kind: Fn([Ty { property: FlowPair(Universal, Universal), kind: Infer }, Ty { property: FlowPair(Universal, Universal), kind: Infer }], Ty { property: FlowPair(Universal, Universal), kind: Infer }) }
[DEBUG] Trying to get func ty of defid DefId(0:115 ~ uncased[1f2c]::as_uncased::AsUncased::as_uncased)
[DEBUG] >> FOUND IT! It's Ty { property: FlowPair(Universal, Universal), kind: Fn([Ty { property: FlowPair(Universal, Universal), kind: Infer }], Ty { property: FlowPair(Universal, Universal), kind: Infer }) }
[DEBUG] Trying to get func ty of defid DefId(0:27 ~ uncased[1f2c]::owned::{impl#0}::as_uncased_str)
[DEBUG] >> FOUND IT! It's Ty { property: FlowPair(Universal, Universal), kind: Fn([Ty { property: FlowPair(Universal, Universal), kind: Infer }], Ty { property: FlowPair(Universal, Universal), kind: Infer }) }
[DEBUG] Trying to get func ty of defid DefId(1:3008 ~ core[7d5a]::cmp::PartialOrd::partial_cmp)
[DEBUG] >> FOUND IT! It's Ty { property: FlowPair(Universal, Universal), kind: Fn([Ty { property: FlowPair(Universal, Universal), kind: Infer }, Ty { property: FlowPair(Universal, Universal), kind: Infer }], Ty { property: FlowPair(Universal, Universal), kind: Infer }) }
[DEBUG] Trying to get func ty of defid DefId(0:175 ~ uncased[1f2c]::owned::{impl#36}::partial_cmp)
[DEBUG] >> FOUND IT! It's Ty { property: FlowPair(Universal, Universal), kind: Fn([Ty { property: FlowPair(Universal, Universal), kind: Infer }, Ty { property: FlowPair(Universal, Universal), kind: Infer }], Ty { property: FlowPair(Universal, Universal), kind: Infer }) }
[DEBUG] Trying to get func ty of defid DefId(0:27 ~ uncased[1f2c]::owned::{impl#0}::as_uncased_str)
[DEBUG] >> FOUND IT! It's Ty { property: FlowPair(Universal, Universal), kind: Fn([Ty { property: FlowPair(Universal, Universal), kind: Infer }], Ty { property: FlowPair(Universal, Universal), kind: Infer }) }
[DEBUG] Trying to get func ty of defid DefId(0:115 ~ uncased[1f2c]::as_uncased::AsUncased::as_uncased)
[DEBUG] >> FOUND IT! It's Ty { property: FlowPair(Universal, Universal), kind: Fn([Ty { property: FlowPair(Universal, Universal), kind: Infer }], Ty { property: FlowPair(Universal, Universal), kind: Infer }) }
[DEBUG] Trying to get func ty of defid DefId(1:3008 ~ core[7d5a]::cmp::PartialOrd::partial_cmp)
[DEBUG] >> FOUND IT! It's Ty { property: FlowPair(Universal, Universal), kind: Fn([Ty { property: FlowPair(Universal, Universal), kind: Infer }, Ty { property: FlowPair(Universal, Universal), kind: Infer }], Ty { property: FlowPair(Universal, Universal), kind: Infer }) }
[DEBUG] Trying to get func ty of defid DefId(0:177 ~ uncased[1f2c]::owned::{impl#37}::partial_cmp)
[DEBUG] >> FOUND IT! It's Ty { property: FlowPair(Universal, Universal), kind: Fn([Ty { property: FlowPair(Universal, Universal), kind: Infer }, Ty { property: FlowPair(Universal, Universal), kind: Infer }], Ty { property: FlowPair(Universal, Universal), kind: Infer }) }
[DEBUG] Trying to get func ty of defid DefId(0:115 ~ uncased[1f2c]::as_uncased::AsUncased::as_uncased)
[DEBUG] >> FOUND IT! It's Ty { property: FlowPair(Universal, Universal), kind: Fn([Ty { property: FlowPair(Universal, Universal), kind: Infer }], Ty { property: FlowPair(Universal, Universal), kind: Infer }) }
[DEBUG] Trying to get func ty of defid DefId(0:27 ~ uncased[1f2c]::owned::{impl#0}::as_uncased_str)
[DEBUG] >> FOUND IT! It's Ty { property: FlowPair(Universal, Universal), kind: Fn([Ty { property: FlowPair(Universal, Universal), kind: Infer }], Ty { property: FlowPair(Universal, Universal), kind: Infer }) }
[DEBUG] Trying to get func ty of defid DefId(1:3008 ~ core[7d5a]::cmp::PartialOrd::partial_cmp)
[DEBUG] >> FOUND IT! It's Ty { property: FlowPair(Universal, Universal), kind: Fn([Ty { property: FlowPair(Universal, Universal), kind: Infer }, Ty { property: FlowPair(Universal, Universal), kind: Infer }], Ty { property: FlowPair(Universal, Universal), kind: Infer }) }
[DEBUG] Trying to get func ty of defid DefId(0:179 ~ uncased[1f2c]::owned::{impl#38}::partial_cmp)
[DEBUG] >> FOUND IT! It's Ty { property: FlowPair(Universal, Universal), kind: Fn([Ty { property: FlowPair(Universal, Universal), kind: Infer }, Ty { property: FlowPair(Universal, Universal), kind: Infer }], Ty { property: FlowPair(Universal, Universal), kind: Infer }) }
[DEBUG] Trying to get func ty of defid DefId(0:27 ~ uncased[1f2c]::owned::{impl#0}::as_uncased_str)
[DEBUG] >> FOUND IT! It's Ty { property: FlowPair(Universal, Universal), kind: Fn([Ty { property: FlowPair(Universal, Universal), kind: Infer }], Ty { property: FlowPair(Universal, Universal), kind: Infer }) }
[DEBUG] Trying to get func ty of defid DefId(1:3008 ~ core[7d5a]::cmp::PartialOrd::partial_cmp)
[DEBUG] >> FOUND IT! It's Ty { property: FlowPair(Universal, Universal), kind: Fn([Ty { property: FlowPair(Universal, Universal), kind: Infer }, Ty { property: FlowPair(Universal, Universal), kind: Infer }], Ty { property: FlowPair(Universal, Universal), kind: Infer }) }
[DEBUG] Trying to get func ty of defid DefId(0:181 ~ uncased[1f2c]::owned::{impl#39}::partial_cmp)
[DEBUG] >> FOUND IT! It's Ty { property: FlowPair(Universal, Universal), kind: Fn([Ty { property: FlowPair(Universal, Universal), kind: Infer }, Ty { property: FlowPair(Universal, Universal), kind: Infer }], Ty { property: FlowPair(Universal, Universal), kind: Infer }) }
[DEBUG] Trying to get func ty of defid DefId(0:27 ~ uncased[1f2c]::owned::{impl#0}::as_uncased_str)
[DEBUG] >> FOUND IT! It's Ty { property: FlowPair(Universal, Universal), kind: Fn([Ty { property: FlowPair(Universal, Universal), kind: Infer }], Ty { property: FlowPair(Universal, Universal), kind: Infer }) }
[DEBUG] Trying to get func ty of defid DefId(1:3008 ~ core[7d5a]::cmp::PartialOrd::partial_cmp)
[DEBUG] >> FOUND IT! It's Ty { property: FlowPair(Universal, Universal), kind: Fn([Ty { property: FlowPair(Universal, Universal), kind: Infer }, Ty { property: FlowPair(Universal, Universal), kind: Infer }], Ty { property: FlowPair(Universal, Universal), kind: Infer }) }
[DEBUG] Trying to get func ty of defid DefId(0:183 ~ uncased[1f2c]::owned::{impl#40}::partial_cmp)
[DEBUG] >> FOUND IT! It's Ty { property: FlowPair(Universal, Universal), kind: Fn([Ty { property: FlowPair(Universal, Universal), kind: Infer }, Ty { property: FlowPair(Universal, Universal), kind: Infer }], Ty { property: FlowPair(Universal, Universal), kind: Infer }) }
[DEBUG] Trying to get func ty of defid DefId(0:27 ~ uncased[1f2c]::owned::{impl#0}::as_uncased_str)
[DEBUG] >> FOUND IT! It's Ty { property: FlowPair(Universal, Universal), kind: Fn([Ty { property: FlowPair(Universal, Universal), kind: Infer }], Ty { property: FlowPair(Universal, Universal), kind: Infer }) }
[DEBUG] Trying to get func ty of defid DefId(1:3008 ~ core[7d5a]::cmp::PartialOrd::partial_cmp)
[DEBUG] >> FOUND IT! It's Ty { property: FlowPair(Universal, Universal), kind: Fn([Ty { property: FlowPair(Universal, Universal), kind: Infer }, Ty { property: FlowPair(Universal, Universal), kind: Infer }], Ty { property: FlowPair(Universal, Universal), kind: Infer }) }
[DEBUG] Trying to get func ty of defid DefId(0:185 ~ uncased[1f2c]::owned::{impl#41}::partial_cmp)
[DEBUG] >> FOUND IT! It's Ty { property: FlowPair(Universal, Universal), kind: Fn([Ty { property: FlowPair(Universal, Universal), kind: Infer }, Ty { property: FlowPair(Universal, Universal), kind: Infer }], Ty { property: FlowPair(Universal, Universal), kind: Infer }) }
[DEBUG] Trying to get func ty of defid DefId(0:27 ~ uncased[1f2c]::owned::{impl#0}::as_uncased_str)
[DEBUG] >> FOUND IT! It's Ty { property: FlowPair(Universal, Universal), kind: Fn([Ty { property: FlowPair(Universal, Universal), kind: Infer }], Ty { property: FlowPair(Universal, Universal), kind: Infer }) }
[DEBUG] Trying to get func ty of defid DefId(1:3008 ~ core[7d5a]::cmp::PartialOrd::partial_cmp)
[DEBUG] >> FOUND IT! It's Ty { property: FlowPair(Universal, Universal), kind: Fn([Ty { property: FlowPair(Universal, Universal), kind: Infer }, Ty { property: FlowPair(Universal, Universal), kind: Infer }], Ty { property: FlowPair(Universal, Universal), kind: Infer }) }
[DEBUG] Trying to get func ty of defid DefId(0:187 ~ uncased[1f2c]::owned::{impl#42}::partial_cmp)
[DEBUG] >> FOUND IT! It's Ty { property: FlowPair(Universal, Universal), kind: Fn([Ty { property: FlowPair(Universal, Universal), kind: Infer }, Ty { property: FlowPair(Universal, Universal), kind: Infer }], Ty { property: FlowPair(Universal, Universal), kind: Infer }) }
[DEBUG] Trying to get func ty of defid DefId(0:27 ~ uncased[1f2c]::owned::{impl#0}::as_uncased_str)
[DEBUG] >> FOUND IT! It's Ty { property: FlowPair(Universal, Universal), kind: Fn([Ty { property: FlowPair(Universal, Universal), kind: Infer }], Ty { property: FlowPair(Universal, Universal), kind: Infer }) }
[DEBUG] Trying to get func ty of defid DefId(1:3008 ~ core[7d5a]::cmp::PartialOrd::partial_cmp)
[DEBUG] >> FOUND IT! It's Ty { property: FlowPair(Universal, Universal), kind: Fn([Ty { property: FlowPair(Universal, Universal), kind: Infer }, Ty { property: FlowPair(Universal, Universal), kind: Infer }], Ty { property: FlowPair(Universal, Universal), kind: Infer }) }
[DEBUG] Trying to get func ty of defid DefId(0:189 ~ uncased[1f2c]::owned::{impl#43}::partial_cmp)
[DEBUG] >> FOUND IT! It's Ty { property: FlowPair(Universal, Universal), kind: Fn([Ty { property: FlowPair(Universal, Universal), kind: Infer }, Ty { property: FlowPair(Universal, Universal), kind: Infer }], Ty { property: FlowPair(Universal, Universal), kind: Infer }) }
[DEBUG] Trying to get func ty of defid DefId(0:27 ~ uncased[1f2c]::owned::{impl#0}::as_uncased_str)
[DEBUG] >> FOUND IT! It's Ty { property: FlowPair(Universal, Universal), kind: Fn([Ty { property: FlowPair(Universal, Universal), kind: Infer }], Ty { property: FlowPair(Universal, Universal), kind: Infer }) }
[DEBUG] Trying to get func ty of defid DefId(1:3008 ~ core[7d5a]::cmp::PartialOrd::partial_cmp)
[DEBUG] >> FOUND IT! It's Ty { property: FlowPair(Universal, Universal), kind: Fn([Ty { property: FlowPair(Universal, Universal), kind: Infer }, Ty { property: FlowPair(Universal, Universal), kind: Infer }], Ty { property: FlowPair(Universal, Universal), kind: Infer }) }
[DEBUG] Trying to get func ty of defid DefId(0:65 ~ uncased[1f2c]::owned::{impl#13}::hash)
[DEBUG] >> FOUND IT! It's Ty { property: FlowPair(Universal, Universal), kind: Fn([Ty { property: FlowPair(Universal, Universal), kind: Infer }, Ty { property: FlowPair(Universal, Universal), kind: Infer }], Ty { property: FlowPair(Universal, Universal), kind: Infer }) }
[DEBUG] Trying to get func ty of defid DefId(1:11357 ~ core[7d5a]::hash::Hash::hash)
[DEBUG] >> NOT FOUND! Getting extern def
[DEBUG] Trying to get func ty of defid DefId(0:27 ~ uncased[1f2c]::owned::{impl#0}::as_uncased_str)
[DEBUG] >> FOUND IT! It's Ty { property: FlowPair(Universal, Universal), kind: Fn([Ty { property: FlowPair(Universal, Universal), kind: Infer }], Ty { property: FlowPair(Universal, Universal), kind: Infer }) }
[DEBUG] Trying to get func ty of defid DefId(0:194 ~ uncased[1f2c]::borrowed::{impl#11}::fmt)
[DEBUG] >> FOUND IT! It's Ty { property: FlowPair(Universal, Universal), kind: Fn([Ty { property: FlowPair(Universal, Universal), kind: Infer }, Ty { property: FlowPair(Universal, Universal), kind: Infer }], Ty { property: FlowPair(Universal, Universal), kind: Infer }) }
[DEBUG] Trying to get func ty of defid DefId(1:11210 ~ core[7d5a]::fmt::{impl#9}::debug_tuple_field1_finish)
[DEBUG] >> NOT FOUND! Getting extern def
[DEBUG] Done checking call expression with ret ty: Ty { property: FlowPair(Universal, Universal), kind: Infer }
[DEBUG] Trying to get func ty of defid DefId(0:77 ~ uncased[1f2c]::borrowed::{impl#0}::new)
[DEBUG] >> FOUND IT! It's Ty { property: FlowPair(Universal, Universal), kind: Fn([Ty { property: FlowPair(Universal, Universal), kind: Infer }], Ty { property: FlowPair(Universal, Universal), kind: Infer }) }
[DEBUG] Trying to get func ty of defid DefId(1:1721 ~ core[7d5a]::intrinsics::{extern#1}::transmute)
[DEBUG] >> NOT FOUND! Getting extern def
[DEBUG] Done checking call expression with ret ty: Ty { property: FlowPair(Universal, Universal), kind: Infer }
[DEBUG] Trying to get func ty of defid DefId(0:78 ~ uncased[1f2c]::borrowed::{impl#0}::as_str)
[DEBUG] >> FOUND IT! It's Ty { property: FlowPair(Universal, Universal), kind: Fn([Ty { property: FlowPair(Universal, Universal), kind: Infer }], Ty { property: FlowPair(Universal, Universal), kind: Infer }) }
[DEBUG] Trying to get func ty of defid DefId(0:79 ~ uncased[1f2c]::borrowed::{impl#0}::len)
[DEBUG] >> FOUND IT! It's Ty { property: FlowPair(Universal, Universal), kind: Fn([Ty { property: FlowPair(Universal, Universal), kind: Infer }], Ty { property: FlowPair(Universal, Universal), kind: Infer }) }
[DEBUG] Trying to get func ty of defid DefId(1:14298 ~ core[7d5a]::str::{impl#0}::len)
[DEBUG] >> NOT FOUND! Getting extern def
[DEBUG] Trying to get func ty of defid DefId(0:78 ~ uncased[1f2c]::borrowed::{impl#0}::as_str)
[DEBUG] >> FOUND IT! It's Ty { property: FlowPair(Universal, Universal), kind: Fn([Ty { property: FlowPair(Universal, Universal), kind: Infer }], Ty { property: FlowPair(Universal, Universal), kind: Infer }) }
[DEBUG] Trying to get func ty of defid DefId(0:80 ~ uncased[1f2c]::borrowed::{impl#0}::is_empty)
[DEBUG] >> FOUND IT! It's Ty { property: FlowPair(Universal, Universal), kind: Fn([Ty { property: FlowPair(Universal, Universal), kind: Infer }], Ty { property: FlowPair(Universal, Universal), kind: Infer }) }
[DEBUG] Trying to get func ty of defid DefId(1:14299 ~ core[7d5a]::str::{impl#0}::is_empty)
[DEBUG] >> NOT FOUND! Getting extern def
[DEBUG] Trying to get func ty of defid DefId(0:78 ~ uncased[1f2c]::borrowed::{impl#0}::as_str)
[DEBUG] >> FOUND IT! It's Ty { property: FlowPair(Universal, Universal), kind: Fn([Ty { property: FlowPair(Universal, Universal), kind: Infer }], Ty { property: FlowPair(Universal, Universal), kind: Infer }) }
[DEBUG] Trying to get func ty of defid DefId(0:81 ~ uncased[1f2c]::borrowed::{impl#0}::starts_with)
[DEBUG] >> FOUND IT! It's Ty { property: FlowPair(Universal, Universal), kind: Fn([Ty { property: FlowPair(Universal, Universal), kind: Infer }, Ty { property: FlowPair(Universal, Universal), kind: Infer }], Ty { property: FlowPair(Universal, Universal), kind: Infer }) }
[DEBUG] Trying to get func ty of defid DefId(1:9671 ~ core[7d5a]::option::{impl#0}::unwrap_or)
[DEBUG] >> NOT FOUND! Getting extern def
[DEBUG] Trying to get func ty of defid DefId(1:9676 ~ core[7d5a]::option::{impl#0}::map)
[DEBUG] >> NOT FOUND! Getting extern def
[DEBUG] Trying to get func ty of defid DefId(1:14310 ~ core[7d5a]::str::{impl#0}::get)
[DEBUG] >> NOT FOUND! Getting extern def
[DEBUG] Trying to get func ty of defid DefId(0:78 ~ uncased[1f2c]::borrowed::{impl#0}::as_str)
[DEBUG] >> FOUND IT! It's Ty { property: FlowPair(Universal, Universal), kind: Fn([Ty { property: FlowPair(Universal, Universal), kind: Infer }], Ty { property: FlowPair(Universal, Universal), kind: Infer }) }
[DEBUG] lang item being silently ignored, 
[DEBUG] Trying to get func ty of defid DefId(1:14298 ~ core[7d5a]::str::{impl#0}::len)
[DEBUG] >> FOUND IT! It's Ty { property: FlowPair(Universal, Universal), kind: Fn([Ty { property: FlowPair(Universal, Universal), kind: Infer }], Ty { property: FlowPair(Universal, Universal), kind: Infer }) }
[DEBUG] Checking binary expression with...
[DEBUG] > LHS: Expr { hir_id: HirId(DefId(0:81 ~ uncased[1f2c]::borrowed::{impl#0}::starts_with).25), kind: Call(Expr { hir_id: HirId(DefId(0:81 ~ uncased[1f2c]::borrowed::{impl#0}::starts_with).26), kind: Path(TypeRelative(Ty { hir_id: HirId(DefId(0:81 ~ uncased[1f2c]::borrowed::{impl#0}::starts_with).28), kind: Path(Resolved(None, Path { span: /Users/georgeberdovskiy/.cargo/registry/src/index.crates.io-6f17d22bba15001f/uncased-0.9.10/src/borrowed.rs:141:22: 141:26 (#0), res: SelfTyAlias { alias_to: DefId(0:76 ~ uncased[1f2c]::borrowed::{impl#0}), forbid_generic: false, is_trait_impl: false }, segments: [PathSegment { ident: Self#0, hir_id: HirId(DefId(0:81 ~ uncased[1f2c]::borrowed::{impl#0}::starts_with).27), res: SelfTyAlias { alias_to: DefId(0:76 ~ uncased[1f2c]::borrowed::{impl#0}), forbid_generic: false, is_trait_impl: false }, args: None, infer_args: true }] })), span: /Users/georgeberdovskiy/.cargo/registry/src/index.crates.io-6f17d22bba15001f/uncased-0.9.10/src/borrowed.rs:141:22: 141:26 (#0) }, PathSegment { ident: new#0, hir_id: HirId(DefId(0:81 ~ uncased[1f2c]::borrowed::{impl#0}::starts_with).29), res: Err, args: None, infer_args: true })), span: /Users/georgeberdovskiy/.cargo/registry/src/index.crates.io-6f17d22bba15001f/uncased-0.9.10/src/borrowed.rs:141:22: 141:31 (#0) }, [Expr { hir_id: HirId(DefId(0:81 ~ uncased[1f2c]::borrowed::{impl#0}::starts_with).30), kind: Path(Resolved(None, Path { span: /Users/georgeberdovskiy/.cargo/registry/src/index.crates.io-6f17d22bba15001f/uncased-0.9.10/src/borrowed.rs:141:32: 141:33 (#0), res: Local(HirId(DefId(0:81 ~ uncased[1f2c]::borrowed::{impl#0}::starts_with).23)), segments: [PathSegment { ident: s#0, hir_id: HirId(DefId(0:81 ~ uncased[1f2c]::borrowed::{impl#0}::starts_with).31), res: Local(HirId(DefId(0:81 ~ uncased[1f2c]::borrowed::{impl#0}::starts_with).23)), args: None, infer_args: true }] })), span: /Users/georgeberdovskiy/.cargo/registry/src/index.crates.io-6f17d22bba15001f/uncased-0.9.10/src/borrowed.rs:141:32: 141:33 (#0) }]), span: /Users/georgeberdovskiy/.cargo/registry/src/index.crates.io-6f17d22bba15001f/uncased-0.9.10/src/borrowed.rs:141:22: 141:34 (#0) }
[DEBUG] > RHS: Expr { hir_id: HirId(DefId(0:81 ~ uncased[1f2c]::borrowed::{impl#0}::starts_with).32), kind: Path(Resolved(None, Path { span: /Users/georgeberdovskiy/.cargo/registry/src/index.crates.io-6f17d22bba15001f/uncased-0.9.10/src/borrowed.rs:141:38: 141:44 (#0), res: Local(HirId(DefId(0:81 ~ uncased[1f2c]::borrowed::{impl#0}::starts_with).4)), segments: [PathSegment { ident: string#0, hir_id: HirId(DefId(0:81 ~ uncased[1f2c]::borrowed::{impl#0}::starts_with).33), res: Local(HirId(DefId(0:81 ~ uncased[1f2c]::borrowed::{impl#0}::starts_with).4)), args: None, infer_args: true }] })), span: /Users/georgeberdovskiy/.cargo/registry/src/index.crates.io-6f17d22bba15001f/uncased-0.9.10/src/borrowed.rs:141:38: 141:44 (#0) }
[DEBUG] Trying to get func ty of defid DefId(0:77 ~ uncased[1f2c]::borrowed::{impl#0}::new)
[DEBUG] >> FOUND IT! It's Ty { property: FlowPair(Universal, Universal), kind: Fn([Ty { property: FlowPair(Universal, Universal), kind: Infer }], Ty { property: FlowPair(Universal, Universal), kind: Infer }) }
[DEBUG] Done checking call expression with ret ty: Ty { property: FlowPair(Universal, Universal), kind: Infer }
[DEBUG]   > LHS Type is: Ty { property: FlowPair(Universal, Universal), kind: Infer }
[DEBUG]   > RHS Type is: Ty { property: FlowPair(Universal, Universal), kind: Infer }
[DEBUG] Trying to get func ty of defid DefId(0:83 ~ uncased[1f2c]::borrowed::{impl#0}::into_uncased)
[DEBUG] >> FOUND IT! It's Ty { property: FlowPair(Universal, Universal), kind: Fn([Ty { property: FlowPair(Universal, Universal), kind: Infer }], Ty { property: FlowPair(Universal, Universal), kind: Infer }) }
[DEBUG] Trying to get func ty of defid DefId(4:385 ~ alloc[5873]::boxed::{impl#7}::into_raw)
[DEBUG] >> FOUND IT! It's Ty { property: FlowPair(Universal, Universal), kind: Fn([Ty { property: FlowPair(Universal, Universal), kind: Infer }], Ty { property: FlowPair(Universal, Universal), kind: Infer }) }
[DEBUG] Done checking call expression with ret ty: Ty { property: FlowPair(Universal, Universal), kind: Infer }
[DEBUG] Trying to get func ty of defid DefId(1:3166 ~ core[7d5a]::convert::From::from)
[DEBUG] >> FOUND IT! It's Ty { property: FlowPair(Universal, Universal), kind: Fn([Ty { property: FlowPair(Universal, Universal), kind: Infer }], Ty { property: FlowPair(Universal, Universal), kind: Infer }) }
[DEBUG] Trying to get func ty of defid DefId(4:5916 ~ alloc[5873]::str::{impl#5}::into_string)
[DEBUG] >> NOT FOUND! Getting extern def
[DEBUG] Trying to get func ty of defid DefId(4:380 ~ alloc[5873]::boxed::{impl#6}::from_raw)
[DEBUG] >> FOUND IT! It's Ty { property: FlowPair(Universal, Universal), kind: Fn([Ty { property: FlowPair(Universal, Universal), kind: Infer }], Ty { property: FlowPair(Universal, Universal), kind: Infer }) }
[DEBUG] Done checking call expression with ret ty: Ty { property: FlowPair(Universal, Universal), kind: Infer }
[DEBUG] Done checking call expression with ret ty: Ty { property: FlowPair(Universal, Universal), kind: Infer }
[DEBUG] lang item being silently ignored, 
[DEBUG] Trying to get func ty of defid DefId(0:86 ~ uncased[1f2c]::borrowed::{impl#1}::from)
[DEBUG] >> FOUND IT! It's Ty { property: FlowPair(Universal, Universal), kind: Fn([Ty { property: FlowPair(Universal, Universal), kind: Infer }], Ty { property: FlowPair(Universal, Universal), kind: Infer }) }
[DEBUG] Trying to get func ty of defid DefId(0:77 ~ uncased[1f2c]::borrowed::{impl#0}::new)
[DEBUG] >> FOUND IT! It's Ty { property: FlowPair(Universal, Universal), kind: Fn([Ty { property: FlowPair(Universal, Universal), kind: Infer }], Ty { property: FlowPair(Universal, Universal), kind: Infer }) }
[DEBUG] Done checking call expression with ret ty: Ty { property: FlowPair(Universal, Universal), kind: Infer }
[DEBUG] Trying to get func ty of defid DefId(0:90 ~ uncased[1f2c]::borrowed::{impl#2}::index)
[DEBUG] >> FOUND IT! It's Ty { property: FlowPair(Universal, Universal), kind: Fn([Ty { property: FlowPair(Universal, Universal), kind: Infer }, Ty { property: FlowPair(Universal, Universal), kind: Infer }], Ty { property: FlowPair(Universal, Universal), kind: Infer }) }
[DEBUG] Trying to get func ty of defid DefId(1:3163 ~ core[7d5a]::convert::Into::into)
[DEBUG] >> FOUND IT! It's Ty { property: FlowPair(Universal, Universal), kind: Fn([Ty { property: FlowPair(Universal, Universal), kind: Infer }], Ty { property: FlowPair(Universal, Universal), kind: Infer }) }
[DEBUG] Trying to get func ty of defid DefId(0:78 ~ uncased[1f2c]::borrowed::{impl#0}::as_str)
[DEBUG] >> FOUND IT! It's Ty { property: FlowPair(Universal, Universal), kind: Fn([Ty { property: FlowPair(Universal, Universal), kind: Infer }], Ty { property: FlowPair(Universal, Universal), kind: Infer }) }
[DEBUG] Trying to get func ty of defid DefId(0:92 ~ uncased[1f2c]::borrowed::{impl#3}::as_ref)
[DEBUG] >> FOUND IT! It's Ty { property: FlowPair(Universal, Universal), kind: Fn([Ty { property: FlowPair(Universal, Universal), kind: Infer }], Ty { property: FlowPair(Universal, Universal), kind: Infer }) }
[DEBUG] Trying to get func ty of defid DefId(0:78 ~ uncased[1f2c]::borrowed::{impl#0}::as_str)
[DEBUG] >> FOUND IT! It's Ty { property: FlowPair(Universal, Universal), kind: Fn([Ty { property: FlowPair(Universal, Universal), kind: Infer }], Ty { property: FlowPair(Universal, Universal), kind: Infer }) }
[DEBUG] Trying to get func ty of defid DefId(0:94 ~ uncased[1f2c]::borrowed::{impl#4}::as_ref)
[DEBUG] >> FOUND IT! It's Ty { property: FlowPair(Universal, Universal), kind: Fn([Ty { property: FlowPair(Universal, Universal), kind: Infer }], Ty { property: FlowPair(Universal, Universal), kind: Infer }) }
[DEBUG] Trying to get func ty of defid DefId(1:14306 ~ core[7d5a]::str::{impl#0}::as_bytes)
[DEBUG] >> FOUND IT! It's Ty { property: FlowPair(Universal, Universal), kind: Fn([Ty { property: FlowPair(Universal, Universal), kind: Infer }], Ty { property: FlowPair(Universal, Universal), kind: Infer }) }
[DEBUG] Trying to get func ty of defid DefId(0:78 ~ uncased[1f2c]::borrowed::{impl#0}::as_str)
[DEBUG] >> FOUND IT! It's Ty { property: FlowPair(Universal, Universal), kind: Fn([Ty { property: FlowPair(Universal, Universal), kind: Infer }], Ty { property: FlowPair(Universal, Universal), kind: Infer }) }
[DEBUG] Trying to get func ty of defid DefId(0:96 ~ uncased[1f2c]::borrowed::{impl#5}::fmt)
[DEBUG] >> FOUND IT! It's Ty { property: FlowPair(Universal, Universal), kind: Fn([Ty { property: FlowPair(Universal, Universal), kind: Infer }, Ty { property: FlowPair(Universal, Universal), kind: Infer }], Ty { property: FlowPair(Universal, Universal), kind: Infer }) }
[DEBUG] Trying to get func ty of defid DefId(1:11142 ~ core[7d5a]::fmt::Display::fmt)
[DEBUG] >> FOUND IT! It's Ty { property: FlowPair(Universal, Universal), kind: Fn([Ty { property: FlowPair(Universal, Universal), kind: Infer }, Ty { property: FlowPair(Universal, Universal), kind: Infer }], Ty { property: FlowPair(Universal, Universal), kind: Infer }) }
[DEBUG] Trying to get func ty of defid DefId(0:196 ~ uncased[1f2c]::borrowed::{impl#12}::eq)
[DEBUG] >> FOUND IT! It's Ty { property: FlowPair(Universal, Universal), kind: Fn([Ty { property: FlowPair(Universal, Universal), kind: Infer }, Ty { property: FlowPair(Universal, Universal), kind: Infer }], Ty { property: FlowPair(Universal, Universal), kind: Infer }) }
[DEBUG] Trying to get func ty of defid DefId(1:14409 ~ core[7d5a]::str::{impl#0}::eq_ignore_ascii_case)
[DEBUG] >> NOT FOUND! Getting extern def
[DEBUG] Trying to get func ty of defid DefId(0:78 ~ uncased[1f2c]::borrowed::{impl#0}::as_str)
[DEBUG] >> FOUND IT! It's Ty { property: FlowPair(Universal, Universal), kind: Fn([Ty { property: FlowPair(Universal, Universal), kind: Infer }], Ty { property: FlowPair(Universal, Universal), kind: Infer }) }
[DEBUG] Trying to get func ty of defid DefId(0:78 ~ uncased[1f2c]::borrowed::{impl#0}::as_str)
[DEBUG] >> FOUND IT! It's Ty { property: FlowPair(Universal, Universal), kind: Fn([Ty { property: FlowPair(Universal, Universal), kind: Infer }], Ty { property: FlowPair(Universal, Universal), kind: Infer }) }
[DEBUG] Trying to get func ty of defid DefId(0:198 ~ uncased[1f2c]::borrowed::{impl#13}::eq)
[DEBUG] >> FOUND IT! It's Ty { property: FlowPair(Universal, Universal), kind: Fn([Ty { property: FlowPair(Universal, Universal), kind: Infer }, Ty { property: FlowPair(Universal, Universal), kind: Infer }], Ty { property: FlowPair(Universal, Universal), kind: Infer }) }
[DEBUG] Trying to get func ty of defid DefId(1:14409 ~ core[7d5a]::str::{impl#0}::eq_ignore_ascii_case)
[DEBUG] >> FOUND IT! It's Ty { property: FlowPair(Universal, Universal), kind: Fn([Ty { property: FlowPair(Universal, Universal), kind: Infer }, Ty { property: FlowPair(Universal, Universal), kind: Infer }], Ty { property: FlowPair(Universal, Universal), kind: Infer }) }
[DEBUG] Trying to get func ty of defid DefId(0:78 ~ uncased[1f2c]::borrowed::{impl#0}::as_str)
[DEBUG] >> FOUND IT! It's Ty { property: FlowPair(Universal, Universal), kind: Fn([Ty { property: FlowPair(Universal, Universal), kind: Infer }], Ty { property: FlowPair(Universal, Universal), kind: Infer }) }
[DEBUG] Trying to get func ty of defid DefId(0:200 ~ uncased[1f2c]::borrowed::{impl#14}::eq)
[DEBUG] >> FOUND IT! It's Ty { property: FlowPair(Universal, Universal), kind: Fn([Ty { property: FlowPair(Universal, Universal), kind: Infer }, Ty { property: FlowPair(Universal, Universal), kind: Infer }], Ty { property: FlowPair(Universal, Universal), kind: Infer }) }
[DEBUG] Trying to get func ty of defid DefId(1:14409 ~ core[7d5a]::str::{impl#0}::eq_ignore_ascii_case)
[DEBUG] >> FOUND IT! It's Ty { property: FlowPair(Universal, Universal), kind: Fn([Ty { property: FlowPair(Universal, Universal), kind: Infer }, Ty { property: FlowPair(Universal, Universal), kind: Infer }], Ty { property: FlowPair(Universal, Universal), kind: Infer }) }
[DEBUG] Trying to get func ty of defid DefId(0:78 ~ uncased[1f2c]::borrowed::{impl#0}::as_str)
[DEBUG] >> FOUND IT! It's Ty { property: FlowPair(Universal, Universal), kind: Fn([Ty { property: FlowPair(Universal, Universal), kind: Infer }], Ty { property: FlowPair(Universal, Universal), kind: Infer }) }
[DEBUG] Trying to get func ty of defid DefId(0:202 ~ uncased[1f2c]::borrowed::{impl#15}::eq)
[DEBUG] >> FOUND IT! It's Ty { property: FlowPair(Universal, Universal), kind: Fn([Ty { property: FlowPair(Universal, Universal), kind: Infer }, Ty { property: FlowPair(Universal, Universal), kind: Infer }], Ty { property: FlowPair(Universal, Universal), kind: Infer }) }
[DEBUG] Trying to get func ty of defid DefId(1:14409 ~ core[7d5a]::str::{impl#0}::eq_ignore_ascii_case)
[DEBUG] >> FOUND IT! It's Ty { property: FlowPair(Universal, Universal), kind: Fn([Ty { property: FlowPair(Universal, Universal), kind: Infer }, Ty { property: FlowPair(Universal, Universal), kind: Infer }], Ty { property: FlowPair(Universal, Universal), kind: Infer }) }
[DEBUG] Trying to get func ty of defid DefId(0:78 ~ uncased[1f2c]::borrowed::{impl#0}::as_str)
[DEBUG] >> FOUND IT! It's Ty { property: FlowPair(Universal, Universal), kind: Fn([Ty { property: FlowPair(Universal, Universal), kind: Infer }], Ty { property: FlowPair(Universal, Universal), kind: Infer }) }
[DEBUG] Trying to get func ty of defid DefId(0:204 ~ uncased[1f2c]::borrowed::{impl#16}::eq)
[DEBUG] >> FOUND IT! It's Ty { property: FlowPair(Universal, Universal), kind: Fn([Ty { property: FlowPair(Universal, Universal), kind: Infer }, Ty { property: FlowPair(Universal, Universal), kind: Infer }], Ty { property: FlowPair(Universal, Universal), kind: Infer }) }
[DEBUG] Trying to get func ty of defid DefId(1:14409 ~ core[7d5a]::str::{impl#0}::eq_ignore_ascii_case)
[DEBUG] >> FOUND IT! It's Ty { property: FlowPair(Universal, Universal), kind: Fn([Ty { property: FlowPair(Universal, Universal), kind: Infer }, Ty { property: FlowPair(Universal, Universal), kind: Infer }], Ty { property: FlowPair(Universal, Universal), kind: Infer }) }
[DEBUG] Trying to get func ty of defid DefId(0:78 ~ uncased[1f2c]::borrowed::{impl#0}::as_str)
[DEBUG] >> FOUND IT! It's Ty { property: FlowPair(Universal, Universal), kind: Fn([Ty { property: FlowPair(Universal, Universal), kind: Infer }], Ty { property: FlowPair(Universal, Universal), kind: Infer }) }
[DEBUG] Trying to get func ty of defid DefId(0:206 ~ uncased[1f2c]::borrowed::{impl#17}::eq)
[DEBUG] >> FOUND IT! It's Ty { property: FlowPair(Universal, Universal), kind: Fn([Ty { property: FlowPair(Universal, Universal), kind: Infer }, Ty { property: FlowPair(Universal, Universal), kind: Infer }], Ty { property: FlowPair(Universal, Universal), kind: Infer }) }
[DEBUG] Trying to get func ty of defid DefId(1:14409 ~ core[7d5a]::str::{impl#0}::eq_ignore_ascii_case)
[DEBUG] >> FOUND IT! It's Ty { property: FlowPair(Universal, Universal), kind: Fn([Ty { property: FlowPair(Universal, Universal), kind: Infer }, Ty { property: FlowPair(Universal, Universal), kind: Infer }], Ty { property: FlowPair(Universal, Universal), kind: Infer }) }
[DEBUG] Trying to get func ty of defid DefId(0:78 ~ uncased[1f2c]::borrowed::{impl#0}::as_str)
[DEBUG] >> FOUND IT! It's Ty { property: FlowPair(Universal, Universal), kind: Fn([Ty { property: FlowPair(Universal, Universal), kind: Infer }], Ty { property: FlowPair(Universal, Universal), kind: Infer }) }
[DEBUG] Trying to get func ty of defid DefId(0:208 ~ uncased[1f2c]::borrowed::{impl#18}::eq)
[DEBUG] >> FOUND IT! It's Ty { property: FlowPair(Universal, Universal), kind: Fn([Ty { property: FlowPair(Universal, Universal), kind: Infer }, Ty { property: FlowPair(Universal, Universal), kind: Infer }], Ty { property: FlowPair(Universal, Universal), kind: Infer }) }
[DEBUG] Trying to get func ty of defid DefId(1:14409 ~ core[7d5a]::str::{impl#0}::eq_ignore_ascii_case)
[DEBUG] >> FOUND IT! It's Ty { property: FlowPair(Universal, Universal), kind: Fn([Ty { property: FlowPair(Universal, Universal), kind: Infer }, Ty { property: FlowPair(Universal, Universal), kind: Infer }], Ty { property: FlowPair(Universal, Universal), kind: Infer }) }
[DEBUG] Trying to get func ty of defid DefId(0:78 ~ uncased[1f2c]::borrowed::{impl#0}::as_str)
[DEBUG] >> FOUND IT! It's Ty { property: FlowPair(Universal, Universal), kind: Fn([Ty { property: FlowPair(Universal, Universal), kind: Infer }], Ty { property: FlowPair(Universal, Universal), kind: Infer }) }
[DEBUG] Trying to get func ty of defid DefId(0:210 ~ uncased[1f2c]::borrowed::{impl#19}::eq)
[DEBUG] >> FOUND IT! It's Ty { property: FlowPair(Universal, Universal), kind: Fn([Ty { property: FlowPair(Universal, Universal), kind: Infer }, Ty { property: FlowPair(Universal, Universal), kind: Infer }], Ty { property: FlowPair(Universal, Universal), kind: Infer }) }
[DEBUG] Trying to get func ty of defid DefId(1:14409 ~ core[7d5a]::str::{impl#0}::eq_ignore_ascii_case)
[DEBUG] >> FOUND IT! It's Ty { property: FlowPair(Universal, Universal), kind: Fn([Ty { property: FlowPair(Universal, Universal), kind: Infer }, Ty { property: FlowPair(Universal, Universal), kind: Infer }], Ty { property: FlowPair(Universal, Universal), kind: Infer }) }
[DEBUG] Trying to get func ty of defid DefId(0:78 ~ uncased[1f2c]::borrowed::{impl#0}::as_str)
[DEBUG] >> FOUND IT! It's Ty { property: FlowPair(Universal, Universal), kind: Fn([Ty { property: FlowPair(Universal, Universal), kind: Infer }], Ty { property: FlowPair(Universal, Universal), kind: Infer }) }
[DEBUG] Trying to get func ty of defid DefId(4:5988 ~ alloc[5873]::string::{impl#0}::as_str)
[DEBUG] >> NOT FOUND! Getting extern def
[DEBUG] Trying to get func ty of defid DefId(0:212 ~ uncased[1f2c]::borrowed::{impl#20}::eq)
[DEBUG] >> FOUND IT! It's Ty { property: FlowPair(Universal, Universal), kind: Fn([Ty { property: FlowPair(Universal, Universal), kind: Infer }, Ty { property: FlowPair(Universal, Universal), kind: Infer }], Ty { property: FlowPair(Universal, Universal), kind: Infer }) }
[DEBUG] Trying to get func ty of defid DefId(1:14409 ~ core[7d5a]::str::{impl#0}::eq_ignore_ascii_case)
[DEBUG] >> FOUND IT! It's Ty { property: FlowPair(Universal, Universal), kind: Fn([Ty { property: FlowPair(Universal, Universal), kind: Infer }, Ty { property: FlowPair(Universal, Universal), kind: Infer }], Ty { property: FlowPair(Universal, Universal), kind: Infer }) }
[DEBUG] Trying to get func ty of defid DefId(4:5988 ~ alloc[5873]::string::{impl#0}::as_str)
[DEBUG] >> FOUND IT! It's Ty { property: FlowPair(Universal, Universal), kind: Fn([Ty { property: FlowPair(Universal, Universal), kind: Infer }], Ty { property: FlowPair(Universal, Universal), kind: Infer }) }
[DEBUG] Trying to get func ty of defid DefId(0:78 ~ uncased[1f2c]::borrowed::{impl#0}::as_str)
[DEBUG] >> FOUND IT! It's Ty { property: FlowPair(Universal, Universal), kind: Fn([Ty { property: FlowPair(Universal, Universal), kind: Infer }], Ty { property: FlowPair(Universal, Universal), kind: Infer }) }
[DEBUG] Trying to get func ty of defid DefId(0:101 ~ uncased[1f2c]::borrowed::{impl#7}::partial_cmp)
[DEBUG] >> FOUND IT! It's Ty { property: FlowPair(Universal, Universal), kind: Fn([Ty { property: FlowPair(Universal, Universal), kind: Infer }, Ty { property: FlowPair(Universal, Universal), kind: Infer }], Ty { property: FlowPair(Universal, Universal), kind: Infer }) }
[DEBUG] Trying to get func ty of defid DefId(1:3001 ~ core[7d5a]::cmp::Ord::cmp)
[DEBUG] >> FOUND IT! It's Ty { property: FlowPair(Universal, Universal), kind: Fn([Ty { property: FlowPair(Universal, Universal), kind: Infer }, Ty { property: FlowPair(Universal, Universal), kind: Infer }], Ty { property: FlowPair(Universal, Universal), kind: Infer }) }
[DEBUG] Trying to get func ty of defid DefId(0:103 ~ uncased[1f2c]::borrowed::{impl#8}::cmp)
[DEBUG] >> FOUND IT! It's Ty { property: FlowPair(Universal, Universal), kind: Fn([Ty { property: FlowPair(Universal, Universal), kind: Infer }, Ty { property: FlowPair(Universal, Universal), kind: Infer }], Ty { property: FlowPair(Universal, Universal), kind: Infer }) }
[DEBUG] Trying to get func ty of defid DefId(1:8910 ~ core[7d5a]::iter::traits::iterator::Iterator::map)
[DEBUG] >> NOT FOUND! Getting extern def
[DEBUG] Trying to get func ty of defid DefId(1:14325 ~ core[7d5a]::str::{impl#0}::chars)
[DEBUG] >> NOT FOUND! Getting extern def
[DEBUG] Trying to get func ty of defid DefId(1:5321 ~ core[7d5a]::char::methods::{impl#0}::to_ascii_lowercase)
[DEBUG] >> NOT FOUND! Getting extern def
[DEBUG] Trying to get func ty of defid DefId(1:8910 ~ core[7d5a]::iter::traits::iterator::Iterator::map)
[DEBUG] >> FOUND IT! It's Ty { property: FlowPair(Universal, Universal), kind: Fn([Ty { property: FlowPair(Universal, Universal), kind: Infer }, Ty { property: FlowPair(Universal, Universal), kind: Infer }], Ty { property: FlowPair(Universal, Universal), kind: Infer }) }
[DEBUG] Trying to get func ty of defid DefId(1:14325 ~ core[7d5a]::str::{impl#0}::chars)
[DEBUG] >> FOUND IT! It's Ty { property: FlowPair(Universal, Universal), kind: Fn([Ty { property: FlowPair(Universal, Universal), kind: Infer }], Ty { property: FlowPair(Universal, Universal), kind: Infer }) }
[DEBUG] Trying to get func ty of defid DefId(1:5321 ~ core[7d5a]::char::methods::{impl#0}::to_ascii_lowercase)
[DEBUG] >> FOUND IT! It's Ty { property: FlowPair(Universal, Universal), kind: Fn([Ty { property: FlowPair(Universal, Universal), kind: Infer }], Ty { property: FlowPair(Universal, Universal), kind: Infer }) }
[DEBUG] Trying to get func ty of defid DefId(1:9122 ~ core[7d5a]::iter::traits::iterator::Iterator::cmp)
[DEBUG] >> NOT FOUND! Getting extern def
[DEBUG] Trying to get func ty of defid DefId(0:214 ~ uncased[1f2c]::borrowed::{impl#21}::partial_cmp)
[DEBUG] >> FOUND IT! It's Ty { property: FlowPair(Universal, Universal), kind: Fn([Ty { property: FlowPair(Universal, Universal), kind: Infer }, Ty { property: FlowPair(Universal, Universal), kind: Infer }], Ty { property: FlowPair(Universal, Universal), kind: Infer }) }
[DEBUG] Trying to get func ty of defid DefId(1:3163 ~ core[7d5a]::convert::Into::into)
[DEBUG] >> FOUND IT! It's Ty { property: FlowPair(Universal, Universal), kind: Fn([Ty { property: FlowPair(Universal, Universal), kind: Infer }], Ty { property: FlowPair(Universal, Universal), kind: Infer }) }
[DEBUG] Trying to get func ty of defid DefId(1:3163 ~ core[7d5a]::convert::Into::into)
[DEBUG] >> FOUND IT! It's Ty { property: FlowPair(Universal, Universal), kind: Fn([Ty { property: FlowPair(Universal, Universal), kind: Infer }], Ty { property: FlowPair(Universal, Universal), kind: Infer }) }
[DEBUG] Trying to get func ty of defid DefId(1:3008 ~ core[7d5a]::cmp::PartialOrd::partial_cmp)
[DEBUG] >> FOUND IT! It's Ty { property: FlowPair(Universal, Universal), kind: Fn([Ty { property: FlowPair(Universal, Universal), kind: Infer }, Ty { property: FlowPair(Universal, Universal), kind: Infer }], Ty { property: FlowPair(Universal, Universal), kind: Infer }) }
[DEBUG] Trying to get func ty of defid DefId(0:216 ~ uncased[1f2c]::borrowed::{impl#22}::partial_cmp)
[DEBUG] >> FOUND IT! It's Ty { property: FlowPair(Universal, Universal), kind: Fn([Ty { property: FlowPair(Universal, Universal), kind: Infer }, Ty { property: FlowPair(Universal, Universal), kind: Infer }], Ty { property: FlowPair(Universal, Universal), kind: Infer }) }
[DEBUG] Trying to get func ty of defid DefId(1:3163 ~ core[7d5a]::convert::Into::into)
[DEBUG] >> FOUND IT! It's Ty { property: FlowPair(Universal, Universal), kind: Fn([Ty { property: FlowPair(Universal, Universal), kind: Infer }], Ty { property: FlowPair(Universal, Universal), kind: Infer }) }
[DEBUG] Trying to get func ty of defid DefId(1:3163 ~ core[7d5a]::convert::Into::into)
[DEBUG] >> FOUND IT! It's Ty { property: FlowPair(Universal, Universal), kind: Fn([Ty { property: FlowPair(Universal, Universal), kind: Infer }], Ty { property: FlowPair(Universal, Universal), kind: Infer }) }
[DEBUG] Trying to get func ty of defid DefId(1:3008 ~ core[7d5a]::cmp::PartialOrd::partial_cmp)
[DEBUG] >> FOUND IT! It's Ty { property: FlowPair(Universal, Universal), kind: Fn([Ty { property: FlowPair(Universal, Universal), kind: Infer }, Ty { property: FlowPair(Universal, Universal), kind: Infer }], Ty { property: FlowPair(Universal, Universal), kind: Infer }) }
[DEBUG] Trying to get func ty of defid DefId(0:218 ~ uncased[1f2c]::borrowed::{impl#23}::partial_cmp)
[DEBUG] >> FOUND IT! It's Ty { property: FlowPair(Universal, Universal), kind: Fn([Ty { property: FlowPair(Universal, Universal), kind: Infer }, Ty { property: FlowPair(Universal, Universal), kind: Infer }], Ty { property: FlowPair(Universal, Universal), kind: Infer }) }
[DEBUG] Trying to get func ty of defid DefId(1:3163 ~ core[7d5a]::convert::Into::into)
[DEBUG] >> FOUND IT! It's Ty { property: FlowPair(Universal, Universal), kind: Fn([Ty { property: FlowPair(Universal, Universal), kind: Infer }], Ty { property: FlowPair(Universal, Universal), kind: Infer }) }
[DEBUG] Trying to get func ty of defid DefId(1:3163 ~ core[7d5a]::convert::Into::into)
[DEBUG] >> FOUND IT! It's Ty { property: FlowPair(Universal, Universal), kind: Fn([Ty { property: FlowPair(Universal, Universal), kind: Infer }], Ty { property: FlowPair(Universal, Universal), kind: Infer }) }
[DEBUG] Trying to get func ty of defid DefId(4:5988 ~ alloc[5873]::string::{impl#0}::as_str)
[DEBUG] >> FOUND IT! It's Ty { property: FlowPair(Universal, Universal), kind: Fn([Ty { property: FlowPair(Universal, Universal), kind: Infer }], Ty { property: FlowPair(Universal, Universal), kind: Infer }) }
[DEBUG] Trying to get func ty of defid DefId(1:3008 ~ core[7d5a]::cmp::PartialOrd::partial_cmp)
[DEBUG] >> FOUND IT! It's Ty { property: FlowPair(Universal, Universal), kind: Fn([Ty { property: FlowPair(Universal, Universal), kind: Infer }, Ty { property: FlowPair(Universal, Universal), kind: Infer }], Ty { property: FlowPair(Universal, Universal), kind: Infer }) }
[DEBUG] Trying to get func ty of defid DefId(0:220 ~ uncased[1f2c]::borrowed::{impl#24}::partial_cmp)
[DEBUG] >> FOUND IT! It's Ty { property: FlowPair(Universal, Universal), kind: Fn([Ty { property: FlowPair(Universal, Universal), kind: Infer }, Ty { property: FlowPair(Universal, Universal), kind: Infer }], Ty { property: FlowPair(Universal, Universal), kind: Infer }) }
[DEBUG] Trying to get func ty of defid DefId(1:3163 ~ core[7d5a]::convert::Into::into)
[DEBUG] >> FOUND IT! It's Ty { property: FlowPair(Universal, Universal), kind: Fn([Ty { property: FlowPair(Universal, Universal), kind: Infer }], Ty { property: FlowPair(Universal, Universal), kind: Infer }) }
[DEBUG] Trying to get func ty of defid DefId(4:5988 ~ alloc[5873]::string::{impl#0}::as_str)
[DEBUG] >> FOUND IT! It's Ty { property: FlowPair(Universal, Universal), kind: Fn([Ty { property: FlowPair(Universal, Universal), kind: Infer }], Ty { property: FlowPair(Universal, Universal), kind: Infer }) }
[DEBUG] Trying to get func ty of defid DefId(1:3163 ~ core[7d5a]::convert::Into::into)
[DEBUG] >> FOUND IT! It's Ty { property: FlowPair(Universal, Universal), kind: Fn([Ty { property: FlowPair(Universal, Universal), kind: Infer }], Ty { property: FlowPair(Universal, Universal), kind: Infer }) }
[DEBUG] Trying to get func ty of defid DefId(1:3008 ~ core[7d5a]::cmp::PartialOrd::partial_cmp)
[DEBUG] >> FOUND IT! It's Ty { property: FlowPair(Universal, Universal), kind: Fn([Ty { property: FlowPair(Universal, Universal), kind: Infer }, Ty { property: FlowPair(Universal, Universal), kind: Infer }], Ty { property: FlowPair(Universal, Universal), kind: Infer }) }
[DEBUG] Trying to get func ty of defid DefId(0:107 ~ uncased[1f2c]::borrowed::{impl#9}::hash)
[DEBUG] >> FOUND IT! It's Ty { property: FlowPair(Universal, Universal), kind: Fn([Ty { property: FlowPair(Universal, Universal), kind: Infer }, Ty { property: FlowPair(Universal, Universal), kind: Infer }], Ty { property: FlowPair(Universal, Universal), kind: Infer }) }
[DEBUG] Trying to get func ty of defid DefId(1:8913 ~ core[7d5a]::iter::traits::iterator::Iterator::for_each)
[DEBUG] >> NOT FOUND! Getting extern def
[DEBUG] Trying to get func ty of defid DefId(1:14327 ~ core[7d5a]::str::{impl#0}::bytes)
[DEBUG] >> NOT FOUND! Getting extern def
[DEBUG] Trying to get func ty of defid DefId(1:11367 ~ core[7d5a]::hash::Hasher::write_u8)
[DEBUG] >> NOT FOUND! Getting extern def
[DEBUG] Trying to get func ty of defid DefId(1:1139 ~ core[7d5a]::num::{impl#6}::to_ascii_lowercase)
[DEBUG] >> NOT FOUND! Getting extern def
[DEBUG] Trying to get func ty of defid DefId(0:111 ~ uncased[1f2c]::borrowed::{impl#10}::from)
[DEBUG] >> FOUND IT! It's Ty { property: FlowPair(Universal, Universal), kind: Fn([Ty { property: FlowPair(Universal, Universal), kind: Infer }], Ty { property: FlowPair(Universal, Universal), kind: Infer }) }
[DEBUG] Trying to get func ty of defid DefId(1:3166 ~ core[7d5a]::convert::From::from)
[DEBUG] >> FOUND IT! It's Ty { property: FlowPair(Universal, Universal), kind: Fn([Ty { property: FlowPair(Universal, Universal), kind: Infer }], Ty { property: FlowPair(Universal, Universal), kind: Infer }) }
[DEBUG] Done checking call expression with ret ty: Ty { property: FlowPair(Universal, Universal), kind: Infer }
[DEBUG] Trying to get func ty of defid DefId(4:6437 ~ alloc[5873]::sync::{impl#21}::into_raw)
[DEBUG] >> NOT FOUND! Getting extern def
[DEBUG] Done checking call expression with ret ty: Ty { property: FlowPair(Universal, Universal), kind: Infer }
[DEBUG] Trying to get func ty of defid DefId(4:6430 ~ alloc[5873]::sync::{impl#20}::from_raw)
[DEBUG] >> NOT FOUND! Getting extern def
[DEBUG] Done checking call expression with ret ty: Ty { property: FlowPair(Universal, Universal), kind: Infer }
[DEBUG] Trying to get func ty of defid DefId(0:118 ~ uncased[1f2c]::as_uncased::{impl#0}::as_uncased)
[DEBUG] >> FOUND IT! It's Ty { property: FlowPair(Universal, Universal), kind: Fn([Ty { property: FlowPair(Universal, Universal), kind: Infer }], Ty { property: FlowPair(Universal, Universal), kind: Infer }) }
[DEBUG] Trying to get func ty of defid DefId(0:77 ~ uncased[1f2c]::borrowed::{impl#0}::new)
[DEBUG] >> FOUND IT! It's Ty { property: FlowPair(Universal, Universal), kind: Fn([Ty { property: FlowPair(Universal, Universal), kind: Infer }], Ty { property: FlowPair(Universal, Universal), kind: Infer }) }
[DEBUG] Trying to get func ty of defid DefId(1:3157 ~ core[7d5a]::convert::AsRef::as_ref)
[DEBUG] >> FOUND IT! It's Ty { property: FlowPair(Universal, Universal), kind: Fn([Ty { property: FlowPair(Universal, Universal), kind: Infer }], Ty { property: FlowPair(Universal, Universal), kind: Infer }) }
[DEBUG] Done checking call expression with ret ty: Ty { property: FlowPair(Universal, Universal), kind: Infer }
[DEBUG] Trying to get func ty of defid DefId(0:122 ~ uncased[1f2c]::eq)
[DEBUG] >> FOUND IT! It's Ty { property: FlowPair(Universal, Universal), kind: Fn([Ty { property: FlowPair(Universal, Universal), kind: Infer }, Ty { property: FlowPair(Universal, Universal), kind: Infer }], Ty { property: FlowPair(Universal, Universal), kind: Infer }) }
[DEBUG] Checking binary expression with...
[DEBUG] > LHS: Expr { hir_id: HirId(DefId(0:122 ~ uncased[1f2c]::eq).6), kind: Call(Expr { hir_id: HirId(DefId(0:122 ~ uncased[1f2c]::eq).7), kind: Path(TypeRelative(Ty { hir_id: HirId(DefId(0:122 ~ uncased[1f2c]::eq).9), kind: Path(Resolved(None, Path { span: /Users/georgeberdovskiy/.cargo/registry/src/index.crates.io-6f17d22bba15001f/uncased-0.9.10/src/lib.rs:83:5: 83:15 (#0), res: Def(Struct, DefId(0:190 ~ uncased[1f2c]::borrowed::UncasedStr)), segments: [PathSegment { ident: UncasedStr#0, hir_id: HirId(DefId(0:122 ~ uncased[1f2c]::eq).8), res: Def(Struct, DefId(0:190 ~ uncased[1f2c]::borrowed::UncasedStr)), args: None, infer_args: true }] })), span: /Users/georgeberdovskiy/.cargo/registry/src/index.crates.io-6f17d22bba15001f/uncased-0.9.10/src/lib.rs:83:5: 83:15 (#0) }, PathSegment { ident: new#0, hir_id: HirId(DefId(0:122 ~ uncased[1f2c]::eq).10), res: Err, args: None, infer_args: true })), span: /Users/georgeberdovskiy/.cargo/registry/src/index.crates.io-6f17d22bba15001f/uncased-0.9.10/src/lib.rs:83:5: 83:20 (#0) }, [Expr { hir_id: HirId(DefId(0:122 ~ uncased[1f2c]::eq).11), kind: MethodCall(PathSegment { ident: as_ref#0, hir_id: HirId(DefId(0:122 ~ uncased[1f2c]::eq).12), res: Err, args: None, infer_args: true }, Expr { hir_id: HirId(DefId(0:122 ~ uncased[1f2c]::eq).13), kind: Path(Resolved(None, Path { span: /Users/georgeberdovskiy/.cargo/registry/src/index.crates.io-6f17d22bba15001f/uncased-0.9.10/src/lib.rs:83:21: 83:23 (#0), res: Local(HirId(DefId(0:122 ~ uncased[1f2c]::eq).2)), segments: [PathSegment { ident: s1#0, hir_id: HirId(DefId(0:122 ~ uncased[1f2c]::eq).14), res: Local(HirId(DefId(0:122 ~ uncased[1f2c]::eq).2)), args: None, infer_args: true }] })), span: /Users/georgeberdovskiy/.cargo/registry/src/index.crates.io-6f17d22bba15001f/uncased-0.9.10/src/lib.rs:83:21: 83:23 (#0) }, [], /Users/georgeberdovskiy/.cargo/registry/src/index.crates.io-6f17d22bba15001f/uncased-0.9.10/src/lib.rs:83:24: 83:32 (#0)), span: /Users/georgeberdovskiy/.cargo/registry/src/index.crates.io-6f17d22bba15001f/uncased-0.9.10/src/lib.rs:83:21: 83:32 (#0) }]), span: /Users/georgeberdovskiy/.cargo/registry/src/index.crates.io-6f17d22bba15001f/uncased-0.9.10/src/lib.rs:83:5: 83:33 (#0) }
[DEBUG] > RHS: Expr { hir_id: HirId(DefId(0:122 ~ uncased[1f2c]::eq).15), kind: Call(Expr { hir_id: HirId(DefId(0:122 ~ uncased[1f2c]::eq).16), kind: Path(TypeRelative(Ty { hir_id: HirId(DefId(0:122 ~ uncased[1f2c]::eq).18), kind: Path(Resolved(None, Path { span: /Users/georgeberdovskiy/.cargo/registry/src/index.crates.io-6f17d22bba15001f/uncased-0.9.10/src/lib.rs:83:37: 83:47 (#0), res: Def(Struct, DefId(0:190 ~ uncased[1f2c]::borrowed::UncasedStr)), segments: [PathSegment { ident: UncasedStr#0, hir_id: HirId(DefId(0:122 ~ uncased[1f2c]::eq).17), res: Def(Struct, DefId(0:190 ~ uncased[1f2c]::borrowed::UncasedStr)), args: None, infer_args: true }] })), span: /Users/georgeberdovskiy/.cargo/registry/src/index.crates.io-6f17d22bba15001f/uncased-0.9.10/src/lib.rs:83:37: 83:47 (#0) }, PathSegment { ident: new#0, hir_id: HirId(DefId(0:122 ~ uncased[1f2c]::eq).19), res: Err, args: None, infer_args: true })), span: /Users/georgeberdovskiy/.cargo/registry/src/index.crates.io-6f17d22bba15001f/uncased-0.9.10/src/lib.rs:83:37: 83:52 (#0) }, [Expr { hir_id: HirId(DefId(0:122 ~ uncased[1f2c]::eq).20), kind: MethodCall(PathSegment { ident: as_ref#0, hir_id: HirId(DefId(0:122 ~ uncased[1f2c]::eq).21), res: Err, args: None, infer_args: true }, Expr { hir_id: HirId(DefId(0:122 ~ uncased[1f2c]::eq).22), kind: Path(Resolved(None, Path { span: /Users/georgeberdovskiy/.cargo/registry/src/index.crates.io-6f17d22bba15001f/uncased-0.9.10/src/lib.rs:83:53: 83:55 (#0), res: Local(HirId(DefId(0:122 ~ uncased[1f2c]::eq).4)), segments: [PathSegment { ident: s2#0, hir_id: HirId(DefId(0:122 ~ uncased[1f2c]::eq).23), res: Local(HirId(DefId(0:122 ~ uncased[1f2c]::eq).4)), args: None, infer_args: true }] })), span: /Users/georgeberdovskiy/.cargo/registry/src/index.crates.io-6f17d22bba15001f/uncased-0.9.10/src/lib.rs:83:53: 83:55 (#0) }, [], /Users/georgeberdovskiy/.cargo/registry/src/index.crates.io-6f17d22bba15001f/uncased-0.9.10/src/lib.rs:83:56: 83:64 (#0)), span: /Users/georgeberdovskiy/.cargo/registry/src/index.crates.io-6f17d22bba15001f/uncased-0.9.10/src/lib.rs:83:53: 83:64 (#0) }]), span: /Users/georgeberdovskiy/.cargo/registry/src/index.crates.io-6f17d22bba15001f/uncased-0.9.10/src/lib.rs:83:37: 83:65 (#0) }
[DEBUG] Trying to get func ty of defid DefId(0:77 ~ uncased[1f2c]::borrowed::{impl#0}::new)
[DEBUG] >> FOUND IT! It's Ty { property: FlowPair(Universal, Universal), kind: Fn([Ty { property: FlowPair(Universal, Universal), kind: Infer }], Ty { property: FlowPair(Universal, Universal), kind: Infer }) }
[DEBUG] Trying to get func ty of defid DefId(1:3157 ~ core[7d5a]::convert::AsRef::as_ref)
[DEBUG] >> FOUND IT! It's Ty { property: FlowPair(Universal, Universal), kind: Fn([Ty { property: FlowPair(Universal, Universal), kind: Infer }], Ty { property: FlowPair(Universal, Universal), kind: Infer }) }
[DEBUG] Done checking call expression with ret ty: Ty { property: FlowPair(Universal, Universal), kind: Infer }
[DEBUG] Trying to get func ty of defid DefId(0:77 ~ uncased[1f2c]::borrowed::{impl#0}::new)
[DEBUG] >> FOUND IT! It's Ty { property: FlowPair(Universal, Universal), kind: Fn([Ty { property: FlowPair(Universal, Universal), kind: Infer }], Ty { property: FlowPair(Universal, Universal), kind: Infer }) }
[DEBUG] Trying to get func ty of defid DefId(1:3157 ~ core[7d5a]::convert::AsRef::as_ref)
[DEBUG] >> FOUND IT! It's Ty { property: FlowPair(Universal, Universal), kind: Fn([Ty { property: FlowPair(Universal, Universal), kind: Infer }], Ty { property: FlowPair(Universal, Universal), kind: Infer }) }
[DEBUG] Done checking call expression with ret ty: Ty { property: FlowPair(Universal, Universal), kind: Infer }
[DEBUG]   > LHS Type is: Ty { property: FlowPair(Universal, Universal), kind: Infer }
[DEBUG]   > RHS Type is: Ty { property: FlowPair(Universal, Universal), kind: Infer }
